Log file open, 03/25/17 11:24:55
LogInit:Display: Running engine for game: MakeWarNotLove
LogPlatformFile: Not using cached read wrapper
LogInit:Display: RandInit(1512480319) SRandInit(1512480319).
LogTaskGraph: Started task graph with 5 named threads and 8 total threads with 1 sets of task threads.
LogStats: Stats thread started at 0.076010
LogInit: Using libcurl 7.47.1
LogInit:  - built for x86_64-pc-win32
LogInit:  - supports SSL with OpenSSL/1.0.2g
LogInit:  - supports HTTP deflate (compression) using libz 1.2.8
LogInit:  - other features:
LogInit:      CURL_VERSION_SSL
LogInit:      CURL_VERSION_LIBZ
LogInit:      CURL_VERSION_IPV6
LogInit:      CURL_VERSION_ASYNCHDNS
LogInit:      CURL_VERSION_LARGEFILE
LogInit:      CURL_VERSION_IDN
LogInit:  CurlRequestOptions (configurable via config and command line):
LogInit:  - bVerifyPeer = false  - Libcurl will NOT verify peer certificate
LogInit:  - bUseHttpProxy = false  - Libcurl will NOT use HTTP proxy
LogInit:  - bDontReuseConnections = false  - Libcurl will reuse connections
LogInit:  - CertBundlePath = nullptr  - Libcurl will use whatever was configured at build time.
LogInit: Build: ++UE4+Release-4.15-CL-3348071
LogInit: Engine Version: 4.15.1-3348071+++UE4+Release-4.15
LogInit: Compatible Engine Version: 4.15.0-3299760+++UE4+Release-4.15
LogInit: Net CL: 3299760
LogDevObjectVersion: Number of dev versions registered: 14
LogDevObjectVersion:   Dev-Blueprints (B0D832E4-1F89-4F0D-ACCF-7EB736FD4AA2): 8
LogDevObjectVersion:   Dev-Build (E1C64328-A22C-4D53-A36C-8E866417BD8C): 0
LogDevObjectVersion:   Dev-Core (375EC13C-06E4-48FB-B500-84F0262A717E): 2
LogDevObjectVersion:   Dev-Editor (E4B068ED-F494-42E9-A231-DA0B2E46BB41): 14
LogDevObjectVersion:   Dev-Framework (CFFC743F-43B0-4480-9391-14DF171D2073): 22
LogDevObjectVersion:   Dev-Mobile (B02B49B5-BB20-44E9-A304-32B752E40360): 0
LogDevObjectVersion:   Dev-Networking (A4E4105C-59A1-49B5-A7C5-40C4547EDFEE): 0
LogDevObjectVersion:   Dev-Online (39C831C9-5AE6-47DC-9A44-9C173E1C8E7C): 0
LogDevObjectVersion:   Dev-Physics (78F01B33-EBEA-4F98-B9B4-84EACCB95AA2): 0
LogDevObjectVersion:   Dev-Platform (6631380F-2D4D-43E0-8009-CF276956A95A): 0
LogDevObjectVersion:   Dev-Rendering (12F88B9F-8875-4AFC-A67C-D90C383ABD29): 12
LogDevObjectVersion:   Dev-Sequencer (7B5AE74C-D270-4C10-A958-57980B212A5A): 3
LogDevObjectVersion:   Dev-VR (D7296918-1DD6-4BDD-9DE2-64A83CC13884): 0
LogDevObjectVersion:   Dev-LoadTimes (C2A15278-BFE7-4AFE-6C17-90FF531DF755): 1
LogInit: Compiled (64-bit): Mar 15 2017 16:52:47
LogInit: Compiled with Visual C++: 19.00.23026.00
LogInit: Build Configuration: Development
LogInit: Branch Name: ++UE4+Release-4.15
LogInit: Command line:  
LogInit: Base directory: C:/Program Files/Epic Games/UE_4.15/Engine/Binaries/Win64/
LogInit: Installed Engine Build: 1
LogInit: Presizing for max 8388607 objects, including 0 objects not considered by GC, pre-allocating 0 bytes for permanent pool.
LogInit: Object subsystem initialized
[2017.03.25-00.24.56:259][  0]LogInit: Selected Device Profile: [Windows]
[2017.03.25-00.24.56:259][  0]LogInit: Applying CVar settings loaded from the selected device profile: [Windows]
[2017.03.25-00.24.56:347][  0]LogInit: Computer: DESKTOP-S5PC0VV
[2017.03.25-00.24.56:347][  0]LogInit: User: Bill
[2017.03.25-00.24.56:347][  0]LogInit: CPU Page size=65536, Cores=4
[2017.03.25-00.24.56:347][  0]LogInit: High frequency timer resolution =3.117185 MHz
[2017.03.25-00.24.56:347][  0]LogMemory: Memory total: Physical=15.9GB (16GB approx)
[2017.03.25-00.24.56:347][  0]LogMemory: Platform Memory Stats for Windows
[2017.03.25-00.24.56:347][  0]LogMemory: Process Physical Memory: 262.40 MB used, 262.40 MB peak
[2017.03.25-00.24.56:347][  0]LogMemory: Process Virtual Memory: 262.51 MB used, 262.51 MB peak
[2017.03.25-00.24.56:347][  0]LogMemory: Physical Memory: 5066.57 MB used,  11241.02 MB free, 16307.59 MB total
[2017.03.25-00.24.56:347][  0]LogMemory: Virtual Memory: 644.24 MB used,  11241.02 MB free, 134217728.00 MB total
[2017.03.25-00.24.56:638][  0]LogTextLocalizationManager: No specific translations for ('en-US') exist, so ('en') translations will be used.
[2017.03.25-00.25.04:618][  0]LogD3D11RHI: D3D11 adapters:
[2017.03.25-00.25.04:740][  0]LogD3D11RHI:    0. 'AMD Radeon (TM) R9 380 Series' (Feature Level 11_0)
[2017.03.25-00.25.04:740][  0]LogD3D11RHI:       4072/0/8153 MB DedicatedVideo/DedicatedSystem/SharedSystem, Outputs:1, VendorId:0x1002
[2017.03.25-00.25.04:743][  0]LogD3D11RHI:    1. 'Microsoft Basic Render Driver' (Feature Level 11_0)
[2017.03.25-00.25.04:743][  0]LogD3D11RHI:       0/0/8153 MB DedicatedVideo/DedicatedSystem/SharedSystem, Outputs:0, VendorId:0x1414
[2017.03.25-00.25.04:743][  0]LogD3D11RHI: Chosen D3D11 Adapter: 0
[2017.03.25-00.25.04:750][  0]LogD3D11RHI: Creating new Direct3DDevice
[2017.03.25-00.25.04:750][  0]LogD3D11RHI:     GPU DeviceId: 0x6939 (for the marketing name, search the web for "GPU Device Id")
[2017.03.25-00.25.04:750][  0]LogWindows: EnumDisplayDevices:
[2017.03.25-00.25.04:750][  0]LogWindows:    0. 'AMD Radeon (TM) R9 380 Series' (P:1 D:1)
[2017.03.25-00.25.04:751][  0]LogWindows:    1. 'AMD Radeon (TM) R9 380 Series' (P:0 D:0)
[2017.03.25-00.25.04:751][  0]LogWindows:    2. 'AMD Radeon (TM) R9 380 Series' (P:0 D:0)
[2017.03.25-00.25.04:752][  0]LogWindows:    3. 'AMD Radeon (TM) R9 380 Series' (P:0 D:0)
[2017.03.25-00.25.04:752][  0]LogWindows:    4. 'AMD Radeon (TM) R9 380 Series' (P:0 D:0)
[2017.03.25-00.25.04:753][  0]LogWindows:    5. 'AMD Radeon (TM) R9 380 Series' (P:0 D:0)
[2017.03.25-00.25.04:753][  0]LogWindows: DebugString: FoundDriverCount:6 
[2017.03.25-00.25.04:753][  0]LogD3D11RHI:     Adapter Name: AMD Radeon (TM) R9 380 Series
[2017.03.25-00.25.04:753][  0]LogD3D11RHI:   Driver Version: Crimson ReLive 17.3.1 (internal:21.19.523.2, unified:21.19.523.2)
[2017.03.25-00.25.04:753][  0]LogD3D11RHI:      Driver Date: 3-3-2017
[2017.03.25-00.25.04:753][  0]LogRHI: Texture pool is 1361 MB (70% of 1945 MB)
[2017.03.25-00.25.05:055][  0]LogD3D11RHI: Async texture creation enabled
[2017.03.25-00.25.05:066][  0]LogD3D11RHI: GPU Timing Frequency: 27.000000 (Debug: 2 1)
[2017.03.25-00.25.05:066][  0]LogShaderCompilers: Guid format shader working directory is -22 characters bigger than the processId version (../../../../../../Users/Bill/Documents/MakeWarNotLove/MakeWarNotLove/Intermediate/Shaders/WorkingDirectory/460/).
[2017.03.25-00.25.05:066][  0]LogShaderCompilers: Cleaned the shader compiler working directory 'C:/Users/Bill/AppData/Local/Temp/UnrealShaderWorkingDir/1823D5774267C79D2096A1BA5D6F9E71/'.
[2017.03.25-00.25.05:066][  0]LogShaderCompilers:Display: Using Local Shader Compiler.
[2017.03.25-00.25.12:643][  0]LogTemp:Display: Loaded TP AllDesktopTargetPlatform
[2017.03.25-00.25.12:698][  0]LogTemp:Display: Loaded TP MacClientTargetPlatform
[2017.03.25-00.25.12:752][  0]LogTemp:Display: Loaded TP MacNoEditorTargetPlatform
[2017.03.25-00.25.12:808][  0]LogTemp:Display: Loaded TP MacServerTargetPlatform
[2017.03.25-00.25.12:991][  0]LogTemp:Display: Loaded TP MacTargetPlatform
[2017.03.25-00.25.13:076][  0]LogTemp:Display: Loaded TP WindowsClientTargetPlatform
[2017.03.25-00.25.13:132][  0]LogTemp:Display: Loaded TP WindowsNoEditorTargetPlatform
[2017.03.25-00.25.13:186][  0]LogTemp:Display: Loaded TP WindowsServerTargetPlatform
[2017.03.25-00.25.13:245][  0]LogTemp:Display: Loaded TP WindowsTargetPlatform
[2017.03.25-00.25.13:341][  0]LogTemp:Display: Loaded TP AndroidTargetPlatform
[2017.03.25-00.25.13:395][  0]LogTemp:Display: Loaded TP Android_ASTCTargetPlatform
[2017.03.25-00.25.13:449][  0]LogTemp:Display: Loaded TP Android_ATCTargetPlatform
[2017.03.25-00.25.13:503][  0]LogTemp:Display: Loaded TP Android_DXTTargetPlatform
[2017.03.25-00.25.13:557][  0]LogTemp:Display: Loaded TP Android_ETC1TargetPlatform
[2017.03.25-00.25.13:610][  0]LogTemp:Display: Loaded TP Android_ETC2TargetPlatform
[2017.03.25-00.25.13:733][  0]LogTemp:Display: Loaded TP Android_MultiTargetPlatform
[2017.03.25-00.25.13:733][  0]LogTemp:Display: Loaded TP Android_PVRTCTargetPlatform
[2017.03.25-00.25.13:792][  0]LogTemp:Display: Loaded TP HTML5TargetPlatform
[2017.03.25-00.25.13:948][  0]LogTemp:Display: Loaded TP IOSTargetPlatform
[2017.03.25-00.25.14:005][  0]LogTemp:Display: Loaded TP TVOSTargetPlatform
[2017.03.25-00.25.14:059][  0]LogTemp:Display: Loaded TP LinuxClientTargetPlatform
[2017.03.25-00.25.14:112][  0]LogTemp:Display: Loaded TP LinuxNoEditorTargetPlatform
[2017.03.25-00.25.14:167][  0]LogTemp:Display: Loaded TP LinuxServerTargetPlatform
[2017.03.25-00.25.14:269][  0]LogTemp:Display: Loaded TP LinuxTargetPlatform
[2017.03.25-00.25.14:269][  0]LogTargetPlatformManager:Display: Building Assets For Windows
[2017.03.25-00.25.15:199][  0]LogDerivedDataCache:Display: Max Cache Size: 512 MB
[2017.03.25-00.25.16:112][  0]LogDerivedDataCache: Loaded boot cache 0.91s 50MB C:/Users/Bill/AppData/Local/UnrealEngine/4.15/DerivedDataCache/Boot.ddc.
[2017.03.25-00.25.16:112][  0]LogDerivedDataCache:Display: Loaded Boot cache: C:/Users/Bill/AppData/Local/UnrealEngine/4.15/DerivedDataCache/Boot.ddc
[2017.03.25-00.25.16:112][  0]LogDerivedDataCache: FDerivedDataBackendGraph:  Pak pak cache file ../../../../../../Users/Bill/Documents/MakeWarNotLove/MakeWarNotLove/DerivedDataCache/DDC.ddp not found, will not use a pak cache.
[2017.03.25-00.25.16:112][  0]LogDerivedDataCache: Unable to find inner node Pak for hierarchical cache Hierarchy.
[2017.03.25-00.25.16:112][  0]LogDerivedDataCache: FDerivedDataBackendGraph:  CompressedPak pak cache file ../../../../../../Users/Bill/Documents/MakeWarNotLove/MakeWarNotLove/DerivedDataCache/Compressed.ddp not found, will not use a pak cache.
[2017.03.25-00.25.16:112][  0]LogDerivedDataCache: Unable to find inner node CompressedPak for hierarchical cache Hierarchy.
[2017.03.25-00.25.16:199][  0]LogDerivedDataCache:Display: Pak cache opened for reading ../../../Engine/DerivedDataCache/Compressed.ddp.
[2017.03.25-00.25.16:211][  0]LogDerivedDataCache: Using Local data cache path C:/Users/Bill/AppData/Local/UnrealEngine/Common/DerivedDataCache: Writable
[2017.03.25-00.25.16:219][  0]LogSlate: Using Freetype 2.6.0
[2017.03.25-00.25.16:220][  0]LogSlate: SlateFontCache - WITH_FREETYPE: 1, WITH_HARFBUZZ: 1
[2017.03.25-00.25.16:220][  0]LogSlate: SlateFontCache - WITH_FREETYPE: 1, WITH_HARFBUZZ: 1
[2017.03.25-00.25.23:058][  0]LogInit: Selected Device Profile: [Windows]
[2017.03.25-00.25.23:067][  0]LogContentStreaming: Texture pool size is 0.00 MB
[2017.03.25-00.25.23:563][  0]LogMeshUtilities: Using QuadricMeshReduction for automatic static mesh reduction
[2017.03.25-00.25.23:640][  0]LogSimplygon: Simplygon DLL not present - disabling.
[2017.03.25-00.25.23:686][  0]LogMeshUtilities: Using SimplygonSwarm for distributed automatic mesh merging
[2017.03.25-00.25.23:686][  0]LogMeshUtilities: No automatic skeletal mesh reduction module available
[2017.03.25-00.25.23:686][  0]LogMeshUtilities: No automatic mesh merging module available
[2017.03.25-00.25.27:544][  0]LogNetVersion: GetLocalNetworkVersion: CL: 3299760, ProjectName: makewarnotlove, ProjectVersion: , EngineNetworkVersion: 2, GameNetworkVersion: 0, NetworkChecksum: 263832537
[2017.03.25-00.25.27:616][  0]LogAssetRegistry: FAssetRegistry took 0.0226 seconds to start up
[2017.03.25-00.25.27:698][  0]LogPackageLocalizationCache: Processed 3 localized package path(s) for 2 prioritized culture(s) in 0.061637 seconds
[2017.03.25-00.25.27:706][  0]LogUObjectArray: 32493 objects as part of root set at end of initial load.
[2017.03.25-00.25.27:706][  0]LogUObjectAllocator: 7077032 out of 0 bytes used by permanent object pool.
[2017.03.25-00.25.27:706][  0]LogUObjectArray: CloseDisregardForGC: 0/0 objects in disregard for GC pool
[2017.03.25-00.25.27:817][  0]LogInit: WinSock: version 1.1 (2.2), MaxSocks=32767, MaxUdp=65467
[2017.03.25-00.25.54:966][  0]LogTcpMessaging: Initializing TcpMessaging bridge
[2017.03.25-00.25.55:014][  0]LogUdpMessaging: Initializing bridge on interface 0.0.0.0:0 to multicast group 230.0.0.1:6666.
[2017.03.25-00.25.56:412][  0]LogMaterial: Uniform references updated for custom material expression Custom.
[2017.03.25-00.25.57:324][  0]SourceControl: Info Source control is disabled
[2017.03.25-00.25.57:439][  0]SourceControl: Info Source control is disabled
[2017.03.25-00.25.57:630][  0]SourceControl: Info Source control is disabled
[2017.03.25-00.25.57:717][  0]SourceControl: Info Source control is disabled
[2017.03.25-00.25.59:896][  0]LogEngine: Initializing Engine...
[2017.03.25-00.25.59:897][  0]LogHMD: Failed to initialize OpenVR with code 110
[2017.03.25-00.26.00:944][  0]LogAIModule: Creating AISystem for world Untitled
[2017.03.25-00.26.01:022][  0]LogInit: XAudio2 using 'Speakers (Realtek High Definition Audio)' : 2 channels at 48 kHz using 32 bits per sample (channel mask 0x3)
[2017.03.25-00.26.01:046][  0]LogInit: FAudioDevice initialized.
[2017.03.25-00.26.01:071][  0]LogDerivedDataCache: Saved boot cache 0.02s 50MB C:/Users/Bill/AppData/Local/UnrealEngine/4.15/DerivedDataCache/Boot.ddc.
[2017.03.25-00.26.01:079][  0]LogInit: Texture streaming: Enabled
[2017.03.25-00.26.01:214][  0]LogEngineSessionManager: EngineSessionManager initialized
[2017.03.25-00.26.01:226][  0]LogEngineSessionManager: EngineSessionManager sent abnormal shutdown report. Type=Crashed, SessionId={B17D70F3-48E0-F256-C5B1-A0A4DD6E682B}
[2017.03.25-00.26.01:802][  0]LogInit: Transaction tracking system initialized
[2017.03.25-00.26.02:388][  0]BlueprintLog: New page: Editor Load
[2017.03.25-00.26.03:609][  0]LocalizationService: Info Localization service is disabled
[2017.03.25-00.26.05:109][  0]LogConsoleResponse:Display: 
[2017.03.25-00.26.07:728][  0]LogCook:Display: Max memory allowance for cook 16384mb min free memory 0mb
[2017.03.25-00.26.07:728][  0]LogCook:Display: Mobile HDR setting 1
[2017.03.25-00.26.08:601][  0]LogFileCache: Scanning file cache for directory 'C:/Users/Bill/Documents/MakeWarNotLove/MakeWarNotLove/Content/' took 0.01s
[2017.03.25-00.26.09:694][  0]SourceControl: Info Source control is disabled
[2017.03.25-00.26.09:694][  0]Cmd: MAP LOAD FILE="../../../../../../Users/Bill/Documents/MakeWarNotLove/MakeWarNotLove/Content/ThirdPersonBP/Maps/ThirdPersonExampleMap.umap" TEMPLATE=0 SHOWPROGRESS=1 FEATURELEVEL=3
[2017.03.25-00.26.09:695][  0]LightingResults: New page: Lighting Build
[2017.03.25-00.26.09:733][  0]MapCheck: New page: Map Check
[2017.03.25-00.26.09:733][  0]LightingResults: New page: Lighting Build
[2017.03.25-00.26.10:303][  0]LogLinker:Warning: Can't find file '/Game/Nabil/Inventory'
[2017.03.25-00.26.10:303][  0]LogLinker:Warning: Can't find file for asset '/Game/Nabil/Inventory' while loading ../../../../../../Users/Bill/Documents/MakeWarNotLove/MakeWarNotLove/Content/Nabil/MLNW_WidgetHUD.uasset.
[2017.03.25-00.26.10:303][  0]LoadErrors:Error: Error /Game/Nabil/MLNW_WidgetHUD : Can't find file for asset. /Game/Nabil/Inventory
[2017.03.25-00.26.10:304][  0]LogLinker:Warning: Can't find file '/Game/Nabil/Inventory'
[2017.03.25-00.26.10:304][  0]LogLinker:Warning: Can't find file for asset '/Game/Nabil/Inventory' while loading ../../../../../../Users/Bill/Documents/MakeWarNotLove/MakeWarNotLove/Content/Nabil/MLNW_WidgetHUD.uasset.
[2017.03.25-00.26.10:304][  0]LoadErrors:Error: Error /Game/Nabil/MLNW_WidgetHUD : Can't find file for asset. /Game/Nabil/Inventory
[2017.03.25-00.26.10:306][  0]LogLinker:Warning: Can't find file '/Game/Nabil/Inventory'
[2017.03.25-00.26.10:306][  0]LogLinker:Warning: Can't find file for asset '/Game/Nabil/Inventory' while loading ../../../../../../Users/Bill/Documents/MakeWarNotLove/MakeWarNotLove/Content/Nabil/MyHUD.uasset.
[2017.03.25-00.26.10:306][  0]LoadErrors:Error: Error /Game/Nabil/MyHUD : Can't find file for asset. /Game/Nabil/Inventory
[2017.03.25-00.26.10:307][  0]LogLinker:Warning: Can't find file '/Game/Nabil/Inventory'
[2017.03.25-00.26.10:307][  0]LogLinker:Warning: Can't find file for asset '/Game/Nabil/Inventory' while loading ../../../../../../Users/Bill/Documents/MakeWarNotLove/MakeWarNotLove/Content/Nabil/MyHUD.uasset.
[2017.03.25-00.26.10:307][  0]LoadErrors:Error: Error /Game/Nabil/MyHUD : Can't find file for asset. /Game/Nabil/Inventory
[2017.03.25-00.26.10:307][  0]LogLinker:Warning: Can't find file '/Game/Nabil/Inventory'
[2017.03.25-00.26.10:307][  0]LogLinker:Warning: Can't find file for asset '/Game/Nabil/Inventory' while loading ../../../../../../Users/Bill/Documents/MakeWarNotLove/MakeWarNotLove/Content/Nabil/MyHUD.uasset.
[2017.03.25-00.26.10:307][  0]LoadErrors:Error: Error /Game/Nabil/MyHUD : Can't find file for asset. /Game/Nabil/Inventory
[2017.03.25-00.26.10:308][  0]LogLinker:Warning: Can't find file '/Game/Nabil/Inventory'
[2017.03.25-00.26.10:308][  0]LoadErrors: Info Failed to load /Game/Nabil/Inventory.Inventory_C Referenced by MLNW_WidgetHUD
[2017.03.25-00.26.10:308][  0]LogLinker:Warning: Can't find file for asset '/Game/Nabil/Inventory' while loading ../../../../../../Users/Bill/Documents/MakeWarNotLove/MakeWarNotLove/Content/Nabil/MyHUD.uasset.
[2017.03.25-00.26.10:308][  0]LoadErrors: Info Failed to load /Game/Nabil/Inventory.Inventory_C Referenced by MLNW_WidgetHUD
[2017.03.25-00.26.10:308][  0]LoadErrors:Error: Error /Game/Nabil/MyHUD : Can't find file for asset. /Game/Nabil/Inventory
[2017.03.25-00.26.10:309][  0]LogLinker:Warning: Can't find file '/Game/Nabil/Inventory'
[2017.03.25-00.26.10:309][  0]LoadErrors: Info Failed to load /Game/Nabil/Inventory.Inventory_C Referenced by K2Node_VariableSet_30
[2017.03.25-00.26.10:309][  0]LogLinker:Warning: Can't find file for asset '/Game/Nabil/Inventory' while loading ../../../../../../Users/Bill/Documents/MakeWarNotLove/MakeWarNotLove/Content/Nabil/MyHUD.uasset.
[2017.03.25-00.26.10:309][  0]LoadErrors: Info Failed to load /Game/Nabil/Inventory.Inventory_C Referenced by K2Node_VariableSet_30
[2017.03.25-00.26.10:309][  0]LoadErrors:Error: Error /Game/Nabil/MyHUD : Can't find file for asset. /Game/Nabil/Inventory
[2017.03.25-00.26.10:309][  0]LogLinker:Warning: Can't find file '/Game/Nabil/Inventory'
[2017.03.25-00.26.10:309][  0]LoadErrors: Info Failed to load /Game/Nabil/Inventory.Inventory_C Referenced by K2Node_VariableSet_30
[2017.03.25-00.26.10:309][  0]LogLinker:Warning: Can't find file for asset '/Game/Nabil/Inventory' while loading ../../../../../../Users/Bill/Documents/MakeWarNotLove/MakeWarNotLove/Content/Nabil/MyHUD.uasset.
[2017.03.25-00.26.10:309][  0]LoadErrors: Info Failed to load /Game/Nabil/Inventory.Inventory_C Referenced by K2Node_VariableSet_30
[2017.03.25-00.26.10:309][  0]LoadErrors:Error: Error /Game/Nabil/MyHUD : Can't find file for asset. /Game/Nabil/Inventory
[2017.03.25-00.26.10:309][  0]LogLinker:Warning: Can't find file '/Game/Nabil/Inventory'
[2017.03.25-00.26.10:309][  0]LoadErrors: Info Failed to load /Game/Nabil/Inventory.Inventory_C Referenced by K2Node_DynamicCast_0
[2017.03.25-00.26.10:309][  0]LogLinker:Warning: Can't find file for asset '/Game/Nabil/Inventory' while loading ../../../../../../Users/Bill/Documents/MakeWarNotLove/MakeWarNotLove/Content/Nabil/MyHUD.uasset.
[2017.03.25-00.26.10:309][  0]LoadErrors: Info Failed to load /Game/Nabil/Inventory.Inventory_C Referenced by K2Node_DynamicCast_0
[2017.03.25-00.26.10:309][  0]LoadErrors:Error: Error /Game/Nabil/MyHUD : Can't find file for asset. /Game/Nabil/Inventory
[2017.03.25-00.26.10:310][  0]LogLinker:Warning: Can't find file '/Game/Nabil/Inventory'
[2017.03.25-00.26.10:310][  0]LoadErrors: Info Failed to load /Game/Nabil/Inventory.Inventory_C Referenced by K2Node_DynamicCast_0
[2017.03.25-00.26.10:310][  0]LogLinker:Warning: Can't find file for asset '/Game/Nabil/Inventory' while loading ../../../../../../Users/Bill/Documents/MakeWarNotLove/MakeWarNotLove/Content/Nabil/MyHUD.uasset.
[2017.03.25-00.26.10:310][  0]LoadErrors: Info Failed to load /Game/Nabil/Inventory.Inventory_C Referenced by K2Node_DynamicCast_0
[2017.03.25-00.26.10:310][  0]LoadErrors:Error: Error /Game/Nabil/MyHUD : Can't find file for asset. /Game/Nabil/Inventory
[2017.03.25-00.26.10:338][  0]LogBlueprint:Warning: [Compiler MLNW_WidgetHUD] Warning Can't connect pins  Object  and  Return Value : This cast has an invalid target type (was the class deleted without a redirect?).
[2017.03.25-00.26.10:338][  0]LogBlueprint:Warning: [Compiler MLNW_WidgetHUD] Warning Can't connect pins  Return Value  and  Object : This cast has an invalid target type (was the class deleted without a redirect?).
[2017.03.25-00.26.10:368][  0]LogBlueprint:Error: [Compiler MLNW_WidgetHUD] Error Node  Bad cast node  has an invalid target type, please delete and recreate it
[2017.03.25-00.26.10:369][  0]LogBlueprint:Error: [Compiler MLNW_WidgetHUD] Error Node  Bad cast node  has an invalid target class
[2017.03.25-00.26.10:374][  0]LogBlueprint:Warning: [Compiler MLNW_WidgetHUD] Warning [0077.89] Compile of MLNW_WidgetHUD failed. 2 Fatal Issue(s) 2 Warning(s) [in 62 ms] (/Game/Nabil/MLNW_WidgetHUD.MLNW_WidgetHUD)
[2017.03.25-00.26.10:374][  0]LogBlueprint:Warning: [Compiler MLNW_WidgetHUD] Warning [0077.89] Compile of MLNW_WidgetHUD failed. 2 Fatal Issue(s) 3 Warning(s) [in 0 ms] (/Game/Nabil/MLNW_WidgetHUD.MLNW_WidgetHUD)
[2017.03.25-00.26.10:374][  0]LogBlueprint:Warning: [Compiler MLNW_WidgetHUD] Warning [0077.89] Compile of MLNW_WidgetHUD failed. 2 Fatal Issue(s) 4 Warning(s) [in 0 ms] (/Game/Nabil/MLNW_WidgetHUD.MLNW_WidgetHUD)
[2017.03.25-00.26.11:347][  0]LogAIModule: Creating AISystem for world ThirdPersonExampleMap
[2017.03.25-00.26.11:449][  0]LogEditorServer: Finished looking for orphan Actors (0.000 secs)
[2017.03.25-00.26.11:450][  0]Cmd: MAP CHECKDEP NOCLEARLOG
[2017.03.25-00.26.11:518][  0]MapCheck: Info Map check complete: 0 Error(s), 0 Warning(s), took 67.808ms to complete.
[2017.03.25-00.26.11:518][  0]LogFileHelpers: Loading map 'ThirdPersonExampleMap' took 1.824
[2017.03.25-00.26.12:020][  0]LogCollectionManager: Loaded 0 collections in 0.001831 seconds
[2017.03.25-00.26.12:103][  0]LogFileCache: Scanning file cache for directory 'C:/Users/Bill/Documents/MakeWarNotLove/MakeWarNotLove/Saved/Collections/' took 0.01s
[2017.03.25-00.26.12:103][  0]LogFileCache: Scanning file cache for directory 'C:/Users/Bill/Documents/MakeWarNotLove/MakeWarNotLove/Content/Developers/Bill/Collections/' took 0.01s
[2017.03.25-00.26.12:103][  0]LogFileCache: Scanning file cache for directory 'C:/Users/Bill/Documents/MakeWarNotLove/MakeWarNotLove/Content/Collections/' took 0.01s
[2017.03.25-00.26.12:103][  0]LogCollectionManager: Rebuilt the GUID cache for 0 collections in 0.000002 seconds
[2017.03.25-00.26.12:112][  0]LogContentBrowser: Native class hierarchy populated in 0.0090 seconds. Added 2246 classes and 455 folders.
[2017.03.25-00.26.12:116][  0]LogStats: UGameplayTagsManager::ConstructGameplayTagTree: Construct from data asset -  0.000 s
[2017.03.25-00.26.12:116][  0]LogStats: UGameplayTagsManager::ConstructGameplayTagTree: GameplayTagTreeChangedEvent.Broadcast -  0.000 s
[2017.03.25-00.26.12:174][  0]LogContentBrowser: Native class hierarchy updated for 'WidgetCarousel' in 0.0004 seconds. Added 0 classes and 0 folders.
[2017.03.25-00.26.13:404][  0]LogContentBrowser: Native class hierarchy updated for 'AddContentDialog' in 0.0017 seconds. Added 0 classes and 0 folders.
[2017.03.25-00.26.13:655][  0]LogCrashTracker: Crashtracker disabled due to settings.
[2017.03.25-00.26.13:661][  0]LogUObjectGlobals:Warning: Failed to find object 'Class None.'
[2017.03.25-00.26.13:738][  0]LogContentBrowser: Native class hierarchy updated for 'HierarchicalLODOutliner' in 0.0005 seconds. Added 1 classes and 2 folders.
[2017.03.25-00.26.13:738][  0]LogLoad: (Engine Initialization) Total time: 81.25 seconds
[2017.03.25-00.26.13:738][  0]LogLoad: (Engine Initialization) Total Blueprint compile time: 0.50 seconds
[2017.03.25-00.26.13:738][  0]LogExternalProfiler: Found external profiler: VSPerf
[2017.03.25-00.26.13:738][  0]LogExternalProfiler: Using external profiler: VSPerf
[2017.03.25-00.26.14:078][  0]LogOcInput: OculusInput pre-init called
[2017.03.25-00.26.14:102][  0]LogContentStreaming: Texture pool size now 1000 MB
[2017.03.25-00.26.14:148][  0]LogSlate: Took 0.000179 seconds to synchronously load lazily loaded font '../../../Engine/Content/Slate/Fonts/Roboto-Regular.ttf' (155K)
[2017.03.25-00.26.14:153][  0]LogSlate: Took 0.000173 seconds to synchronously load lazily loaded font '../../../Engine/Content/Slate/Fonts/Roboto-Bold.ttf' (160K)
[2017.03.25-00.26.14:209][  0]LogSlate: Took 0.053822 seconds to synchronously load lazily loaded font '../../../Engine/Content/Editor/Slate/Fonts/FontAwesome.ttf' (139K)
[2017.03.25-00.26.14:704][  0]LogRenderer: Reallocating scene render targets to support 900x484 NumSamples 1 (Frame:2).
[2017.03.25-00.26.14:762][  0]LogSlate: Took 0.014281 seconds to synchronously load lazily loaded font '../../../Engine/Content/Slate/Fonts/Roboto-Light.ttf' (159K)
[2017.03.25-00.26.14:855][  1]LogAssetRegistry: Asset discovery search completed in 47.2617 seconds
[2017.03.25-00.26.14:855][  1]LogCollectionManager: Rebuilt the object cache for 0 collections in 0.000006 seconds (found 0 objects)
[2017.03.25-00.26.14:855][  1]LogCollectionManager: Fixed up redirectors for 0 collections in 0.000017 seconds (updated 0 objects)
[2017.03.25-00.26.15:186][  2]LogSlate: Took 0.000776 seconds to synchronously load lazily loaded font '../../../Engine/Content/Slate/Fonts/Roboto-Light.ttf' (159K)
[2017.03.25-00.26.28:991][249]LogTemp: Repeting last play command: Selected Viewport
[2017.03.25-00.26.29:003][249]LogBlueprintUserMessages: Early PlayInEditor Detection: Level '/Game/ThirdPersonBP/Maps/ThirdPersonExampleMap.ThirdPersonExampleMap:PersistentLevel' has LevelScriptBlueprint '/Game/ThirdPersonBP/Maps/ThirdPersonExampleMap.ThirdPersonExampleMap:PersistentLevel.ThirdPersonExampleMap' with GeneratedClass '/Game/ThirdPersonBP/Maps/ThirdPersonExampleMap.ThirdPersonExampleMap_C' with ClassGeneratedBy '/Game/ThirdPersonBP/Maps/ThirdPersonExampleMap.ThirdPersonExampleMap:PersistentLevel.ThirdPersonExampleMap'
[2017.03.25-00.26.29:003][249]LogPlayLevel: PlayLevel: No blueprints needed recompiling
[2017.03.25-00.26.32:570][382]LogSlate: Took 0.000191 seconds to synchronously load lazily loaded font '../../../Engine/Content/Slate/Fonts/Roboto-Light.ttf' (159K)
[2017.03.25-00.26.33:116][382]LogSlate: Took 0.000145 seconds to synchronously load lazily loaded font '../../../Engine/Content/Slate/Fonts/Roboto-Regular.ttf' (155K)
[2017.03.25-00.26.33:327][382]LogContentBrowser: Native class hierarchy updated for 'BlueprintGraph' in 0.0008 seconds. Added 112 classes and 0 folders.
[2017.03.25-00.26.34:155][382]LogSlate: Took 0.047754 seconds to synchronously load lazily loaded font '../../../Engine/Content/Editor/Slate/Fonts/Roboto-BoldCondensed.ttf' (158K)
[2017.03.25-00.26.57:168][844]BlueprintLog: New page: Compile MLNW_WidgetHUD
[2017.03.25-00.27.03:619][566]BlueprintLog: New page: Compile MLNW_WidgetHUD
[2017.03.25-00.27.05:635][793]LogTemp: Repeting last play command: Selected Viewport
[2017.03.25-00.27.05:667][793]LogBlueprintUserMessages: Early PlayInEditor Detection: Level '/Game/ThirdPersonBP/Maps/ThirdPersonExampleMap.ThirdPersonExampleMap:PersistentLevel' has LevelScriptBlueprint '/Game/ThirdPersonBP/Maps/ThirdPersonExampleMap.ThirdPersonExampleMap:PersistentLevel.ThirdPersonExampleMap' with GeneratedClass '/Game/ThirdPersonBP/Maps/ThirdPersonExampleMap.ThirdPersonExampleMap_C' with ClassGeneratedBy '/Game/ThirdPersonBP/Maps/ThirdPersonExampleMap.ThirdPersonExampleMap:PersistentLevel.ThirdPersonExampleMap'
[2017.03.25-00.27.05:667][793]LogPlayLevel: PlayLevel: No blueprints needed recompiling
[2017.03.25-00.27.05:667][793]PIE: New page: PIE session: ThirdPersonExampleMap (Mar 25, 2017, 10:27:05 PM)
[2017.03.25-00.27.05:667][793]LogPlayLevel: Creating play world package: /Game/ThirdPersonBP/Maps/UEDPIE_0_ThirdPersonExampleMap
[2017.03.25-00.27.05:691][793]LogPlayLevel: PIE: StaticDuplicateObject took: (0.024182s)
[2017.03.25-00.27.05:692][793]LogAIModule: Creating AISystem for world ThirdPersonExampleMap
[2017.03.25-00.27.05:692][793]LogPlayLevel: PIE: World Init took: (0.001252s)
[2017.03.25-00.27.05:693][793]LogPlayLevel: PIE: Created PIE world by copying editor world from /Game/ThirdPersonBP/Maps/ThirdPersonExampleMap.ThirdPersonExampleMap to /Game/ThirdPersonBP/Maps/UEDPIE_0_ThirdPersonExampleMap.ThirdPersonExampleMap (0.025666s)
[2017.03.25-00.27.05:709][793]LogInit: XAudio2 using 'Speakers (Realtek High Definition Audio)' : 2 channels at 48 kHz using 32 bits per sample (channel mask 0x3)
[2017.03.25-00.27.05:737][793]LogInit: FAudioDevice initialized.
[2017.03.25-00.27.05:839][793]LogLoad: Game class is 'ThirdPersonGameMode_C'
[2017.03.25-00.27.05:841][793]LogWorld: Bringing World /Game/ThirdPersonBP/Maps/UEDPIE_0_ThirdPersonExampleMap.ThirdPersonExampleMap up for play (max tick rate 0) at 2017.03.25-11.27.05
[2017.03.25-00.27.05:841][793]LogWorld: Bringing up level for play took: 0.001735
[2017.03.25-00.27.05:883][793]LogContentBrowser: Native class hierarchy updated for 'MovieSceneCapture' in 0.0006 seconds. Added 11 classes and 0 folders.
[2017.03.25-00.27.05:885][793]PIE: Info Play in editor start time for /Game/ThirdPersonBP/Maps/UEDPIE_0_ThirdPersonExampleMap 0.445
[2017.03.25-00.27.05:885][793]LogBlueprintUserMessages: Late PlayInEditor Detection: Level '/Game/ThirdPersonBP/Maps/ThirdPersonExampleMap.ThirdPersonExampleMap:PersistentLevel' has LevelScriptBlueprint '/Game/ThirdPersonBP/Maps/ThirdPersonExampleMap.ThirdPersonExampleMap:PersistentLevel.ThirdPersonExampleMap' with GeneratedClass '/Game/ThirdPersonBP/Maps/ThirdPersonExampleMap.ThirdPersonExampleMap_C' with ClassGeneratedBy '/Game/ThirdPersonBP/Maps/ThirdPersonExampleMap.ThirdPersonExampleMap:PersistentLevel.ThirdPersonExampleMap'
[2017.03.25-00.27.36:303][404]LogBlueprintUserMessages: Early EndPlayMap Detection: Level '/Game/ThirdPersonBP/Maps/ThirdPersonExampleMap.ThirdPersonExampleMap:PersistentLevel' has LevelScriptBlueprint '/Game/ThirdPersonBP/Maps/ThirdPersonExampleMap.ThirdPersonExampleMap:PersistentLevel.ThirdPersonExampleMap' with GeneratedClass '/Game/ThirdPersonBP/Maps/ThirdPersonExampleMap.ThirdPersonExampleMap_C' with ClassGeneratedBy '/Game/ThirdPersonBP/Maps/ThirdPersonExampleMap.ThirdPersonExampleMap:PersistentLevel.ThirdPersonExampleMap'
[2017.03.25-00.27.36:381][404]LogBlueprintUserMessages: Late EndPlayMap Detection: Level '/Game/ThirdPersonBP/Maps/ThirdPersonExampleMap.ThirdPersonExampleMap:PersistentLevel' has LevelScriptBlueprint '/Game/ThirdPersonBP/Maps/ThirdPersonExampleMap.ThirdPersonExampleMap:PersistentLevel.ThirdPersonExampleMap' with GeneratedClass '/Game/ThirdPersonBP/Maps/ThirdPersonExampleMap.ThirdPersonExampleMap_C' with ClassGeneratedBy '/Game/ThirdPersonBP/Maps/ThirdPersonExampleMap.ThirdPersonExampleMap:PersistentLevel.ThirdPersonExampleMap'
[2017.03.25-00.27.39:019][656]LogSlate: Took 0.000207 seconds to synchronously load lazily loaded font '../../../Engine/Content/Editor/Slate/Fonts/Roboto-Italic.ttf' (157K)
[2017.03.25-00.27.44:229][204]LogRenderer: Reallocating scene render targets to support 952x568 NumSamples 1 (Frame:3625).
[2017.03.25-00.36.45:196][947]LogFileHelpers: Editor autosave (incl. sublevels) for '/Game/ThirdPersonBP/Maps/ThirdPersonExampleMap' took 0.024
[2017.03.25-00.36.45:198][947]OBJ SavePackage: Generating thumbnails for [0] asset(s) in package [/Game/Nabil/MLNW_WidgetHUD] ([1] browsable assets)...
[2017.03.25-00.36.45:198][947]OBJ SavePackage: Finished generating thumbnails for package [/Game/Nabil/MLNW_WidgetHUD]
[2017.03.25-00.36.45:230][947]LogSavePackage: Save=21.20ms
[2017.03.25-00.36.45:230][947]LogSavePackage: Moving '../../../../../../Users/Bill/Documents/MakeWarNotLove/MakeWarNotLove/Saved/MLNW_WidgetHUD_Auto199CE93AA41FE7C43D76C16B809F0D2EC.tmp' to '../../../../../../Users/Bill/Documents/MakeWarNotLove/MakeWarNotLove/Saved/Autosaves/Game/Nabil/MLNW_WidgetHUD_Auto1.uasset'
[2017.03.25-00.36.45:232][947]LogSavePackage:Display: Finished SavePackage ../../../../../../Users/Bill/Documents/MakeWarNotLove/MakeWarNotLove/Saved/Autosaves/Game/Nabil/MLNW_WidgetHUD_Auto1.uasset
[2017.03.25-00.36.45:232][947]LogFileHelpers: Auto-saving content packages took 0.035
[2017.03.25-00.37.17:427][562]BlueprintLog: New page: Compile MLNW_WidgetHUD
[2017.03.25-00.37.18:416][637]Cmd: OBJ SAVEPACKAGE PACKAGE="/Game/Nabil/MLNW_WidgetHUD" FILE="../../../../../../Users/Bill/Documents/MakeWarNotLove/MakeWarNotLove/Content/Nabil/MLNW_WidgetHUD.uasset" SILENT=true
[2017.03.25-00.37.18:436][637]LogSavePackage: Save=16.61ms
[2017.03.25-00.37.18:436][637]LogSavePackage: Moving '../../../../../../Users/Bill/Documents/MakeWarNotLove/MakeWarNotLove/Saved/MLNW_WidgetHUDA223025C44EE88B84F00DCA12B7D93E1.tmp' to '../../../../../../Users/Bill/Documents/MakeWarNotLove/MakeWarNotLove/Content/Nabil/MLNW_WidgetHUD.uasset'
[2017.03.25-00.37.18:440][637]LogSavePackage:Display: Finished SavePackage ../../../../../../Users/Bill/Documents/MakeWarNotLove/MakeWarNotLove/Content/Nabil/MLNW_WidgetHUD.uasset
[2017.03.25-00.37.25:123][347]LogWindowsTextInputMethodSystem:Display: IME system now deactivated.
[2017.03.25-00.37.25:433][348]Cmd: QUIT_EDITOR
[2017.03.25-00.37.26:344][348]LogExit: Preparing to exit.
[2017.03.25-00.37.27:764][348]LogDirectoryWatcher: A directory notification for 'C:/Users/Bill/Documents/MakeWarNotLove/MakeWarNotLove/Content/' was aborted.
[2017.03.25-00.37.27:870][348]LogExit: Editor shut down
[2017.03.25-00.37.27:870][348]LogExit: Transaction tracking system shut down
[2017.03.25-00.37.28:842][348]LogObj: Freed 0b from 0 cluster array pools.
[2017.03.25-00.37.28:842][348]LogExit: Object subsystem successfully closed.
[2017.03.25-00.37.28:892][348]LogD3D11RHI: Shutdown
[2017.03.25-00.37.28:892][348]LogD3D11RHI: CleanupD3DDevice
[2017.03.25-00.37.29:275][348]LogD3D11RHI: ~FD3D11DynamicRHI
[2017.03.25-00.37.30:578][348]LogModuleManager: Shutting down and abandoning module MovieSceneCapture (506)
[2017.03.25-00.37.30:578][348]LogModuleManager: Shutting down and abandoning module SequencerWidgets (504)
[2017.03.25-00.37.30:578][348]LogModuleManager: Shutting down and abandoning module BlueprintGraph (502)
[2017.03.25-00.37.30:578][348]LogModuleManager: Shutting down and abandoning module BlueprintProfiler (500)
[2017.03.25-00.37.30:579][348]LogModuleManager: Shutting down and abandoning module HierarchicalLODOutliner (498)
[2017.03.25-00.37.30:579][348]LogModuleManager: Shutting down and abandoning module CrashTracker (496)
[2017.03.25-00.37.30:579][348]LogModuleManager: Shutting down and abandoning module AddContentDialog (494)
[2017.03.25-00.37.30:604][348]LogDirectoryWatcher: A directory notification for 'C:/Program Files/Epic Games/UE_4.15/FeaturePacks/' was aborted.
[2017.03.25-00.37.30:605][348]LogModuleManager: Shutting down and abandoning module WidgetCarousel (493)
[2017.03.25-00.37.30:605][348]LogModuleManager: Shutting down and abandoning module EditorWidgets (490)
[2017.03.25-00.37.30:605][348]LogModuleManager: Shutting down and abandoning module CollectionManager (488)
[2017.03.25-00.37.30:619][348]LogDirectoryWatcher: A directory notification for 'C:/Users/Bill/Documents/MakeWarNotLove/MakeWarNotLove/Content/Collections/' was aborted.
[2017.03.25-00.37.30:619][348]LogDirectoryWatcher: A directory notification for 'C:/Users/Bill/Documents/MakeWarNotLove/MakeWarNotLove/Content/Developers/Bill/Collections/' was aborted.
[2017.03.25-00.37.30:619][348]LogDirectoryWatcher: A directory notification for 'C:/Users/Bill/Documents/MakeWarNotLove/MakeWarNotLove/Saved/Collections/' was aborted.
[2017.03.25-00.37.30:619][348]LogModuleManager: Shutting down and abandoning module SceneOutliner (486)
[2017.03.25-00.37.30:619][348]LogModuleManager: Shutting down and abandoning module StatsViewer (484)
[2017.03.25-00.37.30:620][348]LogModuleManager: Shutting down and abandoning module FoliageEdit (482)
[2017.03.25-00.37.30:620][348]LogModuleManager: Shutting down and abandoning module LandscapeEditor (480)
[2017.03.25-00.37.30:620][348]LogModuleManager: Shutting down and abandoning module SceneDepthPickerMode (478)
[2017.03.25-00.37.30:620][348]LogModuleManager: Shutting down and abandoning module ActorPickerMode (476)
[2017.03.25-00.37.30:620][348]LogModuleManager: Shutting down and abandoning module GeometryMode (474)
[2017.03.25-00.37.30:620][348]LogModuleManager: Shutting down and abandoning module TextureAlignMode (472)
[2017.03.25-00.37.30:620][348]LogModuleManager: Shutting down and abandoning module BspMode (470)
[2017.03.25-00.37.30:623][348]LogModuleManager: Shutting down and abandoning module HardwareSurvey (468)
[2017.03.25-00.37.30:623][348]LogModuleManager: Shutting down and abandoning module SequenceRecorderSections (466)
[2017.03.25-00.37.30:623][348]LogModuleManager: Shutting down and abandoning module AutomationWorker (464)
[2017.03.25-00.37.30:632][348]LogModuleManager: Shutting down and abandoning module MatineeToLevelSequence (462)
[2017.03.25-00.37.30:632][348]LogModuleManager: Shutting down and abandoning module LevelSequenceEditor (460)
[2017.03.25-00.37.30:648][348]LogModuleManager: Shutting down and abandoning module PlacementMode (459)
[2017.03.25-00.37.30:648][348]LogModuleManager: Shutting down and abandoning module WmfMediaFactory (456)
[2017.03.25-00.37.30:648][348]LogModuleManager: Shutting down and abandoning module WmfMediaEditor (454)
[2017.03.25-00.37.30:648][348]LogModuleManager: Shutting down and abandoning module MfMediaFactory (452)
[2017.03.25-00.37.30:648][348]LogModuleManager: Shutting down and abandoning module MfMediaEditor (450)
[2017.03.25-00.37.30:648][348]LogModuleManager: Shutting down and abandoning module AvfMediaFactory (448)
[2017.03.25-00.37.30:648][348]LogModuleManager: Shutting down and abandoning module AvfMediaEditor (446)
[2017.03.25-00.37.30:648][348]LogModuleManager: Shutting down and abandoning module AndroidMediaFactory (444)
[2017.03.25-00.37.30:648][348]LogModuleManager: Shutting down and abandoning module Media (443)
[2017.03.25-00.37.30:648][348]LogModuleManager: Shutting down and abandoning module AndroidMediaEditor (440)
[2017.03.25-00.37.30:648][348]LogModuleManager: Shutting down and abandoning module CharacterAI (438)
[2017.03.25-00.37.30:648][348]LogModuleManager: Shutting down and abandoning module AudioCapture (436)
[2017.03.25-00.37.30:648][348]LogModuleManager: Shutting down and abandoning module SequenceRecorder (435)
[2017.03.25-00.37.30:670][348]LogModuleManager: Shutting down and abandoning module SmartSnapping (432)
[2017.03.25-00.37.30:670][348]LogModuleManager: Shutting down and abandoning module SessionServices (430)
[2017.03.25-00.37.30:670][348]LogModuleManager: Shutting down and abandoning module ViewportSnapping (428)
[2017.03.25-00.37.30:670][348]LogModuleManager: Shutting down and abandoning module ViewportInteraction (426)
[2017.03.25-00.37.30:670][348]LogModuleManager: Shutting down and abandoning module LogVisualizer (424)
[2017.03.25-00.37.30:671][348]LogModuleManager: Shutting down and abandoning module IntroTutorials (422)
[2017.03.25-00.37.30:684][348]LogModuleManager: Shutting down and abandoning module GameProjectGeneration (421)
[2017.03.25-00.37.30:743][348]LogModuleManager: Shutting down and abandoning module EditorLiveStreaming (418)
[2017.03.25-00.37.30:743][348]LogModuleManager: Shutting down and abandoning module IOSPlatformEditor (416)
[2017.03.25-00.37.30:743][348]LogModuleManager: Shutting down and abandoning module HTML5PlatformEditor (414)
[2017.03.25-00.37.30:743][348]LogModuleManager: Shutting down and abandoning module AndroidPlatformEditor (412)
[2017.03.25-00.37.30:772][348]LogModuleManager: Shutting down and abandoning module AndroidDeviceDetection (411)
[2017.03.25-00.37.30:780][348]LogModuleManager: Shutting down and abandoning module IOSRuntimeSettings (408)
[2017.03.25-00.37.30:780][348]LogModuleManager: Shutting down and abandoning module AndroidRuntimeSettings (406)
[2017.03.25-00.37.30:780][348]LogModuleManager: Shutting down and abandoning module InputBindingEditor (404)
[2017.03.25-00.37.30:780][348]LogModuleManager: Shutting down and abandoning module NiagaraEditor (402)
[2017.03.25-00.37.30:825][348]LogModuleManager: Shutting down and abandoning module MergeActors (400)
[2017.03.25-00.37.30:836][348]LogModuleManager: Shutting down and abandoning module SizeMap (398)
[2017.03.25-00.37.30:836][348]LogModuleManager: Shutting down and abandoning module TreeMap (396)
[2017.03.25-00.37.30:857][348]LogModuleManager: Shutting down and abandoning module ReferenceViewer (394)
[2017.03.25-00.37.30:857][348]LogModuleManager: Shutting down and abandoning module LocalizationDashboard (392)
[2017.03.25-00.37.30:883][348]LogModuleManager: Shutting down and abandoning module LocalizationService (391)
[2017.03.25-00.37.30:897][348]LogModuleManager: Shutting down and abandoning module HardwareTargeting (388)
[2017.03.25-00.37.30:921][348]LogModuleManager: Shutting down and abandoning module DeviceProfileEditor (386)
[2017.03.25-00.37.30:932][348]LogModuleManager: Shutting down and abandoning module UndoHistory (384)
[2017.03.25-00.37.30:939][348]LogModuleManager: Shutting down and abandoning module UserFeedback (382)
[2017.03.25-00.37.30:939][348]LogModuleManager: Shutting down and abandoning module XmlParser (380)
[2017.03.25-00.37.30:939][348]LogModuleManager: Shutting down and abandoning module Blutility (378)
[2017.03.25-00.37.30:949][348]LogModuleManager: Shutting down and abandoning module ProjectSettingsViewer (376)
[2017.03.25-00.37.30:949][348]LogModuleManager: Shutting down and abandoning module ProjectTargetPlatformEditor (375)
[2017.03.25-00.37.30:950][348]LogModuleManager: Shutting down and abandoning module EditorSettingsViewer (372)
[2017.03.25-00.37.30:950][348]LogModuleManager: Shutting down and abandoning module SettingsEditor (370)
[2017.03.25-00.37.30:977][348]LogModuleManager: Shutting down and abandoning module ProjectLauncher (368)
[2017.03.25-00.37.31:019][348]LogModuleManager: Shutting down and abandoning module SessionFrontend (366)
[2017.03.25-00.37.31:046][348]LogModuleManager: Shutting down and abandoning module ProfilerClient (364)
[2017.03.25-00.37.31:072][348]LogModuleManager: Shutting down and abandoning module DeviceManager (362)
[2017.03.25-00.37.31:078][348]LogModuleManager: Shutting down and abandoning module TargetDeviceServices (361)
[2017.03.25-00.37.31:126][348]LogModuleManager: Shutting down and abandoning module AutomationController (358)
[2017.03.25-00.37.31:157][348]LogModuleManager: Shutting down and abandoning module AutomationWindow (356)
[2017.03.25-00.37.31:173][348]LogModuleManager: Shutting down and abandoning module Layers (354)
[2017.03.25-00.37.31:217][348]LogModuleManager: Shutting down and abandoning module ComponentVisualizers (352)
[2017.03.25-00.37.31:217][348]LogModuleManager: Shutting down and abandoning module DetailCustomizations (350)
[2017.03.25-00.37.31:219][348]LogModuleManager: Shutting down and abandoning module PackagesDialog (348)
[2017.03.25-00.37.31:221][348]LogModuleManager: Shutting down and abandoning module Persona (346)
[2017.03.25-00.37.31:222][348]LogModuleManager: Shutting down and abandoning module AnimGraph (345)
[2017.03.25-00.37.31:222][348]LogModuleManager: Shutting down and abandoning module Kismet (342)
[2017.03.25-00.37.31:250][348]LogModuleManager: Shutting down and abandoning module GraphEditor (340)
[2017.03.25-00.37.31:250][348]LogModuleManager: Shutting down and abandoning module ClassViewer (338)
[2017.03.25-00.37.31:250][348]LogModuleManager: Shutting down and abandoning module Toolbox (336)
[2017.03.25-00.37.31:250][348]LogModuleManager: Shutting down and abandoning module ModuleUI (334)
[2017.03.25-00.37.31:271][348]LogModuleManager: Shutting down and abandoning module MovieSceneTools (332)
[2017.03.25-00.37.31:278][348]LogModuleManager: Shutting down and abandoning module OutputLog (330)
[2017.03.25-00.37.31:303][348]LogModuleManager: Shutting down and abandoning module GammaUI (328)
[2017.03.25-00.37.31:326][348]LogModuleManager: Shutting down and abandoning module Documentation (326)
[2017.03.25-00.37.31:327][348]LogModuleManager: Shutting down and abandoning module Niagara (324)
[2017.03.25-00.37.31:327][348]LogModuleManager: Shutting down and abandoning module StreamingPauseRendering (322)
[2017.03.25-00.37.31:327][348]LogModuleManager: Shutting down and abandoning module AnalyticsET (320)
[2017.03.25-00.37.31:327][348]LogModuleManager: Shutting down and abandoning module PortalServices (318)
[2017.03.25-00.37.31:327][348]LogModuleManager: Shutting down and abandoning module PortalRpc (316)
[2017.03.25-00.37.31:327][348]LogModuleManager: Shutting down and abandoning module MessagingRpc (314)
[2017.03.25-00.37.31:327][348]LogModuleManager: Shutting down and abandoning module AIModule (312)
[2017.03.25-00.37.31:327][348]LogModuleManager: Shutting down and abandoning module GameplayDebugger (311)
[2017.03.25-00.37.31:333][348]LogModuleManager: Shutting down and abandoning module AITestSuite (309)
[2017.03.25-00.37.31:334][348]LogModuleManager: Shutting down and abandoning module ProfilerService (306)
[2017.03.25-00.37.31:477][348]LogModuleManager: Shutting down and abandoning module TaskGraph (304)
[2017.03.25-00.37.31:534][348]LogModuleManager: Shutting down and abandoning module SteamVRController (302)
[2017.03.25-00.37.31:534][348]LogModuleManager: Shutting down and abandoning module SteamVR (300)
[2017.03.25-00.37.31:534][348]LogModuleManager: Shutting down and abandoning module ProceduralMeshComponentEditor (298)
[2017.03.25-00.37.31:534][348]LogModuleManager: Shutting down and abandoning module ProceduralMeshComponent (296)
[2017.03.25-00.37.31:563][348]LogModuleManager: Shutting down and abandoning module OculusLibrary (294)
[2017.03.25-00.37.31:563][348]LogModuleManager: Shutting down and abandoning module OculusInput (292)
[2017.03.25-00.37.31:563][348]LogModuleManager: Shutting down and abandoning module MobilePatchingUtils (290)
[2017.03.25-00.37.31:563][348]LogModuleManager: Shutting down and abandoning module CustomMeshComponent (288)
[2017.03.25-00.37.31:563][348]LogModuleManager: Shutting down and abandoning module CableComponent (286)
[2017.03.25-00.37.31:563][348]LogModuleManager: Shutting down and abandoning module ArchVisCharacter (284)
[2017.03.25-00.37.31:563][348]LogModuleManager: Shutting down and abandoning module MediaPlayerEditor (280)
[2017.03.25-00.37.31:644][348]LogModuleManager: Shutting down and abandoning module HTML5Networking (278)
[2017.03.25-00.37.31:644][348]LogModuleManager: Shutting down and abandoning module AlembicImporter (276)
[2017.03.25-00.37.31:656][348]LogModuleManager: Shutting down and abandoning module AlembicLibrary (275)
[2017.03.25-00.37.31:656][348]LogModuleManager: Shutting down and abandoning module GeometryCache (274)
[2017.03.25-00.37.31:656][348]LogModuleManager: Shutting down and abandoning module GeometryCacheEd (273)
[2017.03.25-00.37.31:656][348]LogModuleManager: Shutting down and abandoning module SuperSearchEditor (268)
[2017.03.25-00.37.31:656][348]LogModuleManager: Shutting down and abandoning module SuperSearch (267)
[2017.03.25-00.37.31:656][348]LogModuleManager: Shutting down and abandoning module SpeedTreeImporter (264)
[2017.03.25-00.37.31:656][348]LogModuleManager: Shutting down and abandoning module PluginBrowser (262)
[2017.03.25-00.37.31:668][348]LogModuleManager: Shutting down and abandoning module MobileLauncherProfileWizard (260)
[2017.03.25-00.37.31:689][348]LogModuleManager: Shutting down and abandoning module EpicSurvey (258)
[2017.03.25-00.37.31:689][348]LogModuleManager: Shutting down and abandoning module VisualStudioSourceCodeAccess (256)
[2017.03.25-00.37.31:689][348]LogModuleManager: Shutting down and abandoning module DesktopPlatform (255)
[2017.03.25-00.37.31:689][348]LogModuleManager: Shutting down and abandoning module UObjectPlugin (252)
[2017.03.25-00.37.31:689][348]LogModuleManager: Shutting down and abandoning module SubversionSourceControl (250)
[2017.03.25-00.37.31:697][348]LogModuleManager: Shutting down and abandoning module PerforceSourceControl (248)
[2017.03.25-00.37.31:700][348]LogModuleManager: Shutting down and abandoning module GitSourceControl (246)
[2017.03.25-00.37.31:704][348]LogModuleManager: Shutting down and abandoning module SourceControl (245)
[2017.03.25-00.37.31:712][348]LogModuleManager: Shutting down and abandoning module LightPropagationVolumeEditor (242)
[2017.03.25-00.37.31:712][348]LogModuleManager: Shutting down and abandoning module PaperTiledImporter (240)
[2017.03.25-00.37.31:712][348]LogModuleManager: Shutting down and abandoning module PaperSpriteSheetImporter (238)
[2017.03.25-00.37.31:712][348]LogModuleManager: Shutting down and abandoning module Paper2DEditor (236)
[2017.03.25-00.37.31:719][348]LogModuleManager: Shutting down and abandoning module MeshPaint (235)
[2017.03.25-00.37.31:755][348]LogModuleManager: Shutting down and abandoning module LevelEditor (233)
[2017.03.25-00.37.31:778][348]LogModuleManager: Shutting down and abandoning module PixelInspectorModule (232)
[2017.03.25-00.37.31:788][348]LogModuleManager: Shutting down and abandoning module MainFrame (230)
[2017.03.25-00.37.31:788][348]LogModuleManager: Shutting down and abandoning module HotReload (229)
[2017.03.25-00.37.31:797][348]LogModuleManager: Shutting down and abandoning module ContentBrowser (225)
[2017.03.25-00.37.31:798][348]LogModuleManager: Shutting down and abandoning module PhysXVehiclesEditor (222)
[2017.03.25-00.37.31:814][348]LogModuleManager: Shutting down and abandoning module PhysXVehicles (220)
[2017.03.25-00.37.31:814][348]LogModuleManager: Shutting down and abandoning module LocationServicesBPLibrary (218)
[2017.03.25-00.37.31:814][348]LogModuleManager: Shutting down and abandoning module UdpMessaging (216)
[2017.03.25-00.37.31:915][348]LogModuleManager: Shutting down and abandoning module TcpMessaging (214)
[2017.03.25-00.37.32:045][348]LogModuleManager: Shutting down and abandoning module GameplayTagsEditor (212)
[2017.03.25-00.37.32:079][348]LogModuleManager: Shutting down and abandoning module FacialAnimationEditor (210)
[2017.03.25-00.37.32:088][348]LogModuleManager: Shutting down and abandoning module FacialAnimation (208)
[2017.03.25-00.37.32:088][348]LogModuleManager: Shutting down and abandoning module LightPropagationVolumeRuntime (206)
[2017.03.25-00.37.32:088][348]LogModuleManager: Shutting down and abandoning module Paper2D (204)
[2017.03.25-00.37.32:096][348]LogModuleManager: Shutting down and abandoning module WindowsMoviePlayer (202)
[2017.03.25-00.37.32:097][348]LogModuleManager: Shutting down and abandoning module WmfMedia (200)
[2017.03.25-00.37.32:104][348]LogModuleManager: Shutting down and abandoning module MfMedia (198)
[2017.03.25-00.37.32:104][348]LogModuleManager: Shutting down and abandoning module MediaAssets (196)
[2017.03.25-00.37.32:104][348]LogModuleManager: Shutting down and abandoning module GameLiveStreaming (194)
[2017.03.25-00.37.32:117][348]LogModuleManager: Shutting down and abandoning module VREditor (192)
[2017.03.25-00.37.32:117][348]LogModuleManager: Shutting down and abandoning module GameplayTasksEditor (190)
[2017.03.25-00.37.32:117][348]LogModuleManager: Shutting down and abandoning module BehaviorTreeEditor (188)
[2017.03.25-00.37.32:148][348]LogModuleManager: Shutting down and abandoning module FunctionalTesting (186)
[2017.03.25-00.37.32:148][348]LogModuleManager: Shutting down and abandoning module CollisionAnalyzer (184)
[2017.03.25-00.37.32:159][348]LogModuleManager: Shutting down and abandoning module UMG (182)
[2017.03.25-00.37.32:163][348]LogModuleManager: Shutting down and abandoning module UMGEditor (181)
[2017.03.25-00.37.32:163][348]LogModuleManager: Shutting down and abandoning module Sequencer (180)
[2017.03.25-00.37.32:164][348]LogModuleManager: Shutting down and abandoning module AssetTools (178)
[2017.03.25-00.37.32:179][348]LogModuleManager: Shutting down and abandoning module MessageLog (177)
[2017.03.25-00.37.32:179][348]LogModuleManager: Shutting down and abandoning module WorkspaceMenuStructure (176)
[2017.03.25-00.37.32:179][348]LogModuleManager: Shutting down and abandoning module SlateReflector (170)
[2017.03.25-00.37.32:213][348]LogModuleManager: Shutting down and abandoning module Slate (168)
[2017.03.25-00.37.32:213][348]LogModuleManager: Shutting down and abandoning module EditorStyle (166)
[2017.03.25-00.37.32:220][348]LogModuleManager: Shutting down and abandoning module SourceCodeAccess (164)
[2017.03.25-00.37.32:272][348]LogModuleManager: Shutting down and abandoning module HeadMountedDisplay (162)
[2017.03.25-00.37.32:272][348]LogModuleManager: Shutting down and abandoning module XAudio2 (160)
[2017.03.25-00.37.32:272][348]LogModuleManager: Shutting down and abandoning module Networking (158)
[2017.03.25-00.37.32:272][348]LogModuleManager: Shutting down and abandoning module Core (154)
[2017.03.25-00.37.32:272][348]LogModuleManager: Shutting down and abandoning module AssetRegistry (152)
[2017.03.25-00.37.32:463][348]LogDirectoryWatcher: A directory notification for '../../../Engine/Content/' was aborted.
[2017.03.25-00.37.32:463][348]LogDirectoryWatcher: A directory notification for '../../../../../../Users/Bill/Documents/MakeWarNotLove/MakeWarNotLove/Content/' was aborted.
[2017.03.25-00.37.32:463][348]LogDirectoryWatcher: A directory notification for '../../../Engine/Plugins/2D/Paper2D/Content/' was aborted.
[2017.03.25-00.37.32:487][348]LogModuleManager: Shutting down and abandoning module DirectoryWatcher (151)
[2017.03.25-00.37.32:488][348]LogModuleManager: Shutting down and abandoning module KismetCompiler (148)
[2017.03.25-00.37.32:488][348]LogModuleManager: Shutting down and abandoning module PhysXFormats (146)
[2017.03.25-00.37.32:488][348]LogModuleManager: Shutting down and abandoning module MeshUtilities (144)
[2017.03.25-00.37.32:515][348]LogModuleManager: Shutting down and abandoning module SimplygonSwarm (143)
[2017.03.25-00.37.32:541][348]LogModuleManager: Shutting down and abandoning module SimplygonMeshReduction (141)
[2017.03.25-00.37.32:541][348]LogModuleManager: Shutting down and abandoning module QuadricMeshReduction (139)
[2017.03.25-00.37.32:568][348]LogModuleManager: Shutting down and abandoning module PropertyEditor (137)
[2017.03.25-00.37.32:596][348]LogModuleManager: Shutting down and abandoning module DerivedDataCache (134)
[2017.03.25-00.37.32:638][348]LogDerivedDataCache: Shutdown
[2017.03.25-00.37.32:639][348]LogModuleManager: Shutting down and abandoning module TargetPlatform (132)
[2017.03.25-00.37.32:639][348]LogModuleManager: Shutting down and abandoning module VulkanShaderFormat (131)
[2017.03.25-00.37.32:667][348]LogModuleManager: Shutting down and abandoning module ShaderFormatOpenGL (129)
[2017.03.25-00.37.32:670][348]LogModuleManager: Shutting down and abandoning module ShaderFormatD3D (127)
[2017.03.25-00.37.32:675][348]LogModuleManager: Shutting down and abandoning module MetalShaderFormat (125)
[2017.03.25-00.37.32:702][348]LogModuleManager: Shutting down and abandoning module TextureFormatUncompressed (123)
[2017.03.25-00.37.32:702][348]LogModuleManager: Shutting down and abandoning module TextureFormatPVR (121)
[2017.03.25-00.37.32:702][348]LogModuleManager: Shutting down and abandoning module TextureFormatDXT (119)
[2017.03.25-00.37.32:729][348]LogModuleManager: Shutting down and abandoning module TextureFormatIntelISPCTexComp (117)
[2017.03.25-00.37.32:759][348]LogModuleManager: Shutting down and abandoning module TextureFormatASTC (115)
[2017.03.25-00.37.32:759][348]LogModuleManager: Shutting down and abandoning module ImageWrapper (114)
[2017.03.25-00.37.32:759][348]LogModuleManager: Shutting down and abandoning module TextureFormatAndroid (111)
[2017.03.25-00.37.32:759][348]LogModuleManager: Shutting down and abandoning module AudioFormatOpus (109)
[2017.03.25-00.37.32:787][348]LogModuleManager: Shutting down and abandoning module AudioFormatOgg (107)
[2017.03.25-00.37.32:787][348]LogModuleManager: Shutting down and abandoning module AudioFormatADPCM (105)
[2017.03.25-00.37.32:787][348]LogModuleManager: Shutting down and abandoning module LinuxTargetPlatform (103)
[2017.03.25-00.37.32:787][348]LogModuleManager: Shutting down and abandoning module LinuxServerTargetPlatform (101)
[2017.03.25-00.37.32:787][348]LogModuleManager: Shutting down and abandoning module LinuxNoEditorTargetPlatform (99)
[2017.03.25-00.37.32:787][348]LogModuleManager: Shutting down and abandoning module LinuxClientTargetPlatform (97)
[2017.03.25-00.37.32:787][348]LogModuleManager: Shutting down and abandoning module TVOSTargetPlatform (95)
[2017.03.25-00.37.32:787][348]LogModuleManager: Shutting down and abandoning module Messaging (93)
[2017.03.25-00.37.32:787][348]LogModuleManager: Shutting down and abandoning module IOSTargetPlatform (91)
[2017.03.25-00.37.32:787][348]LogModuleManager: Shutting down and abandoning module HTML5TargetPlatform (89)
[2017.03.25-00.37.32:787][348]LogModuleManager: Shutting down and abandoning module Android_PVRTCTargetPlatform (87)
[2017.03.25-00.37.32:787][348]LogModuleManager: Shutting down and abandoning module Android_MultiTargetPlatform (85)
[2017.03.25-00.37.32:787][348]LogModuleManager: Shutting down and abandoning module Android_ETC2TargetPlatform (83)
[2017.03.25-00.37.32:787][348]LogModuleManager: Shutting down and abandoning module Android_ETC1TargetPlatform (81)
[2017.03.25-00.37.32:787][348]LogModuleManager: Shutting down and abandoning module Android_DXTTargetPlatform (79)
[2017.03.25-00.37.32:787][348]LogModuleManager: Shutting down and abandoning module Android_ATCTargetPlatform (77)
[2017.03.25-00.37.32:787][348]LogModuleManager: Shutting down and abandoning module Android_ASTCTargetPlatform (75)
[2017.03.25-00.37.32:787][348]LogModuleManager: Shutting down and abandoning module AndroidTargetPlatform (73)
[2017.03.25-00.37.32:787][348]LogModuleManager: Shutting down and abandoning module WindowsTargetPlatform (71)
[2017.03.25-00.37.32:787][348]LogModuleManager: Shutting down and abandoning module WindowsServerTargetPlatform (69)
[2017.03.25-00.37.32:787][348]LogModuleManager: Shutting down and abandoning module WindowsNoEditorTargetPlatform (67)
[2017.03.25-00.37.32:787][348]LogModuleManager: Shutting down and abandoning module WindowsClientTargetPlatform (65)
[2017.03.25-00.37.32:787][348]LogModuleManager: Shutting down and abandoning module MacTargetPlatform (63)
[2017.03.25-00.37.32:787][348]LogModuleManager: Shutting down and abandoning module MacServerTargetPlatform (61)
[2017.03.25-00.37.32:787][348]LogModuleManager: Shutting down and abandoning module MacNoEditorTargetPlatform (59)
[2017.03.25-00.37.32:787][348]LogModuleManager: Shutting down and abandoning module MacClientTargetPlatform (57)
[2017.03.25-00.37.32:787][348]LogModuleManager: Shutting down and abandoning module AllDesktopTargetPlatform (55)
[2017.03.25-00.37.32:787][348]LogModuleManager: Shutting down and abandoning module InputCore (52)
[2017.03.25-00.37.32:787][348]LogModuleManager: Shutting down and abandoning module Settings (50)
[2017.03.25-00.37.32:788][348]LogModuleManager: Shutting down and abandoning module OculusRift (48)
[2017.03.25-00.37.32:810][348]LogModuleManager: Shutting down and abandoning module GearVR (46)
[2017.03.25-00.37.32:810][348]LogModuleManager: Shutting down and abandoning module ExampleDeviceProfileSelector (44)
[2017.03.25-00.37.32:810][348]LogModuleManager: Shutting down and abandoning module OnlineBlueprintSupport (42)
[2017.03.25-00.37.32:810][348]LogModuleManager: Shutting down and abandoning module OnlineSubsystem (38)
[2017.03.25-00.37.32:810][348]LogOnline:Display: Unloading online subsystem: NULL
[2017.03.25-00.37.32:896][348]LogModuleManager: Shutting down and abandoning module XMPP (37)
[2017.03.25-00.37.32:923][348]LogModuleManager: Shutting down and abandoning module HTTP (35)
[2017.03.25-00.37.32:928][348]LogHttp:Display: Http module shutting down, but needs to wait on 1 outstanding Http requests:
[2017.03.25-00.37.32:928][348]LogHttp:Display: 	verb=[POST] url=[https://datarouter.ol.epicgames.com/datarouter/api/v1/public/data?SessionID=%7BC336F1EF-470E-F779-C746-A1A8353A5BF8%7D&AppID=UEEditor.Rocket.Release&AppVersion=4.15.1-3348071%2B%2B%2BUE4%2BRelease-4.15&UserID=faa1d9824ef862064067258dd56d8f28%7C481305e73ad443c5853684f63ca46743%7C0579ea38-b969-455d-8a3c-84f40a55b2fb&AppEnvironment=datacollector-binary&UploadType=eteventstream] status=Processing
[2017.03.25-00.37.32:942][348]LogModuleManager: Shutting down and abandoning module SSL (34)
[2017.03.25-00.37.32:953][348]LogModuleManager: Shutting down and abandoning module AudioEditor (30)
[2017.03.25-00.37.32:959][348]LogModuleManager: Shutting down and abandoning module TextureCompressor (28)
[2017.03.25-00.37.32:989][348]LogModuleManager: Shutting down and abandoning module ShaderCore (26)
[2017.03.25-00.37.32:989][348]LogModuleManager: Shutting down and abandoning module Landscape (24)
[2017.03.25-00.37.32:989][348]LogModuleManager: Shutting down and abandoning module SlateRHIRenderer (22)
[2017.03.25-00.37.33:021][348]LogModuleManager: Shutting down and abandoning module OpenGLDrv (20)
[2017.03.25-00.37.33:044][348]LogModuleManager: Shutting down and abandoning module D3D11RHI (18)
[2017.03.25-00.37.33:044][348]LogModuleManager: Shutting down and abandoning module AnimGraphRuntime (16)
[2017.03.25-00.37.33:070][348]LogModuleManager: Shutting down and abandoning module Renderer (14)
[2017.03.25-00.37.33:070][348]LogModuleManager: Shutting down and abandoning module Engine (12)
[2017.03.25-00.37.33:070][348]LogModuleManager: Shutting down and abandoning module CoreUObject (10)
[2017.03.25-00.37.33:070][348]LogModuleManager: Shutting down and abandoning module NetworkFile (8)
[2017.03.25-00.37.33:070][348]LogModuleManager: Shutting down and abandoning module StreamingFile (6)
[2017.03.25-00.37.33:070][348]LogModuleManager: Shutting down and abandoning module SandboxFile (4)
[2017.03.25-00.37.33:070][348]LogModuleManager: Shutting down and abandoning module PakFile (2)
[2017.03.25-00.37.33:081][348]LogExit: Exiting.
[2017.03.25-00.37.33:085][348]Log file closed, 03/25/17 11:37:33
