Log file open, 04/11/17 16:12:32
LogInit:Display: Running engine for game: MakeWarNotLove
LogPlatformFile: Not using cached read wrapper
LogInit:Display: RandInit(1945330132) SRandInit(1945330132).
LogTaskGraph: Started task graph with 5 named threads and 8 total threads with 1 sets of task threads.
LogStats: Stats thread started at 0.073110
LogInit: Using libcurl 7.47.1
LogInit:  - built for x86_64-pc-win32
LogInit:  - supports SSL with OpenSSL/1.0.2g
LogInit:  - supports HTTP deflate (compression) using libz 1.2.8
LogInit:  - other features:
LogInit:      CURL_VERSION_SSL
LogInit:      CURL_VERSION_LIBZ
LogInit:      CURL_VERSION_IPV6
LogInit:      CURL_VERSION_ASYNCHDNS
LogInit:      CURL_VERSION_LARGEFILE
LogInit:      CURL_VERSION_IDN
LogInit:  CurlRequestOptions (configurable via config and command line):
LogInit:  - bVerifyPeer = false  - Libcurl will NOT verify peer certificate
LogInit:  - bUseHttpProxy = false  - Libcurl will NOT use HTTP proxy
LogInit:  - bDontReuseConnections = false  - Libcurl will reuse connections
LogInit:  - CertBundlePath = nullptr  - Libcurl will use whatever was configured at build time.
LogHMD: GearVR: Emulating GearVR using Oculus Rift!
LogInit: Build: ++UE4+Release-4.15-CL-3348071
LogInit: Engine Version: 4.15.1-3348071+++UE4+Release-4.15
LogInit: Compatible Engine Version: 4.15.0-3299760+++UE4+Release-4.15
LogInit: Net CL: 3299760
LogDevObjectVersion: Number of dev versions registered: 14
LogDevObjectVersion:   Dev-Blueprints (B0D832E4-1F89-4F0D-ACCF-7EB736FD4AA2): 8
LogDevObjectVersion:   Dev-Build (E1C64328-A22C-4D53-A36C-8E866417BD8C): 0
LogDevObjectVersion:   Dev-Core (375EC13C-06E4-48FB-B500-84F0262A717E): 2
LogDevObjectVersion:   Dev-Editor (E4B068ED-F494-42E9-A231-DA0B2E46BB41): 14
LogDevObjectVersion:   Dev-Framework (CFFC743F-43B0-4480-9391-14DF171D2073): 22
LogDevObjectVersion:   Dev-Mobile (B02B49B5-BB20-44E9-A304-32B752E40360): 0
LogDevObjectVersion:   Dev-Networking (A4E4105C-59A1-49B5-A7C5-40C4547EDFEE): 0
LogDevObjectVersion:   Dev-Online (39C831C9-5AE6-47DC-9A44-9C173E1C8E7C): 0
LogDevObjectVersion:   Dev-Physics (78F01B33-EBEA-4F98-B9B4-84EACCB95AA2): 0
LogDevObjectVersion:   Dev-Platform (6631380F-2D4D-43E0-8009-CF276956A95A): 0
LogDevObjectVersion:   Dev-Rendering (12F88B9F-8875-4AFC-A67C-D90C383ABD29): 12
LogDevObjectVersion:   Dev-Sequencer (7B5AE74C-D270-4C10-A958-57980B212A5A): 3
LogDevObjectVersion:   Dev-VR (D7296918-1DD6-4BDD-9DE2-64A83CC13884): 0
LogDevObjectVersion:   Dev-LoadTimes (C2A15278-BFE7-4AFE-6C17-90FF531DF755): 1
LogInit: Compiled (64-bit): Mar 15 2017 16:52:47
LogInit: Compiled with Visual C++: 19.00.23026.00
LogInit: Build Configuration: Development
LogInit: Branch Name: ++UE4+Release-4.15
LogInit: Command line:  
LogInit: Base directory: C:/Users/bmolenaar/Desktop/UE_4.15/Engine/Binaries/Win64/
LogInit: Installed Engine Build: 1
LogInit: Presizing for max 8388607 objects, including 0 objects not considered by GC, pre-allocating 0 bytes for permanent pool.
LogInit: Object subsystem initialized
[2017.04.11-06.12.33:040][  0]LogInit: Selected Device Profile: [Windows]
[2017.04.11-06.12.33:040][  0]LogInit: Applying CVar settings loaded from the selected device profile: [Windows]
[2017.04.11-06.12.33:053][  0]LogInit: Computer: SYD-R102-PC07
[2017.04.11-06.12.33:053][  0]LogInit: User: bmolenaar
[2017.04.11-06.12.33:053][  0]LogInit: CPU Page size=65536, Cores=4
[2017.04.11-06.12.33:053][  0]LogInit: High frequency timer resolution =3.328116 MHz
[2017.04.11-06.12.33:053][  0]LogMemory: Memory total: Physical=31.9GB (32GB approx)
[2017.04.11-06.12.33:053][  0]LogMemory: Platform Memory Stats for Windows
[2017.04.11-06.12.33:053][  0]LogMemory: Process Physical Memory: 264.72 MB used, 264.72 MB peak
[2017.04.11-06.12.33:053][  0]LogMemory: Process Virtual Memory: 263.37 MB used, 263.37 MB peak
[2017.04.11-06.12.33:053][  0]LogMemory: Physical Memory: 6797.93 MB used,  25885.23 MB free, 32683.16 MB total
[2017.04.11-06.12.33:053][  0]LogMemory: Virtual Memory: 659.97 MB used,  25885.23 MB free, 134217728.00 MB total
[2017.04.11-06.12.33:154][  0]LogTextLocalizationManager: No specific translations for ('en-US') exist, so ('en') translations will be used.
[2017.04.11-06.12.33:732][  0]LogD3D11RHI: D3D11 adapters:
[2017.04.11-06.12.33:755][  0]LogD3D11RHI:    0. 'NVIDIA GeForce GTX 980' (Feature Level 11_0)
[2017.04.11-06.12.33:755][  0]LogD3D11RHI:       4060/0/16341 MB DedicatedVideo/DedicatedSystem/SharedSystem, Outputs:1, VendorId:0x10de
[2017.04.11-06.12.33:756][  0]LogD3D11RHI:    1. 'Microsoft Basic Render Driver' (Feature Level 11_0)
[2017.04.11-06.12.33:756][  0]LogD3D11RHI:       0/0/16341 MB DedicatedVideo/DedicatedSystem/SharedSystem, Outputs:0, VendorId:0x1414
[2017.04.11-06.12.33:756][  0]LogD3D11RHI: Chosen D3D11 Adapter: 0
[2017.04.11-06.12.33:760][  0]LogD3D11RHI: Creating new Direct3DDevice
[2017.04.11-06.12.33:760][  0]LogD3D11RHI:     GPU DeviceId: 0x13c0 (for the marketing name, search the web for "GPU Device Id")
[2017.04.11-06.12.33:760][  0]LogWindows: EnumDisplayDevices:
[2017.04.11-06.12.33:760][  0]LogWindows:    0. 'NVIDIA GeForce GTX 980' (P:1 D:1)
[2017.04.11-06.12.33:760][  0]LogWindows:    1. 'NVIDIA GeForce GTX 980' (P:0 D:0)
[2017.04.11-06.12.33:761][  0]LogWindows:    2. 'NVIDIA GeForce GTX 980' (P:0 D:0)
[2017.04.11-06.12.33:761][  0]LogWindows:    3. 'NVIDIA GeForce GTX 980' (P:0 D:0)
[2017.04.11-06.12.33:761][  0]LogWindows: DebugString: FoundDriverCount:4 
[2017.04.11-06.12.33:761][  0]LogD3D11RHI:     Adapter Name: NVIDIA GeForce GTX 980
[2017.04.11-06.12.33:761][  0]LogD3D11RHI:   Driver Version: 376.53 (internal:21.21.13.7653, unified:376.53)
[2017.04.11-06.12.33:761][  0]LogD3D11RHI:      Driver Date: 12-29-2016
[2017.04.11-06.12.33:761][  0]LogRHI: Texture pool is 1361 MB (70% of 1945 MB)
[2017.04.11-06.12.33:774][  0]LogD3D11RHI: Async texture creation enabled
[2017.04.11-06.12.33:784][  0]LogD3D11RHI: GPU Timing Frequency: 1000.000000 (Debug: 2 1)
[2017.04.11-06.12.33:827][  0]LogShaderCompilers: Guid format shader working directory is -5 characters bigger than the processId version (../../../../../Documents/MakeWarNotLove/MakeWarNotLove/Intermediate/Shaders/WorkingDirectory/10944/).
[2017.04.11-06.12.33:827][  0]LogShaderCompilers: Cleaned the shader compiler working directory 'C:/Users/bmolenaar/AppData/Local/Temp/UnrealShaderWorkingDir/551D743D4CFE21E5F138ADAC4E51FAC5/'.
[2017.04.11-06.12.33:827][  0]LogShaderCompilers:Display: Using Local Shader Compiler.
[2017.04.11-06.12.34:822][  0]LogTemp:Display: Loaded TP AllDesktopTargetPlatform
[2017.04.11-06.12.34:897][  0]LogTemp:Display: Loaded TP MacClientTargetPlatform
[2017.04.11-06.12.34:967][  0]LogTemp:Display: Loaded TP MacNoEditorTargetPlatform
[2017.04.11-06.12.35:039][  0]LogTemp:Display: Loaded TP MacServerTargetPlatform
[2017.04.11-06.12.35:107][  0]LogTemp:Display: Loaded TP MacTargetPlatform
[2017.04.11-06.12.35:172][  0]LogTemp:Display: Loaded TP WindowsClientTargetPlatform
[2017.04.11-06.12.35:237][  0]LogTemp:Display: Loaded TP WindowsNoEditorTargetPlatform
[2017.04.11-06.12.35:302][  0]LogTemp:Display: Loaded TP WindowsServerTargetPlatform
[2017.04.11-06.12.35:352][  0]LogTemp:Display: Loaded TP WindowsTargetPlatform
[2017.04.11-06.12.35:408][  0]LogTemp:Display: Loaded TP AndroidTargetPlatform
[2017.04.11-06.12.35:466][  0]LogTemp:Display: Loaded TP Android_ASTCTargetPlatform
[2017.04.11-06.12.35:525][  0]LogTemp:Display: Loaded TP Android_ATCTargetPlatform
[2017.04.11-06.12.35:579][  0]LogTemp:Display: Loaded TP Android_DXTTargetPlatform
[2017.04.11-06.12.35:639][  0]LogTemp:Display: Loaded TP Android_ETC1TargetPlatform
[2017.04.11-06.12.35:699][  0]LogTemp:Display: Loaded TP Android_ETC2TargetPlatform
[2017.04.11-06.12.35:818][  0]LogTemp:Display: Loaded TP Android_MultiTargetPlatform
[2017.04.11-06.12.35:818][  0]LogTemp:Display: Loaded TP Android_PVRTCTargetPlatform
[2017.04.11-06.12.35:865][  0]LogTemp:Display: Loaded TP HTML5TargetPlatform
[2017.04.11-06.12.35:978][  0]LogTemp:Display: Loaded TP IOSTargetPlatform
[2017.04.11-06.12.36:014][  0]LogTemp:Display: Loaded TP TVOSTargetPlatform
[2017.04.11-06.12.36:068][  0]LogTemp:Display: Loaded TP LinuxClientTargetPlatform
[2017.04.11-06.12.36:124][  0]LogTemp:Display: Loaded TP LinuxNoEditorTargetPlatform
[2017.04.11-06.12.36:177][  0]LogTemp:Display: Loaded TP LinuxServerTargetPlatform
[2017.04.11-06.12.36:234][  0]LogTemp:Display: Loaded TP LinuxTargetPlatform
[2017.04.11-06.12.36:234][  0]LogTargetPlatformManager:Display: Building Assets For Windows
[2017.04.11-06.12.36:704][  0]LogDerivedDataCache:Display: Max Cache Size: 512 MB
[2017.04.11-06.12.36:756][  0]LogDerivedDataCache: Loaded boot cache 0.05s 60MB C:/Users/bmolenaar/AppData/Local/UnrealEngine/4.15/DerivedDataCache/Boot.ddc.
[2017.04.11-06.12.36:756][  0]LogDerivedDataCache:Display: Loaded Boot cache: C:/Users/bmolenaar/AppData/Local/UnrealEngine/4.15/DerivedDataCache/Boot.ddc
[2017.04.11-06.12.36:756][  0]LogDerivedDataCache: FDerivedDataBackendGraph:  Pak pak cache file ../../../../../Documents/MakeWarNotLove/MakeWarNotLove/DerivedDataCache/DDC.ddp not found, will not use a pak cache.
[2017.04.11-06.12.36:756][  0]LogDerivedDataCache: Unable to find inner node Pak for hierarchical cache Hierarchy.
[2017.04.11-06.12.36:756][  0]LogDerivedDataCache: FDerivedDataBackendGraph:  CompressedPak pak cache file ../../../../../Documents/MakeWarNotLove/MakeWarNotLove/DerivedDataCache/Compressed.ddp not found, will not use a pak cache.
[2017.04.11-06.12.36:756][  0]LogDerivedDataCache: Unable to find inner node CompressedPak for hierarchical cache Hierarchy.
[2017.04.11-06.12.36:773][  0]LogDerivedDataCache:Display: Pak cache opened for reading ../../../Engine/DerivedDataCache/Compressed.ddp.
[2017.04.11-06.12.36:787][  0]LogDerivedDataCache: Using Local data cache path C:/Users/bmolenaar/AppData/Local/UnrealEngine/Common/DerivedDataCache: Writable
[2017.04.11-06.12.36:795][  0]LogSlate: Using Freetype 2.6.0
[2017.04.11-06.12.36:796][  0]LogSlate: SlateFontCache - WITH_FREETYPE: 1, WITH_HARFBUZZ: 1
[2017.04.11-06.12.36:796][  0]LogSlate: SlateFontCache - WITH_FREETYPE: 1, WITH_HARFBUZZ: 1
[2017.04.11-06.12.37:040][  0]LogInit: Selected Device Profile: [Windows]
[2017.04.11-06.12.37:042][  0]LogContentStreaming: Texture pool size is 0.00 MB
[2017.04.11-06.12.37:243][  0]LogMeshUtilities: Using QuadricMeshReduction for automatic static mesh reduction
[2017.04.11-06.12.37:291][  0]LogSimplygon: Simplygon DLL not present - disabling.
[2017.04.11-06.12.37:341][  0]LogMeshUtilities: Using SimplygonSwarm for distributed automatic mesh merging
[2017.04.11-06.12.37:341][  0]LogMeshUtilities: No automatic skeletal mesh reduction module available
[2017.04.11-06.12.37:341][  0]LogMeshUtilities: No automatic mesh merging module available
[2017.04.11-06.12.37:838][  0]LogNetVersion: GetLocalNetworkVersion: CL: 3299760, ProjectName: makewarnotlove, ProjectVersion: , EngineNetworkVersion: 2, GameNetworkVersion: 0, NetworkChecksum: 263832537
[2017.04.11-06.12.37:885][  0]LogAssetRegistry: FAssetRegistry took 0.0224 seconds to start up
[2017.04.11-06.12.37:939][  0]LogPackageLocalizationCache: Processed 3 localized package path(s) for 2 prioritized culture(s) in 0.030396 seconds
[2017.04.11-06.12.37:944][  0]LogUObjectArray: 32493 objects as part of root set at end of initial load.
[2017.04.11-06.12.37:944][  0]LogUObjectAllocator: 7077024 out of 0 bytes used by permanent object pool.
[2017.04.11-06.12.37:944][  0]LogUObjectArray: CloseDisregardForGC: 0/0 objects in disregard for GC pool
[2017.04.11-06.12.38:020][  0]LogInit: WinSock: version 1.1 (2.2), MaxSocks=32767, MaxUdp=65467
[2017.04.11-06.12.40:099][  0]LogTcpMessaging: Initializing TcpMessaging bridge
[2017.04.11-06.12.40:152][  0]LogUdpMessaging: Initializing bridge on interface 0.0.0.0:0 to multicast group 230.0.0.1:6666.
[2017.04.11-06.12.40:670][  0]LogMaterial: Uniform references updated for custom material expression Custom.
[2017.04.11-06.12.41:110][  0]SourceControl: Info Source control is disabled
[2017.04.11-06.12.41:146][  0]SourceControl: Info Source control is disabled
[2017.04.11-06.12.41:200][  0]SourceControl: Info Source control is disabled
[2017.04.11-06.12.41:255][  0]SourceControl: Info Source control is disabled
[2017.04.11-06.12.42:676][  0]LogEngine: Initializing Engine...
[2017.04.11-06.12.42:676][  0]LogHMD: Failed to initialize OpenVR with code 110
[2017.04.11-06.12.42:676][  0]LogHMD: GearVR starting with CPU: 2 GPU: 3 MinimumVsyncs: 1
[2017.04.11-06.12.42:698][  0]LogWindowsTextInputMethodSystem:Display: IME system now deactivated.
[2017.04.11-06.12.44:161][  0]LogWindowsTextInputMethodSystem:Display: IME system now deactivated.
[2017.04.11-06.12.44:161][  0]LogWindowsTextInputMethodSystem:Display: IME system now deactivated.
[2017.04.11-06.12.44:421][  0]LogAIModule: Creating AISystem for world Untitled
[2017.04.11-06.12.44:438][  0]LogInit: XAudio2 using 'U28E850-8 (NVIDIA High Definition Audio)' : 2 channels at 48 kHz using 16 bits per sample (channel mask 0x3)
[2017.04.11-06.12.44:447][  0]LogInit: FAudioDevice initialized.
[2017.04.11-06.12.44:476][  0]LogDerivedDataCache: Saved boot cache 0.03s 60MB C:/Users/bmolenaar/AppData/Local/UnrealEngine/4.15/DerivedDataCache/Boot.ddc.
[2017.04.11-06.12.44:480][  0]LogInit: Texture streaming: Enabled
[2017.04.11-06.12.44:591][  0]LogEngineSessionManager: EngineSessionManager initialized
[2017.04.11-06.12.44:693][  0]LogInit: Transaction tracking system initialized
[2017.04.11-06.12.45:105][  0]BlueprintLog: New page: Editor Load
[2017.04.11-06.12.46:155][  0]LocalizationService: Info Localization service is disabled
[2017.04.11-06.12.46:927][  0]LogConsoleResponse:Display: 
[2017.04.11-06.12.47:050][  0]LogCook:Display: Max memory allowance for cook 16384mb min free memory 0mb
[2017.04.11-06.12.47:050][  0]LogCook:Display: Mobile HDR setting 1
[2017.04.11-06.12.47:483][  0]LogFileCache: Scanning file cache for directory 'C:/Users/bmolenaar/Documents/MakeWarNotLove/MakeWarNotLove/Content/' took 0.01s
[2017.04.11-06.12.48:236][  0]SourceControl: Info Source control is disabled
[2017.04.11-06.12.48:236][  0]Cmd: MAP LOAD FILE="../../../../../Documents/MakeWarNotLove/MakeWarNotLove/Content/ThirdPersonBP/Maps/ThirdPersonExampleMap.umap" TEMPLATE=0 SHOWPROGRESS=1 FEATURELEVEL=3
[2017.04.11-06.12.48:236][  0]LightingResults: New page: Lighting Build
[2017.04.11-06.12.48:284][  0]MapCheck: New page: Map Check
[2017.04.11-06.12.48:284][  0]LightingResults: New page: Lighting Build
[2017.04.11-06.12.48:862][  0]LogAIModule: Creating AISystem for world ThirdPersonExampleMap
[2017.04.11-06.12.48:886][  0]LogEditorServer: Finished looking for orphan Actors (0.000 secs)
[2017.04.11-06.12.48:886][  0]Cmd: MAP CHECKDEP NOCLEARLOG
[2017.04.11-06.12.48:944][  0]MapCheck: Info Map check complete: 0 Error(s), 0 Warning(s), took 57.419ms to complete.
[2017.04.11-06.12.48:944][  0]LogFileHelpers: Loading map 'ThirdPersonExampleMap' took 0.708
[2017.04.11-06.12.49:104][  0]LogCollectionManager: Loaded 0 collections in 0.001206 seconds
[2017.04.11-06.12.49:187][  0]LogFileCache: Scanning file cache for directory 'C:/Users/bmolenaar/Documents/MakeWarNotLove/MakeWarNotLove/Saved/Collections/' took 0.01s
[2017.04.11-06.12.49:187][  0]LogFileCache: Scanning file cache for directory 'C:/Users/bmolenaar/Documents/MakeWarNotLove/MakeWarNotLove/Content/Developers/bmolenaar/Collections/' took 0.01s
[2017.04.11-06.12.49:187][  0]LogFileCache: Scanning file cache for directory 'C:/Users/bmolenaar/Documents/MakeWarNotLove/MakeWarNotLove/Content/Collections/' took 0.01s
[2017.04.11-06.12.49:187][  0]LogCollectionManager: Rebuilt the GUID cache for 0 collections in 0.000001 seconds
[2017.04.11-06.12.49:194][  0]LogContentBrowser: Native class hierarchy populated in 0.0069 seconds. Added 2245 classes and 453 folders.
[2017.04.11-06.12.49:197][  0]LogStats: UGameplayTagsManager::ConstructGameplayTagTree: Construct from data asset -  0.000 s
[2017.04.11-06.12.49:197][  0]LogStats: UGameplayTagsManager::ConstructGameplayTagTree: GameplayTagTreeChangedEvent.Broadcast -  0.000 s
[2017.04.11-06.12.49:271][  0]LogContentBrowser: Native class hierarchy updated for 'WidgetCarousel' in 0.0007 seconds. Added 0 classes and 0 folders.
[2017.04.11-06.12.49:303][  0]LogContentBrowser: Native class hierarchy updated for 'AddContentDialog' in 0.0004 seconds. Added 0 classes and 0 folders.
[2017.04.11-06.12.49:353][  0]LogContentBrowser: Native class hierarchy updated for 'SceneOutliner' in 0.0005 seconds. Added 1 classes and 2 folders.
[2017.04.11-06.12.49:401][  0]LogCrashTracker: Crashtracker disabled due to settings.
[2017.04.11-06.12.49:505][  0]LogContentBrowser: Native class hierarchy updated for 'HierarchicalLODOutliner' in 0.0004 seconds. Added 1 classes and 2 folders.
[2017.04.11-06.12.49:505][  0]LogLoad: (Engine Initialization) Total time: 18.23 seconds
[2017.04.11-06.12.49:505][  0]LogLoad: (Engine Initialization) Total Blueprint compile time: 0.23 seconds
[2017.04.11-06.12.49:505][  0]LogExternalProfiler: Found external profiler: VSPerf
[2017.04.11-06.12.49:505][  0]LogExternalProfiler: Using external profiler: VSPerf
[2017.04.11-06.12.49:514][  0]LogOcInput: OculusInput pre-init called
[2017.04.11-06.12.49:524][  0]LogOcInput: OculusInput is initialized. Init status -3023. Runtime version: (Unable to load LibOVR)
[2017.04.11-06.12.49:541][  0]LogAssetRegistry: Asset discovery search completed in 11.6779 seconds
[2017.04.11-06.12.49:541][  0]LogCollectionManager: Rebuilt the object cache for 0 collections in 0.000003 seconds (found 0 objects)
[2017.04.11-06.12.49:541][  0]LogCollectionManager: Fixed up redirectors for 0 collections in 0.000014 seconds (updated 0 objects)
[2017.04.11-06.12.49:545][  0]LogContentStreaming: Texture pool size now 1000 MB
[2017.04.11-06.12.49:553][  0]LogSlate: Took 0.000280 seconds to synchronously load lazily loaded font '../../../Engine/Content/Slate/Fonts/Roboto-Regular.ttf' (155K)
[2017.04.11-06.12.49:556][  0]LogSlate: Took 0.000286 seconds to synchronously load lazily loaded font '../../../Engine/Content/Slate/Fonts/Roboto-Bold.ttf' (160K)
[2017.04.11-06.12.49:561][  0]LogSlate: Took 0.000240 seconds to synchronously load lazily loaded font '../../../Engine/Content/Editor/Slate/Fonts/FontAwesome.ttf' (139K)
[2017.04.11-06.12.49:702][  0]LogRenderer: Reallocating scene render targets to support 1616x808 NumSamples 1 (Frame:2).
[2017.04.11-06.12.52:972][370]LogSlate: Took 0.000250 seconds to synchronously load lazily loaded font '../../../Engine/Content/Slate/Fonts/Roboto-Light.ttf' (159K)
[2017.04.11-06.12.53:404][370]LogContentBrowser: Native class hierarchy updated for 'BlueprintGraph' in 0.0007 seconds. Added 112 classes and 0 folders.
[2017.04.11-06.12.54:009][370]LogSlate: Took 0.000233 seconds to synchronously load lazily loaded font '../../../Engine/Content/Slate/Fonts/Roboto-Light.ttf' (159K)
[2017.04.11-06.12.54:009][370]LogSlate: Took 0.000257 seconds to synchronously load lazily loaded font '../../../Engine/Content/Editor/Slate/Fonts/Roboto-BoldCondensed.ttf' (158K)
[2017.04.11-06.13.01:253][ 88]LogSavePackage: Save=103.13ms
[2017.04.11-06.13.01:253][ 88]LogSavePackage: Moving '../../../../../Documents/MakeWarNotLove/MakeWarNotLove/Saved/ThirdPersonExampleMapA162267C4072C6809C2FD494A65BC87D.tmp' to '../../../../../Documents/MakeWarNotLove/MakeWarNotLove/Content/ThirdPersonBP/Maps/ThirdPersonExampleMap.umap'
[2017.04.11-06.13.01:256][ 88]LogSavePackage:Display: Finished SavePackage ../../../../../Documents/MakeWarNotLove/MakeWarNotLove/Content/ThirdPersonBP/Maps/ThirdPersonExampleMap.umap
[2017.04.11-06.13.01:454][ 88]LogSavePackage: Save=160.69ms
[2017.04.11-06.13.01:455][ 88]LogSavePackage: Moving '../../../../../Documents/MakeWarNotLove/MakeWarNotLove/Saved/ThirdPersonExampleMap_BuiltData2AB15CEC485727FF314F2A8B18DE1C6A.tmp' to '../../../../../Documents/MakeWarNotLove/MakeWarNotLove/Content/ThirdPersonBP/Maps/ThirdPersonExampleMap_BuiltData.uasset'
[2017.04.11-06.13.01:457][ 88]LogSavePackage:Display: Finished SavePackage ../../../../../Documents/MakeWarNotLove/MakeWarNotLove/Content/ThirdPersonBP/Maps/ThirdPersonExampleMap_BuiltData.uasset
[2017.04.11-06.14.07:893][890]LightingResults: New page: Lighting Build
[2017.04.11-06.14.07:894][890]MapCheck: New page: Map Check
[2017.04.11-06.14.07:894][890]LightingResults: New page: Lighting Build
[2017.04.11-06.14.07:909][890]LogAIModule: Creating AISystem for world Untitled
[2017.04.11-06.14.07:912][890]LoadErrors: New page: New Map
[2017.04.11-06.15.25:675][137]LogSlate:Warning: Prevented a slow task dialog from being summoned while a context menu was open
[2017.04.11-06.15.37:827][183]LogSlate: Took 0.000181 seconds to synchronously load lazily loaded font '../../../Engine/Content/Editor/Slate/Fonts/Roboto-Italic.ttf' (157K)
[2017.04.11-06.15.42:161][696]BlueprintLog: New page: Compile Untitled
[2017.04.11-06.15.47:718][339]Cmd: OBJ SAVEPACKAGE PACKAGE="/Temp/Untitled_1" FILE="../../../../../Documents/MakeWarNotLove/MakeWarNotLove/Saved/Autosaves/Temp/UEDPCUntitled_1.umap" SILENT=true AUTOSAVING=true KEEPDIRTY=true
[2017.04.11-06.15.47:801][339]LogSavePackage: Save=82.47ms
[2017.04.11-06.15.47:801][339]LogSavePackage: Moving '../../../../../Documents/MakeWarNotLove/MakeWarNotLove/Saved/UEDPCUntitled_1A5CD7F1048489AF1D676E5A2B8F80D1D.tmp' to '../../../../../Documents/MakeWarNotLove/MakeWarNotLove/Saved/Autosaves/Temp/UEDPCUntitled_1.umap'
[2017.04.11-06.15.47:802][339]LogSavePackage:Display: Finished SavePackage ../../../../../Documents/MakeWarNotLove/MakeWarNotLove/Saved/Autosaves/Temp/UEDPCUntitled_1.umap
[2017.04.11-06.15.47:808][339]LogEditorTransaction: Undo Spawn Play From Here Start
[2017.04.11-06.15.48:614][435]LogTemp: Repeting last play command: Standalone Game
[2017.04.11-06.15.48:725][435]Cmd: OBJ SAVEPACKAGE PACKAGE="/Temp/Untitled_1" FILE="../../../../../Documents/MakeWarNotLove/MakeWarNotLove/Saved/Autosaves/Temp/UEDPCUntitled_1.umap" SILENT=true AUTOSAVING=true KEEPDIRTY=true
[2017.04.11-06.15.48:810][435]LogSavePackage: Save=84.92ms
[2017.04.11-06.15.48:810][435]LogSavePackage: Moving '../../../../../Documents/MakeWarNotLove/MakeWarNotLove/Saved/UEDPCUntitled_14CD6F3CE4C297B1E206BDCAE7EDE9A28.tmp' to '../../../../../Documents/MakeWarNotLove/MakeWarNotLove/Saved/Autosaves/Temp/UEDPCUntitled_1.umap'
[2017.04.11-06.15.48:812][435]LogSavePackage:Display: Finished SavePackage ../../../../../Documents/MakeWarNotLove/MakeWarNotLove/Saved/Autosaves/Temp/UEDPCUntitled_1.umap
[2017.04.11-06.15.48:816][435]LogEditorTransaction: Undo Spawn Play From Here Start
[2017.04.11-06.16.47:573][228]Cmd: OBJ SAVEPACKAGE PACKAGE="/Game/Maps/MainMenuScene" FILE="../../../../../Documents/MakeWarNotLove/MakeWarNotLove/Content/Maps/MainMenuScene.umap" SILENT=true AUTOSAVING=false KEEPDIRTY=false
[2017.04.11-06.16.47:663][228]LogSavePackage: Save=74.60ms
[2017.04.11-06.16.47:663][228]LogSavePackage: Moving '../../../../../Documents/MakeWarNotLove/MakeWarNotLove/Saved/MainMenuScene8439018249A2CAC256E354906408A811.tmp' to '../../../../../Documents/MakeWarNotLove/MakeWarNotLove/Content/Maps/MainMenuScene.umap'
[2017.04.11-06.16.47:667][228]LogSavePackage:Display: Finished SavePackage ../../../../../Documents/MakeWarNotLove/MakeWarNotLove/Content/Maps/MainMenuScene.umap
[2017.04.11-06.16.47:694][228]LogFileHelpers: Saving map 'MainMenuScene' took 0.372
[2017.04.11-06.16.59:780][666]LogMaterial: Missing cached shader map for material Material_0, compiling. 
[2017.04.11-06.16.59:781][666]LogTemp:Display: Added material ShaderMap 0x000001DC87A74480 with Material 0x000001DCD3C16980 to ShaderMapsBeingCompiled
[2017.04.11-06.16.59:821][666]LogTemp:Display: Kicking off shader compilation for Material_0, GameThreadShaderMap 0x000001DC87A74480
[2017.04.11-06.16.59:834][667]LogMaterial: Missing cached shader map for material Material_1, compiling. 
[2017.04.11-06.16.59:834][667]LogTemp:Display: Added material ShaderMap 0x000001DC9AC77580 with Material 0x000001DCC3E1A200 to ShaderMapsBeingCompiled
[2017.04.11-06.16.59:857][667]LogTemp:Display: Kicking off shader compilation for Material_1, GameThreadShaderMap 0x000001DC9AC77580
[2017.04.11-06.16.59:869][668]LogMaterial: Missing cached shader map for material Material_2, compiling. 
[2017.04.11-06.16.59:870][668]LogTemp:Display: Added material ShaderMap 0x000001DCDFAA2400 with Material 0x000001DCC3E18A00 to ShaderMapsBeingCompiled
[2017.04.11-06.16.59:897][668]LogTemp:Display: Kicking off shader compilation for Material_2, GameThreadShaderMap 0x000001DCDFAA2400
[2017.04.11-06.16.59:908][669]LogMaterial: Missing cached shader map for material Material_3, compiling. 
[2017.04.11-06.16.59:909][669]LogTemp:Display: Added material ShaderMap 0x000001DC9ACA4F00 with Material 0x000001DCC3E7AB00 to ShaderMapsBeingCompiled
[2017.04.11-06.16.59:933][669]LogTemp:Display: Kicking off shader compilation for Material_3, GameThreadShaderMap 0x000001DC9ACA4F00
[2017.04.11-06.17.02:386][960]LogTemp:Display: Finished compile of shader map 0x000001DC87A74480
[2017.04.11-06.17.02:386][960]LogTemp:Display: Shader map Material_0 complete, GameThreadShaderMap 0x000001DC87A74480, marking material Material_0 as finished
[2017.04.11-06.17.02:386][960]LogTemp:Display: Marking material as finished 0x000001DCD3C16980
[2017.04.11-06.17.03:876][138]LogTemp:Display: Finished compile of shader map 0x000001DC9AC77580
[2017.04.11-06.17.03:876][138]LogTemp:Display: Shader map Material_1 complete, GameThreadShaderMap 0x000001DC9AC77580, marking material Material_1 as finished
[2017.04.11-06.17.03:876][138]LogTemp:Display: Marking material as finished 0x000001DCC3E1A200
[2017.04.11-06.17.05:325][308]LogTemp:Display: Finished compile of shader map 0x000001DCDFAA2400
[2017.04.11-06.17.05:325][308]LogTemp:Display: Shader map Material_2 complete, GameThreadShaderMap 0x000001DCDFAA2400, marking material Material_2 as finished
[2017.04.11-06.17.05:325][308]LogTemp:Display: Marking material as finished 0x000001DCC3E18A00
[2017.04.11-06.17.06:251][418]LogTemp:Display: Finished compile of shader map 0x000001DC9ACA4F00
[2017.04.11-06.17.06:251][418]LogTemp:Display: Shader map Material_3 complete, GameThreadShaderMap 0x000001DC9ACA4F00, marking material Material_3 as finished
[2017.04.11-06.17.06:251][418]LogTemp:Display: Marking material as finished 0x000001DCC3E7AB00
[2017.04.11-06.17.28:348][717]LogSlate: Took 0.002141 seconds to synchronously load lazily loaded font '../../../Engine/Content/Slate/Fonts/DroidSansFallback.ttf' (3848K)
[2017.04.11-06.18.03:130][734]LogTemp: Repeting last play command: Standalone Game
[2017.04.11-06.18.03:320][734]LogSavePackage: Save=78.72ms
[2017.04.11-06.18.03:320][734]LogSavePackage: Moving '../../../../../Documents/MakeWarNotLove/MakeWarNotLove/Saved/UEDPCMainMenuScene99BAF4464BE1FE5A0BA7FEA0C199EE9D.tmp' to '../../../../../Documents/MakeWarNotLove/MakeWarNotLove/Saved/Autosaves/Game/Maps/UEDPCMainMenuScene.umap'
[2017.04.11-06.18.03:322][734]LogSavePackage:Display: Finished SavePackage ../../../../../Documents/MakeWarNotLove/MakeWarNotLove/Saved/Autosaves/Game/Maps/UEDPCMainMenuScene.umap
[2017.04.11-06.18.03:328][734]LogEditorTransaction: Undo Spawn Play From Here Start
[2017.04.11-06.18.26:976][270]LogTemp: Repeting last play command: Standalone Game
[2017.04.11-06.18.27:185][270]LogSavePackage: Save=77.28ms
[2017.04.11-06.18.27:185][270]LogSavePackage: Moving '../../../../../Documents/MakeWarNotLove/MakeWarNotLove/Saved/UEDPCMainMenuScene3D7CEEB0400EABB27FBF4E9716FBD6FB.tmp' to '../../../../../Documents/MakeWarNotLove/MakeWarNotLove/Saved/Autosaves/Game/Maps/UEDPCMainMenuScene.umap'
[2017.04.11-06.18.27:188][270]LogSavePackage:Display: Finished SavePackage ../../../../../Documents/MakeWarNotLove/MakeWarNotLove/Saved/Autosaves/Game/Maps/UEDPCMainMenuScene.umap
[2017.04.11-06.18.27:195][270]LogEditorTransaction: Undo Spawn Play From Here Start
[2017.04.11-06.20.36:526][771]LogAIModule: Creating AISystem for world ThirdPersonExampleMap
[2017.04.11-06.20.36:555][771]Cmd: MAP LOAD FILE="../../../../../Documents/MakeWarNotLove/MakeWarNotLove/Content/ThirdPersonBP/Maps/ThirdPersonExampleMap.umap" TEMPLATE=0 SHOWPROGRESS=1 FEATURELEVEL=3
[2017.04.11-06.20.36:555][771]LightingResults: New page: Lighting Build
[2017.04.11-06.20.36:556][771]LoadErrors: New page: Loading map: ThirdPersonExampleMap.umap
[2017.04.11-06.20.36:556][771]MapCheck: New page: Map Check
[2017.04.11-06.20.36:556][771]LightingResults: New page: Lighting Build
[2017.04.11-06.20.36:572][771]LogEditorServer: Finished looking for orphan Actors (0.000 secs)
[2017.04.11-06.20.36:592][771]Cmd: MAP CHECKDEP NOCLEARLOG
[2017.04.11-06.20.36:640][771]MapCheck: Info Map check complete: 0 Error(s), 0 Warning(s), took 48.647ms to complete.
[2017.04.11-06.20.36:640][771]LogFileHelpers: Loading map 'ThirdPersonExampleMap' took 0.087
[2017.04.11-06.20.46:757][972]LogTemp: Repeting last play command: Standalone Game
[2017.04.11-06.20.46:977][972]LogSavePackage: Save=102.37ms
[2017.04.11-06.20.46:977][972]LogSavePackage: Moving '../../../../../Documents/MakeWarNotLove/MakeWarNotLove/Saved/UEDPCThirdPersonExampleMap9D76396447CFC3CC1ED5EBBBB76FFE24.tmp' to '../../../../../Documents/MakeWarNotLove/MakeWarNotLove/Saved/Autosaves/Game/ThirdPersonBP/Maps/UEDPCThirdPersonExampleMap.umap'
[2017.04.11-06.20.46:978][972]LogSavePackage:Display: Finished SavePackage ../../../../../Documents/MakeWarNotLove/MakeWarNotLove/Saved/Autosaves/Game/ThirdPersonBP/Maps/UEDPCThirdPersonExampleMap.umap
[2017.04.11-06.20.47:154][972]LogSavePackage: Save=158.72ms
[2017.04.11-06.20.47:154][972]LogSavePackage: Moving '../../../../../Documents/MakeWarNotLove/MakeWarNotLove/Saved/ThirdPersonExampleMap_BuiltData7BD36B40410BDD18DCDBF1869777DA2D.tmp' to '../../../../../Documents/MakeWarNotLove/MakeWarNotLove/Content/ThirdPersonBP/Maps/ThirdPersonExampleMap_BuiltData.uasset'
[2017.04.11-06.20.47:156][972]LogSavePackage:Display: Finished SavePackage ../../../../../Documents/MakeWarNotLove/MakeWarNotLove/Content/ThirdPersonBP/Maps/ThirdPersonExampleMap_BuiltData.uasset
[2017.04.11-06.20.47:162][972]LogEditorTransaction: Undo Spawn Play From Here Start
[2017.04.11-06.22.14:284][272]LogSlate:Warning: Prevented a slow task dialog from being summoned while a context menu was open
[2017.04.11-06.22.41:943][518]BlueprintLog: New page: Compile ThirdPersonExampleMap
[2017.04.11-06.22.44:432][801]LogTemp: Repeting last play command: Standalone Game
[2017.04.11-06.22.44:642][801]LogSavePackage: Save=106.09ms
[2017.04.11-06.22.44:642][801]LogSavePackage: Moving '../../../../../Documents/MakeWarNotLove/MakeWarNotLove/Saved/UEDPCThirdPersonExampleMapF3DECD6D40FCACCC6788BBB8813B942C.tmp' to '../../../../../Documents/MakeWarNotLove/MakeWarNotLove/Saved/Autosaves/Game/ThirdPersonBP/Maps/UEDPCThirdPersonExampleMap.umap'
[2017.04.11-06.22.44:644][801]LogSavePackage:Display: Finished SavePackage ../../../../../Documents/MakeWarNotLove/MakeWarNotLove/Saved/Autosaves/Game/ThirdPersonBP/Maps/UEDPCThirdPersonExampleMap.umap
[2017.04.11-06.22.44:771][801]LogSavePackage: Save=111.50ms
[2017.04.11-06.22.44:771][801]LogSavePackage: Moving '../../../../../Documents/MakeWarNotLove/MakeWarNotLove/Saved/ThirdPersonExampleMap_BuiltDataF4AC29FC4A3E8AB30643CE88F9F30241.tmp' to '../../../../../Documents/MakeWarNotLove/MakeWarNotLove/Content/ThirdPersonBP/Maps/ThirdPersonExampleMap_BuiltData.uasset'
[2017.04.11-06.22.44:773][801]LogSavePackage:Display: Finished SavePackage ../../../../../Documents/MakeWarNotLove/MakeWarNotLove/Content/ThirdPersonBP/Maps/ThirdPersonExampleMap_BuiltData.uasset
[2017.04.11-06.22.44:779][801]LogEditorTransaction: Undo Spawn Play From Here Start
[2017.04.11-06.23.23:637][311]LogSavePackage: Save=113.69ms
[2017.04.11-06.23.23:637][311]LogSavePackage: Moving '../../../../../Documents/MakeWarNotLove/MakeWarNotLove/Saved/ThirdPersonExampleMapFE39AB3846278F720A5F8E95A8A89F69.tmp' to '../../../../../Documents/MakeWarNotLove/MakeWarNotLove/Content/ThirdPersonBP/Maps/ThirdPersonExampleMap.umap'
[2017.04.11-06.23.23:641][311]LogSavePackage:Display: Finished SavePackage ../../../../../Documents/MakeWarNotLove/MakeWarNotLove/Content/ThirdPersonBP/Maps/ThirdPersonExampleMap.umap
[2017.04.11-06.23.23:800][311]LogSavePackage: Save=127.56ms
[2017.04.11-06.23.23:800][311]LogSavePackage: Moving '../../../../../Documents/MakeWarNotLove/MakeWarNotLove/Saved/ThirdPersonExampleMap_BuiltDataED0EFB8D43AE7539829FB69BB8B68158.tmp' to '../../../../../Documents/MakeWarNotLove/MakeWarNotLove/Content/ThirdPersonBP/Maps/ThirdPersonExampleMap_BuiltData.uasset'
[2017.04.11-06.23.23:802][311]LogSavePackage:Display: Finished SavePackage ../../../../../Documents/MakeWarNotLove/MakeWarNotLove/Content/ThirdPersonBP/Maps/ThirdPersonExampleMap_BuiltData.uasset
[2017.04.11-06.24.09:560][660]LogAIModule: Creating AISystem for world MainMenuScene
[2017.04.11-06.24.09:576][660]Cmd: MAP LOAD FILE="../../../../../Documents/MakeWarNotLove/MakeWarNotLove/Content/Maps/MainMenuScene.umap" TEMPLATE=0 SHOWPROGRESS=1 FEATURELEVEL=3
[2017.04.11-06.24.09:576][660]LightingResults: New page: Lighting Build
[2017.04.11-06.24.09:577][660]LoadErrors: New page: Loading map: MainMenuScene.umap
[2017.04.11-06.24.09:578][660]MapCheck: New page: Map Check
[2017.04.11-06.24.09:578][660]LightingResults: New page: Lighting Build
[2017.04.11-06.24.09:597][660]LogEditorServer: Finished looking for orphan Actors (0.000 secs)
[2017.04.11-06.24.09:617][660]Cmd: MAP CHECKDEP NOCLEARLOG
[2017.04.11-06.24.09:669][660]MapCheck: Info Map check complete: 0 Error(s), 0 Warning(s), took 51.475ms to complete.
[2017.04.11-06.24.09:669][660]LogFileHelpers: Loading map 'MainMenuScene' took 0.094
[2017.04.11-06.25.09:467][595]Cmd: OBJ SAVEPACKAGE PACKAGE="/Game/Maps/MainMenuScene" FILE="../../../../../Documents/MakeWarNotLove/MakeWarNotLove/Content/Maps/MainMenuScene.umap" SILENT=true AUTOSAVING=false KEEPDIRTY=false
[2017.04.11-06.25.09:573][595]LogSavePackage: Save=82.14ms
[2017.04.11-06.25.09:573][595]LogSavePackage: Moving '../../../../../Documents/MakeWarNotLove/MakeWarNotLove/Saved/MainMenuScene572B56B6413D733D5BC8738FDFB1E55E.tmp' to '../../../../../Documents/MakeWarNotLove/MakeWarNotLove/Content/Maps/MainMenuScene.umap'
[2017.04.11-06.25.09:574][595]LogSavePackage:Display: Finished SavePackage ../../../../../Documents/MakeWarNotLove/MakeWarNotLove/Content/Maps/MainMenuScene.umap
[2017.04.11-06.25.12:488][939]LogTemp: Repeting last play command: Standalone Game
[2017.04.11-06.25.12:674][939]LogSavePackage: Save=77.33ms
[2017.04.11-06.25.12:674][939]LogSavePackage: Moving '../../../../../Documents/MakeWarNotLove/MakeWarNotLove/Saved/UEDPCMainMenuSceneE12A6F8C462ABA667C76EDBA92AA85F9.tmp' to '../../../../../Documents/MakeWarNotLove/MakeWarNotLove/Saved/Autosaves/Game/Maps/UEDPCMainMenuScene.umap'
[2017.04.11-06.25.12:676][939]LogSavePackage:Display: Finished SavePackage ../../../../../Documents/MakeWarNotLove/MakeWarNotLove/Saved/Autosaves/Game/Maps/UEDPCMainMenuScene.umap
[2017.04.11-06.25.12:683][939]LogEditorTransaction: Undo Spawn Play From Here Start
[2017.04.11-06.26.05:427][437]Cmd: QUIT_EDITOR
[2017.04.11-06.26.05:454][437]LogWindowsTextInputMethodSystem:Display: IME system now deactivated.
[2017.04.11-06.26.05:476][437]LogExit: Preparing to exit.
[2017.04.11-06.26.06:571][437]LogDirectoryWatcher: A directory notification for 'C:/Users/bmolenaar/Documents/MakeWarNotLove/MakeWarNotLove/Content/' was aborted.
[2017.04.11-06.26.06:602][437]LogExit: Editor shut down
[2017.04.11-06.26.06:602][437]LogExit: Transaction tracking system shut down
[2017.04.11-06.26.06:678][437]LogObj: Freed 0b from 0 cluster array pools.
[2017.04.11-06.26.06:679][437]LogExit: Object subsystem successfully closed.
[2017.04.11-06.26.06:695][437]LogD3D11RHI: Shutdown
[2017.04.11-06.26.06:695][437]LogD3D11RHI: CleanupD3DDevice
[2017.04.11-06.26.06:785][437]LogD3D11RHI: ~FD3D11DynamicRHI
[2017.04.11-06.26.06:798][437]LogModuleManager: Shutting down and abandoning module NewLevelDialog (506)
[2017.04.11-06.26.06:798][437]LogModuleManager: Shutting down and abandoning module SequencerWidgets (504)
[2017.04.11-06.26.06:798][437]LogModuleManager: Shutting down and abandoning module BlueprintGraph (502)
[2017.04.11-06.26.06:798][437]LogModuleManager: Shutting down and abandoning module BlueprintProfiler (500)
[2017.04.11-06.26.06:798][437]LogModuleManager: Shutting down and abandoning module HierarchicalLODOutliner (498)
[2017.04.11-06.26.06:798][437]LogModuleManager: Shutting down and abandoning module CrashTracker (496)
[2017.04.11-06.26.06:798][437]LogModuleManager: Shutting down and abandoning module SceneOutliner (494)
[2017.04.11-06.26.06:798][437]LogModuleManager: Shutting down and abandoning module AddContentDialog (492)
[2017.04.11-06.26.06:798][437]LogDirectoryWatcher: A directory notification for 'C:/Users/bmolenaar/Desktop/UE_4.15/FeaturePacks/' was aborted.
[2017.04.11-06.26.06:799][437]LogModuleManager: Shutting down and abandoning module WidgetCarousel (491)
[2017.04.11-06.26.06:799][437]LogModuleManager: Shutting down and abandoning module EditorWidgets (488)
[2017.04.11-06.26.06:799][437]LogModuleManager: Shutting down and abandoning module CollectionManager (486)
[2017.04.11-06.26.06:799][437]LogDirectoryWatcher: A directory notification for 'C:/Users/bmolenaar/Documents/MakeWarNotLove/MakeWarNotLove/Content/Collections/' was aborted.
[2017.04.11-06.26.06:799][437]LogDirectoryWatcher: A directory notification for 'C:/Users/bmolenaar/Documents/MakeWarNotLove/MakeWarNotLove/Content/Developers/bmolenaar/Collections/' was aborted.
[2017.04.11-06.26.06:799][437]LogDirectoryWatcher: A directory notification for 'C:/Users/bmolenaar/Documents/MakeWarNotLove/MakeWarNotLove/Saved/Collections/' was aborted.
[2017.04.11-06.26.06:799][437]LogModuleManager: Shutting down and abandoning module StatsViewer (484)
[2017.04.11-06.26.06:799][437]LogModuleManager: Shutting down and abandoning module FoliageEdit (482)
[2017.04.11-06.26.06:799][437]LogModuleManager: Shutting down and abandoning module LandscapeEditor (480)
[2017.04.11-06.26.06:799][437]LogModuleManager: Shutting down and abandoning module SceneDepthPickerMode (478)
[2017.04.11-06.26.06:799][437]LogModuleManager: Shutting down and abandoning module ActorPickerMode (476)
[2017.04.11-06.26.06:799][437]LogModuleManager: Shutting down and abandoning module GeometryMode (474)
[2017.04.11-06.26.06:799][437]LogModuleManager: Shutting down and abandoning module TextureAlignMode (472)
[2017.04.11-06.26.06:799][437]LogModuleManager: Shutting down and abandoning module BspMode (470)
[2017.04.11-06.26.06:799][437]LogModuleManager: Shutting down and abandoning module HardwareSurvey (468)
[2017.04.11-06.26.06:799][437]LogModuleManager: Shutting down and abandoning module SequenceRecorderSections (466)
[2017.04.11-06.26.06:799][437]LogModuleManager: Shutting down and abandoning module AutomationWorker (464)
[2017.04.11-06.26.06:799][437]LogModuleManager: Shutting down and abandoning module MatineeToLevelSequence (462)
[2017.04.11-06.26.06:799][437]LogModuleManager: Shutting down and abandoning module LevelSequenceEditor (460)
[2017.04.11-06.26.06:799][437]LogModuleManager: Shutting down and abandoning module PlacementMode (459)
[2017.04.11-06.26.06:799][437]LogModuleManager: Shutting down and abandoning module WmfMediaFactory (456)
[2017.04.11-06.26.06:799][437]LogModuleManager: Shutting down and abandoning module WmfMediaEditor (454)
[2017.04.11-06.26.06:799][437]LogModuleManager: Shutting down and abandoning module MfMediaFactory (452)
[2017.04.11-06.26.06:799][437]LogModuleManager: Shutting down and abandoning module MfMediaEditor (450)
[2017.04.11-06.26.06:799][437]LogModuleManager: Shutting down and abandoning module AvfMediaFactory (448)
[2017.04.11-06.26.06:799][437]LogModuleManager: Shutting down and abandoning module AvfMediaEditor (446)
[2017.04.11-06.26.06:799][437]LogModuleManager: Shutting down and abandoning module AndroidMediaFactory (444)
[2017.04.11-06.26.06:799][437]LogModuleManager: Shutting down and abandoning module Media (443)
[2017.04.11-06.26.06:799][437]LogModuleManager: Shutting down and abandoning module AndroidMediaEditor (440)
[2017.04.11-06.26.06:799][437]LogModuleManager: Shutting down and abandoning module CharacterAI (438)
[2017.04.11-06.26.06:799][437]LogModuleManager: Shutting down and abandoning module AudioCapture (436)
[2017.04.11-06.26.06:799][437]LogModuleManager: Shutting down and abandoning module SequenceRecorder (435)
[2017.04.11-06.26.06:799][437]LogModuleManager: Shutting down and abandoning module SmartSnapping (432)
[2017.04.11-06.26.06:799][437]LogModuleManager: Shutting down and abandoning module SessionServices (430)
[2017.04.11-06.26.06:799][437]LogModuleManager: Shutting down and abandoning module ViewportSnapping (428)
[2017.04.11-06.26.06:799][437]LogModuleManager: Shutting down and abandoning module ViewportInteraction (426)
[2017.04.11-06.26.06:799][437]LogModuleManager: Shutting down and abandoning module LogVisualizer (424)
[2017.04.11-06.26.06:799][437]LogModuleManager: Shutting down and abandoning module IntroTutorials (422)
[2017.04.11-06.26.06:799][437]LogModuleManager: Shutting down and abandoning module GameProjectGeneration (421)
[2017.04.11-06.26.06:799][437]LogModuleManager: Shutting down and abandoning module EditorLiveStreaming (418)
[2017.04.11-06.26.06:799][437]LogModuleManager: Shutting down and abandoning module IOSPlatformEditor (416)
[2017.04.11-06.26.06:799][437]LogModuleManager: Shutting down and abandoning module HTML5PlatformEditor (414)
[2017.04.11-06.26.06:799][437]LogModuleManager: Shutting down and abandoning module AndroidPlatformEditor (412)
[2017.04.11-06.26.06:799][437]LogModuleManager: Shutting down and abandoning module AndroidDeviceDetection (411)
[2017.04.11-06.26.06:980][437]LogModuleManager: Shutting down and abandoning module IOSRuntimeSettings (408)
[2017.04.11-06.26.06:980][437]LogModuleManager: Shutting down and abandoning module AndroidRuntimeSettings (406)
[2017.04.11-06.26.06:981][437]LogModuleManager: Shutting down and abandoning module InputBindingEditor (404)
[2017.04.11-06.26.06:981][437]LogModuleManager: Shutting down and abandoning module NiagaraEditor (402)
[2017.04.11-06.26.06:981][437]LogModuleManager: Shutting down and abandoning module MergeActors (400)
[2017.04.11-06.26.06:981][437]LogModuleManager: Shutting down and abandoning module SizeMap (398)
[2017.04.11-06.26.06:981][437]LogModuleManager: Shutting down and abandoning module TreeMap (396)
[2017.04.11-06.26.06:981][437]LogModuleManager: Shutting down and abandoning module ReferenceViewer (394)
[2017.04.11-06.26.06:981][437]LogModuleManager: Shutting down and abandoning module LocalizationDashboard (392)
[2017.04.11-06.26.06:981][437]LogModuleManager: Shutting down and abandoning module LocalizationService (391)
[2017.04.11-06.26.06:981][437]LogModuleManager: Shutting down and abandoning module HardwareTargeting (388)
[2017.04.11-06.26.06:981][437]LogModuleManager: Shutting down and abandoning module DeviceProfileEditor (386)
[2017.04.11-06.26.06:981][437]LogModuleManager: Shutting down and abandoning module UndoHistory (384)
[2017.04.11-06.26.06:981][437]LogModuleManager: Shutting down and abandoning module UserFeedback (382)
[2017.04.11-06.26.06:981][437]LogModuleManager: Shutting down and abandoning module XmlParser (380)
[2017.04.11-06.26.06:981][437]LogModuleManager: Shutting down and abandoning module Blutility (378)
[2017.04.11-06.26.06:981][437]LogModuleManager: Shutting down and abandoning module ProjectSettingsViewer (376)
[2017.04.11-06.26.06:981][437]LogModuleManager: Shutting down and abandoning module ProjectTargetPlatformEditor (375)
[2017.04.11-06.26.06:981][437]LogModuleManager: Shutting down and abandoning module EditorSettingsViewer (372)
[2017.04.11-06.26.06:981][437]LogModuleManager: Shutting down and abandoning module SettingsEditor (370)
[2017.04.11-06.26.06:981][437]LogModuleManager: Shutting down and abandoning module ProjectLauncher (368)
[2017.04.11-06.26.06:981][437]LogModuleManager: Shutting down and abandoning module SessionFrontend (366)
[2017.04.11-06.26.06:981][437]LogModuleManager: Shutting down and abandoning module ProfilerClient (364)
[2017.04.11-06.26.06:981][437]LogModuleManager: Shutting down and abandoning module DeviceManager (362)
[2017.04.11-06.26.06:981][437]LogModuleManager: Shutting down and abandoning module TargetDeviceServices (361)
[2017.04.11-06.26.07:033][437]LogModuleManager: Shutting down and abandoning module AutomationController (358)
[2017.04.11-06.26.07:033][437]LogModuleManager: Shutting down and abandoning module AutomationWindow (356)
[2017.04.11-06.26.07:033][437]LogModuleManager: Shutting down and abandoning module Layers (354)
[2017.04.11-06.26.07:033][437]LogModuleManager: Shutting down and abandoning module ComponentVisualizers (352)
[2017.04.11-06.26.07:033][437]LogModuleManager: Shutting down and abandoning module DetailCustomizations (350)
[2017.04.11-06.26.07:033][437]LogModuleManager: Shutting down and abandoning module PackagesDialog (348)
[2017.04.11-06.26.07:033][437]LogModuleManager: Shutting down and abandoning module Persona (346)
[2017.04.11-06.26.07:033][437]LogModuleManager: Shutting down and abandoning module AnimGraph (345)
[2017.04.11-06.26.07:033][437]LogModuleManager: Shutting down and abandoning module Kismet (342)
[2017.04.11-06.26.07:038][437]LogModuleManager: Shutting down and abandoning module GraphEditor (340)
[2017.04.11-06.26.07:038][437]LogModuleManager: Shutting down and abandoning module ClassViewer (338)
[2017.04.11-06.26.07:039][437]LogModuleManager: Shutting down and abandoning module Toolbox (336)
[2017.04.11-06.26.07:039][437]LogModuleManager: Shutting down and abandoning module ModuleUI (334)
[2017.04.11-06.26.07:039][437]LogModuleManager: Shutting down and abandoning module MovieSceneTools (332)
[2017.04.11-06.26.07:039][437]LogModuleManager: Shutting down and abandoning module OutputLog (330)
[2017.04.11-06.26.07:039][437]LogModuleManager: Shutting down and abandoning module GammaUI (328)
[2017.04.11-06.26.07:039][437]LogModuleManager: Shutting down and abandoning module Documentation (326)
[2017.04.11-06.26.07:040][437]LogModuleManager: Shutting down and abandoning module Niagara (324)
[2017.04.11-06.26.07:040][437]LogModuleManager: Shutting down and abandoning module StreamingPauseRendering (322)
[2017.04.11-06.26.07:040][437]LogModuleManager: Shutting down and abandoning module AnalyticsET (320)
[2017.04.11-06.26.07:040][437]LogModuleManager: Shutting down and abandoning module PortalServices (318)
[2017.04.11-06.26.07:040][437]LogModuleManager: Shutting down and abandoning module PortalRpc (316)
[2017.04.11-06.26.07:040][437]LogModuleManager: Shutting down and abandoning module MessagingRpc (314)
[2017.04.11-06.26.07:040][437]LogModuleManager: Shutting down and abandoning module AIModule (312)
[2017.04.11-06.26.07:040][437]LogModuleManager: Shutting down and abandoning module GameplayDebugger (311)
[2017.04.11-06.26.07:040][437]LogModuleManager: Shutting down and abandoning module AITestSuite (309)
[2017.04.11-06.26.07:040][437]LogModuleManager: Shutting down and abandoning module ProfilerService (306)
[2017.04.11-06.26.07:088][437]LogModuleManager: Shutting down and abandoning module TaskGraph (304)
[2017.04.11-06.26.07:088][437]LogModuleManager: Shutting down and abandoning module SteamVRController (302)
[2017.04.11-06.26.07:088][437]LogModuleManager: Shutting down and abandoning module SteamVR (300)
[2017.04.11-06.26.07:088][437]LogModuleManager: Shutting down and abandoning module ProceduralMeshComponentEditor (298)
[2017.04.11-06.26.07:088][437]LogModuleManager: Shutting down and abandoning module ProceduralMeshComponent (296)
[2017.04.11-06.26.07:088][437]LogModuleManager: Shutting down and abandoning module OculusLibrary (294)
[2017.04.11-06.26.07:088][437]LogModuleManager: Shutting down and abandoning module OculusInput (292)
[2017.04.11-06.26.07:088][437]LogModuleManager: Shutting down and abandoning module MobilePatchingUtils (290)
[2017.04.11-06.26.07:088][437]LogModuleManager: Shutting down and abandoning module CustomMeshComponent (288)
[2017.04.11-06.26.07:088][437]LogModuleManager: Shutting down and abandoning module CableComponent (286)
[2017.04.11-06.26.07:088][437]LogModuleManager: Shutting down and abandoning module ArchVisCharacter (284)
[2017.04.11-06.26.07:088][437]LogModuleManager: Shutting down and abandoning module MediaPlayerEditor (280)
[2017.04.11-06.26.07:088][437]LogModuleManager: Shutting down and abandoning module HTML5Networking (278)
[2017.04.11-06.26.07:088][437]LogModuleManager: Shutting down and abandoning module AlembicImporter (276)
[2017.04.11-06.26.07:088][437]LogModuleManager: Shutting down and abandoning module AlembicLibrary (275)
[2017.04.11-06.26.07:088][437]LogModuleManager: Shutting down and abandoning module GeometryCache (274)
[2017.04.11-06.26.07:088][437]LogModuleManager: Shutting down and abandoning module GeometryCacheEd (273)
[2017.04.11-06.26.07:088][437]LogModuleManager: Shutting down and abandoning module SuperSearchEditor (268)
[2017.04.11-06.26.07:088][437]LogModuleManager: Shutting down and abandoning module SuperSearch (267)
[2017.04.11-06.26.07:088][437]LogModuleManager: Shutting down and abandoning module SpeedTreeImporter (264)
[2017.04.11-06.26.07:088][437]LogModuleManager: Shutting down and abandoning module PluginBrowser (262)
[2017.04.11-06.26.07:088][437]LogModuleManager: Shutting down and abandoning module MobileLauncherProfileWizard (260)
[2017.04.11-06.26.07:088][437]LogModuleManager: Shutting down and abandoning module EpicSurvey (258)
[2017.04.11-06.26.07:088][437]LogModuleManager: Shutting down and abandoning module VisualStudioSourceCodeAccess (256)
[2017.04.11-06.26.07:088][437]LogModuleManager: Shutting down and abandoning module DesktopPlatform (255)
[2017.04.11-06.26.07:088][437]LogModuleManager: Shutting down and abandoning module UObjectPlugin (252)
[2017.04.11-06.26.07:088][437]LogModuleManager: Shutting down and abandoning module SubversionSourceControl (250)
[2017.04.11-06.26.07:088][437]LogModuleManager: Shutting down and abandoning module PerforceSourceControl (248)
[2017.04.11-06.26.07:088][437]LogModuleManager: Shutting down and abandoning module GitSourceControl (246)
[2017.04.11-06.26.07:088][437]LogModuleManager: Shutting down and abandoning module SourceControl (245)
[2017.04.11-06.26.07:089][437]LogModuleManager: Shutting down and abandoning module LightPropagationVolumeEditor (242)
[2017.04.11-06.26.07:089][437]LogModuleManager: Shutting down and abandoning module PaperTiledImporter (240)
[2017.04.11-06.26.07:089][437]LogModuleManager: Shutting down and abandoning module PaperSpriteSheetImporter (238)
[2017.04.11-06.26.07:089][437]LogModuleManager: Shutting down and abandoning module Paper2DEditor (236)
[2017.04.11-06.26.07:089][437]LogModuleManager: Shutting down and abandoning module MeshPaint (235)
[2017.04.11-06.26.07:089][437]LogModuleManager: Shutting down and abandoning module LevelEditor (233)
[2017.04.11-06.26.07:089][437]LogModuleManager: Shutting down and abandoning module PixelInspectorModule (232)
[2017.04.11-06.26.07:089][437]LogModuleManager: Shutting down and abandoning module MainFrame (230)
[2017.04.11-06.26.07:089][437]LogModuleManager: Shutting down and abandoning module HotReload (229)
[2017.04.11-06.26.07:090][437]LogModuleManager: Shutting down and abandoning module ContentBrowser (225)
[2017.04.11-06.26.07:090][437]LogModuleManager: Shutting down and abandoning module PhysXVehiclesEditor (222)
[2017.04.11-06.26.07:090][437]LogModuleManager: Shutting down and abandoning module PhysXVehicles (220)
[2017.04.11-06.26.07:090][437]LogModuleManager: Shutting down and abandoning module LocationServicesBPLibrary (218)
[2017.04.11-06.26.07:090][437]LogModuleManager: Shutting down and abandoning module UdpMessaging (216)
[2017.04.11-06.26.07:190][437]LogModuleManager: Shutting down and abandoning module TcpMessaging (214)
[2017.04.11-06.26.07:291][437]LogModuleManager: Shutting down and abandoning module GameplayTagsEditor (212)
[2017.04.11-06.26.07:291][437]LogModuleManager: Shutting down and abandoning module FacialAnimationEditor (210)
[2017.04.11-06.26.07:291][437]LogModuleManager: Shutting down and abandoning module FacialAnimation (208)
[2017.04.11-06.26.07:291][437]LogModuleManager: Shutting down and abandoning module LightPropagationVolumeRuntime (206)
[2017.04.11-06.26.07:291][437]LogModuleManager: Shutting down and abandoning module Paper2D (204)
[2017.04.11-06.26.07:291][437]LogModuleManager: Shutting down and abandoning module WindowsMoviePlayer (202)
[2017.04.11-06.26.07:291][437]LogModuleManager: Shutting down and abandoning module WmfMedia (200)
[2017.04.11-06.26.07:292][437]LogModuleManager: Shutting down and abandoning module MfMedia (198)
[2017.04.11-06.26.07:292][437]LogModuleManager: Shutting down and abandoning module MediaAssets (196)
[2017.04.11-06.26.07:292][437]LogModuleManager: Shutting down and abandoning module GameLiveStreaming (194)
[2017.04.11-06.26.07:292][437]LogModuleManager: Shutting down and abandoning module VREditor (192)
[2017.04.11-06.26.07:292][437]LogModuleManager: Shutting down and abandoning module GameplayTasksEditor (190)
[2017.04.11-06.26.07:292][437]LogModuleManager: Shutting down and abandoning module BehaviorTreeEditor (188)
[2017.04.11-06.26.07:292][437]LogModuleManager: Shutting down and abandoning module FunctionalTesting (186)
[2017.04.11-06.26.07:292][437]LogModuleManager: Shutting down and abandoning module CollisionAnalyzer (184)
[2017.04.11-06.26.07:292][437]LogModuleManager: Shutting down and abandoning module UMG (182)
[2017.04.11-06.26.07:292][437]LogModuleManager: Shutting down and abandoning module UMGEditor (181)
[2017.04.11-06.26.07:292][437]LogModuleManager: Shutting down and abandoning module Sequencer (180)
[2017.04.11-06.26.07:292][437]LogModuleManager: Shutting down and abandoning module AssetTools (178)
[2017.04.11-06.26.07:292][437]LogModuleManager: Shutting down and abandoning module MessageLog (177)
[2017.04.11-06.26.07:292][437]LogModuleManager: Shutting down and abandoning module WorkspaceMenuStructure (176)
[2017.04.11-06.26.07:292][437]LogModuleManager: Shutting down and abandoning module SlateReflector (170)
[2017.04.11-06.26.07:292][437]LogModuleManager: Shutting down and abandoning module Slate (168)
[2017.04.11-06.26.07:292][437]LogModuleManager: Shutting down and abandoning module EditorStyle (166)
[2017.04.11-06.26.07:295][437]LogModuleManager: Shutting down and abandoning module SourceCodeAccess (164)
[2017.04.11-06.26.07:295][437]LogModuleManager: Shutting down and abandoning module HeadMountedDisplay (162)
[2017.04.11-06.26.07:295][437]LogModuleManager: Shutting down and abandoning module XAudio2 (160)
[2017.04.11-06.26.07:295][437]LogModuleManager: Shutting down and abandoning module Networking (158)
[2017.04.11-06.26.07:295][437]LogModuleManager: Shutting down and abandoning module Core (154)
[2017.04.11-06.26.07:295][437]LogModuleManager: Shutting down and abandoning module AssetRegistry (152)
[2017.04.11-06.26.07:360][437]LogDirectoryWatcher: A directory notification for '../../../Engine/Content/' was aborted.
[2017.04.11-06.26.07:360][437]LogDirectoryWatcher: A directory notification for '../../../../../Documents/MakeWarNotLove/MakeWarNotLove/Content/' was aborted.
[2017.04.11-06.26.07:360][437]LogDirectoryWatcher: A directory notification for '../../../Engine/Plugins/2D/Paper2D/Content/' was aborted.
[2017.04.11-06.26.07:360][437]LogModuleManager: Shutting down and abandoning module DirectoryWatcher (151)
[2017.04.11-06.26.07:361][437]LogModuleManager: Shutting down and abandoning module KismetCompiler (148)
[2017.04.11-06.26.07:361][437]LogModuleManager: Shutting down and abandoning module PhysXFormats (146)
[2017.04.11-06.26.07:361][437]LogModuleManager: Shutting down and abandoning module MeshUtilities (144)
[2017.04.11-06.26.07:361][437]LogModuleManager: Shutting down and abandoning module SimplygonSwarm (143)
[2017.04.11-06.26.07:361][437]LogModuleManager: Shutting down and abandoning module SimplygonMeshReduction (141)
[2017.04.11-06.26.07:361][437]LogModuleManager: Shutting down and abandoning module QuadricMeshReduction (139)
[2017.04.11-06.26.07:361][437]LogModuleManager: Shutting down and abandoning module PropertyEditor (137)
[2017.04.11-06.26.07:361][437]LogModuleManager: Shutting down and abandoning module DerivedDataCache (134)
[2017.04.11-06.26.07:458][437]LogDerivedDataCache: Shutdown
[2017.04.11-06.26.07:458][437]LogModuleManager: Shutting down and abandoning module TargetPlatform (132)
[2017.04.11-06.26.07:458][437]LogModuleManager: Shutting down and abandoning module VulkanShaderFormat (131)
[2017.04.11-06.26.07:458][437]LogModuleManager: Shutting down and abandoning module ShaderFormatOpenGL (129)
[2017.04.11-06.26.07:459][437]LogModuleManager: Shutting down and abandoning module ShaderFormatD3D (127)
[2017.04.11-06.26.07:459][437]LogModuleManager: Shutting down and abandoning module MetalShaderFormat (125)
[2017.04.11-06.26.07:459][437]LogModuleManager: Shutting down and abandoning module TextureFormatUncompressed (123)
[2017.04.11-06.26.07:459][437]LogModuleManager: Shutting down and abandoning module TextureFormatPVR (121)
[2017.04.11-06.26.07:459][437]LogModuleManager: Shutting down and abandoning module TextureFormatDXT (119)
[2017.04.11-06.26.07:459][437]LogModuleManager: Shutting down and abandoning module TextureFormatIntelISPCTexComp (117)
[2017.04.11-06.26.07:459][437]LogModuleManager: Shutting down and abandoning module TextureFormatASTC (115)
[2017.04.11-06.26.07:459][437]LogModuleManager: Shutting down and abandoning module ImageWrapper (114)
[2017.04.11-06.26.07:459][437]LogModuleManager: Shutting down and abandoning module TextureFormatAndroid (111)
[2017.04.11-06.26.07:459][437]LogModuleManager: Shutting down and abandoning module AudioFormatOpus (109)
[2017.04.11-06.26.07:459][437]LogModuleManager: Shutting down and abandoning module AudioFormatOgg (107)
[2017.04.11-06.26.07:459][437]LogModuleManager: Shutting down and abandoning module AudioFormatADPCM (105)
[2017.04.11-06.26.07:459][437]LogModuleManager: Shutting down and abandoning module LinuxTargetPlatform (103)
[2017.04.11-06.26.07:459][437]LogModuleManager: Shutting down and abandoning module LinuxServerTargetPlatform (101)
[2017.04.11-06.26.07:459][437]LogModuleManager: Shutting down and abandoning module LinuxNoEditorTargetPlatform (99)
[2017.04.11-06.26.07:459][437]LogModuleManager: Shutting down and abandoning module LinuxClientTargetPlatform (97)
[2017.04.11-06.26.07:459][437]LogModuleManager: Shutting down and abandoning module TVOSTargetPlatform (95)
[2017.04.11-06.26.07:459][437]LogModuleManager: Shutting down and abandoning module Messaging (93)
[2017.04.11-06.26.07:459][437]LogModuleManager: Shutting down and abandoning module IOSTargetPlatform (91)
[2017.04.11-06.26.07:459][437]LogModuleManager: Shutting down and abandoning module HTML5TargetPlatform (89)
[2017.04.11-06.26.07:459][437]LogModuleManager: Shutting down and abandoning module Android_PVRTCTargetPlatform (87)
[2017.04.11-06.26.07:459][437]LogModuleManager: Shutting down and abandoning module Android_MultiTargetPlatform (85)
[2017.04.11-06.26.07:459][437]LogModuleManager: Shutting down and abandoning module Android_ETC2TargetPlatform (83)
[2017.04.11-06.26.07:459][437]LogModuleManager: Shutting down and abandoning module Android_ETC1TargetPlatform (81)
[2017.04.11-06.26.07:459][437]LogModuleManager: Shutting down and abandoning module Android_DXTTargetPlatform (79)
[2017.04.11-06.26.07:459][437]LogModuleManager: Shutting down and abandoning module Android_ATCTargetPlatform (77)
[2017.04.11-06.26.07:459][437]LogModuleManager: Shutting down and abandoning module Android_ASTCTargetPlatform (75)
[2017.04.11-06.26.07:459][437]LogModuleManager: Shutting down and abandoning module AndroidTargetPlatform (73)
[2017.04.11-06.26.07:459][437]LogModuleManager: Shutting down and abandoning module WindowsTargetPlatform (71)
[2017.04.11-06.26.07:459][437]LogModuleManager: Shutting down and abandoning module WindowsServerTargetPlatform (69)
[2017.04.11-06.26.07:459][437]LogModuleManager: Shutting down and abandoning module WindowsNoEditorTargetPlatform (67)
[2017.04.11-06.26.07:459][437]LogModuleManager: Shutting down and abandoning module WindowsClientTargetPlatform (65)
[2017.04.11-06.26.07:459][437]LogModuleManager: Shutting down and abandoning module MacTargetPlatform (63)
[2017.04.11-06.26.07:459][437]LogModuleManager: Shutting down and abandoning module MacServerTargetPlatform (61)
[2017.04.11-06.26.07:459][437]LogModuleManager: Shutting down and abandoning module MacNoEditorTargetPlatform (59)
[2017.04.11-06.26.07:459][437]LogModuleManager: Shutting down and abandoning module MacClientTargetPlatform (57)
[2017.04.11-06.26.07:459][437]LogModuleManager: Shutting down and abandoning module AllDesktopTargetPlatform (55)
[2017.04.11-06.26.07:459][437]LogModuleManager: Shutting down and abandoning module InputCore (52)
[2017.04.11-06.26.07:459][437]LogModuleManager: Shutting down and abandoning module Settings (50)
[2017.04.11-06.26.07:459][437]LogModuleManager: Shutting down and abandoning module OculusRift (48)
[2017.04.11-06.26.07:459][437]LogModuleManager: Shutting down and abandoning module GearVR (46)
[2017.04.11-06.26.07:459][437]LogModuleManager: Shutting down and abandoning module ExampleDeviceProfileSelector (44)
[2017.04.11-06.26.07:459][437]LogModuleManager: Shutting down and abandoning module OnlineBlueprintSupport (42)
[2017.04.11-06.26.07:459][437]LogModuleManager: Shutting down and abandoning module OnlineSubsystem (38)
[2017.04.11-06.26.07:459][437]LogOnline:Display: Unloading online subsystem: NULL
[2017.04.11-06.26.07:460][437]LogModuleManager: Shutting down and abandoning module XMPP (37)
[2017.04.11-06.26.07:460][437]LogModuleManager: Shutting down and abandoning module HTTP (35)
[2017.04.11-06.26.07:460][437]LogHttp:Display: Http module shutting down, but needs to wait on 1 outstanding Http requests:
[2017.04.11-06.26.07:460][437]LogHttp:Display: 	verb=[POST] url=[https://datarouter.ol.epicgames.com/datarouter/api/v1/public/data?SessionID=%7BEA118233-4833-5958-A1C3-06AE12DD188B%7D&AppID=UEEditor.Rocket.Release&AppVersion=4.15.1-3348071%2B%2B%2BUE4%2BRelease-4.15&UserID=b9e84117442f864f0aecd3af85949e1f%7C97c31956a0404358b6bed46429587004%7C65dd6e18-1de6-4c61-a869-d0a3d25de99f&AppEnvironment=datacollector-binary&UploadType=eteventstream] status=Processing
[2017.04.11-06.26.07:465][437]LogModuleManager: Shutting down and abandoning module SSL (34)
[2017.04.11-06.26.07:467][437]LogModuleManager: Shutting down and abandoning module AudioEditor (30)
[2017.04.11-06.26.07:467][437]LogModuleManager: Shutting down and abandoning module TextureCompressor (28)
[2017.04.11-06.26.07:468][437]LogModuleManager: Shutting down and abandoning module ShaderCore (26)
[2017.04.11-06.26.07:468][437]LogModuleManager: Shutting down and abandoning module Landscape (24)
[2017.04.11-06.26.07:468][437]LogModuleManager: Shutting down and abandoning module SlateRHIRenderer (22)
[2017.04.11-06.26.07:473][437]LogModuleManager: Shutting down and abandoning module OpenGLDrv (20)
[2017.04.11-06.26.07:473][437]LogModuleManager: Shutting down and abandoning module D3D11RHI (18)
[2017.04.11-06.26.07:473][437]LogModuleManager: Shutting down and abandoning module AnimGraphRuntime (16)
[2017.04.11-06.26.07:473][437]LogModuleManager: Shutting down and abandoning module Renderer (14)
[2017.04.11-06.26.07:473][437]LogModuleManager: Shutting down and abandoning module Engine (12)
[2017.04.11-06.26.07:473][437]LogModuleManager: Shutting down and abandoning module CoreUObject (10)
[2017.04.11-06.26.07:473][437]LogModuleManager: Shutting down and abandoning module NetworkFile (8)
[2017.04.11-06.26.07:473][437]LogModuleManager: Shutting down and abandoning module StreamingFile (6)
[2017.04.11-06.26.07:473][437]LogModuleManager: Shutting down and abandoning module SandboxFile (4)
[2017.04.11-06.26.07:473][437]LogModuleManager: Shutting down and abandoning module PakFile (2)
[2017.04.11-06.26.07:476][437]LogExit: Exiting.
[2017.04.11-06.26.07:496][437]Log file closed, 04/11/17 16:26:07
