Log file open, 03/25/17 15:23:08
LogInit:Display: Running engine for game: MakeWarNotLove
LogPlatformFile: Not using cached read wrapper
LogInit:Display: RandInit(-1171810263) SRandInit(-1171810263).
LogTaskGraph: Started task graph with 5 named threads and 8 total threads with 1 sets of task threads.
LogStats: Stats thread started at 0.076412
LogInit: Using libcurl 7.47.1
LogInit:  - built for x86_64-pc-win32
LogInit:  - supports SSL with OpenSSL/1.0.2g
LogInit:  - supports HTTP deflate (compression) using libz 1.2.8
LogInit:  - other features:
LogInit:      CURL_VERSION_SSL
LogInit:      CURL_VERSION_LIBZ
LogInit:      CURL_VERSION_IPV6
LogInit:      CURL_VERSION_ASYNCHDNS
LogInit:      CURL_VERSION_LARGEFILE
LogInit:      CURL_VERSION_IDN
LogInit:  CurlRequestOptions (configurable via config and command line):
LogInit:  - bVerifyPeer = false  - Libcurl will NOT verify peer certificate
LogInit:  - bUseHttpProxy = false  - Libcurl will NOT use HTTP proxy
LogInit:  - bDontReuseConnections = false  - Libcurl will reuse connections
LogInit:  - CertBundlePath = nullptr  - Libcurl will use whatever was configured at build time.
LogInit: Build: ++UE4+Release-4.15-CL-3348071
LogInit: Engine Version: 4.15.1-3348071+++UE4+Release-4.15
LogInit: Compatible Engine Version: 4.15.0-3299760+++UE4+Release-4.15
LogInit: Net CL: 3299760
LogDevObjectVersion: Number of dev versions registered: 14
LogDevObjectVersion:   Dev-Blueprints (B0D832E4-1F89-4F0D-ACCF-7EB736FD4AA2): 8
LogDevObjectVersion:   Dev-Build (E1C64328-A22C-4D53-A36C-8E866417BD8C): 0
LogDevObjectVersion:   Dev-Core (375EC13C-06E4-48FB-B500-84F0262A717E): 2
LogDevObjectVersion:   Dev-Editor (E4B068ED-F494-42E9-A231-DA0B2E46BB41): 14
LogDevObjectVersion:   Dev-Framework (CFFC743F-43B0-4480-9391-14DF171D2073): 22
LogDevObjectVersion:   Dev-Mobile (B02B49B5-BB20-44E9-A304-32B752E40360): 0
LogDevObjectVersion:   Dev-Networking (A4E4105C-59A1-49B5-A7C5-40C4547EDFEE): 0
LogDevObjectVersion:   Dev-Online (39C831C9-5AE6-47DC-9A44-9C173E1C8E7C): 0
LogDevObjectVersion:   Dev-Physics (78F01B33-EBEA-4F98-B9B4-84EACCB95AA2): 0
LogDevObjectVersion:   Dev-Platform (6631380F-2D4D-43E0-8009-CF276956A95A): 0
LogDevObjectVersion:   Dev-Rendering (12F88B9F-8875-4AFC-A67C-D90C383ABD29): 12
LogDevObjectVersion:   Dev-Sequencer (7B5AE74C-D270-4C10-A958-57980B212A5A): 3
LogDevObjectVersion:   Dev-VR (D7296918-1DD6-4BDD-9DE2-64A83CC13884): 0
LogDevObjectVersion:   Dev-LoadTimes (C2A15278-BFE7-4AFE-6C17-90FF531DF755): 1
LogInit: Compiled (64-bit): Mar 15 2017 16:52:47
LogInit: Compiled with Visual C++: 19.00.23026.00
LogInit: Build Configuration: Development
LogInit: Branch Name: ++UE4+Release-4.15
LogInit: Command line:  
LogInit: Base directory: C:/Program Files/Epic Games/UE_4.15/Engine/Binaries/Win64/
LogInit: Installed Engine Build: 1
LogInit: Presizing for max 8388607 objects, including 0 objects not considered by GC, pre-allocating 0 bytes for permanent pool.
LogInit: Object subsystem initialized
[2017.03.25-04.23.09:358][  0]LogInit: Selected Device Profile: [Windows]
[2017.03.25-04.23.09:358][  0]LogInit: Applying CVar settings loaded from the selected device profile: [Windows]
[2017.03.25-04.23.09:383][  0]LogInit: Computer: DESKTOP-S5PC0VV
[2017.03.25-04.23.09:383][  0]LogInit: User: Bill
[2017.03.25-04.23.09:383][  0]LogInit: CPU Page size=65536, Cores=4
[2017.03.25-04.23.09:383][  0]LogInit: High frequency timer resolution =3.117185 MHz
[2017.03.25-04.23.09:383][  0]LogMemory: Memory total: Physical=15.9GB (16GB approx)
[2017.03.25-04.23.09:383][  0]LogMemory: Platform Memory Stats for Windows
[2017.03.25-04.23.09:383][  0]LogMemory: Process Physical Memory: 261.92 MB used, 261.92 MB peak
[2017.03.25-04.23.09:383][  0]LogMemory: Process Virtual Memory: 262.57 MB used, 262.57 MB peak
[2017.03.25-04.23.09:383][  0]LogMemory: Physical Memory: 5481.55 MB used,  10826.04 MB free, 16307.59 MB total
[2017.03.25-04.23.09:383][  0]LogMemory: Virtual Memory: 644.24 MB used,  10826.04 MB free, 134217728.00 MB total
[2017.03.25-04.23.09:460][  0]LogTextLocalizationManager: No specific translations for ('en-US') exist, so ('en') translations will be used.
[2017.03.25-04.23.10:068][  0]LogD3D11RHI: D3D11 adapters:
[2017.03.25-04.23.10:096][  0]LogD3D11RHI:    0. 'AMD Radeon (TM) R9 380 Series' (Feature Level 11_0)
[2017.03.25-04.23.10:096][  0]LogD3D11RHI:       4072/0/8153 MB DedicatedVideo/DedicatedSystem/SharedSystem, Outputs:1, VendorId:0x1002
[2017.03.25-04.23.10:097][  0]LogD3D11RHI:    1. 'Microsoft Basic Render Driver' (Feature Level 11_0)
[2017.03.25-04.23.10:097][  0]LogD3D11RHI:       0/0/8153 MB DedicatedVideo/DedicatedSystem/SharedSystem, Outputs:0, VendorId:0x1414
[2017.03.25-04.23.10:097][  0]LogD3D11RHI: Chosen D3D11 Adapter: 0
[2017.03.25-04.23.10:101][  0]LogD3D11RHI: Creating new Direct3DDevice
[2017.03.25-04.23.10:101][  0]LogD3D11RHI:     GPU DeviceId: 0x6939 (for the marketing name, search the web for "GPU Device Id")
[2017.03.25-04.23.10:101][  0]LogWindows: EnumDisplayDevices:
[2017.03.25-04.23.10:101][  0]LogWindows:    0. 'AMD Radeon (TM) R9 380 Series' (P:1 D:1)
[2017.03.25-04.23.10:101][  0]LogWindows:    1. 'AMD Radeon (TM) R9 380 Series' (P:0 D:0)
[2017.03.25-04.23.10:101][  0]LogWindows:    2. 'AMD Radeon (TM) R9 380 Series' (P:0 D:0)
[2017.03.25-04.23.10:101][  0]LogWindows:    3. 'AMD Radeon (TM) R9 380 Series' (P:0 D:0)
[2017.03.25-04.23.10:101][  0]LogWindows:    4. 'AMD Radeon (TM) R9 380 Series' (P:0 D:0)
[2017.03.25-04.23.10:102][  0]LogWindows:    5. 'AMD Radeon (TM) R9 380 Series' (P:0 D:0)
[2017.03.25-04.23.10:102][  0]LogWindows: DebugString: FoundDriverCount:6 
[2017.03.25-04.23.10:102][  0]LogD3D11RHI:     Adapter Name: AMD Radeon (TM) R9 380 Series
[2017.03.25-04.23.10:102][  0]LogD3D11RHI:   Driver Version: Crimson ReLive 17.3.1 (internal:21.19.523.2, unified:21.19.523.2)
[2017.03.25-04.23.10:102][  0]LogD3D11RHI:      Driver Date: 3-3-2017
[2017.03.25-04.23.10:102][  0]LogRHI: Texture pool is 1361 MB (70% of 1945 MB)
[2017.03.25-04.23.10:165][  0]LogD3D11RHI: Async texture creation enabled
[2017.03.25-04.23.10:176][  0]LogD3D11RHI: GPU Timing Frequency: 27.000000 (Debug: 2 1)
[2017.03.25-04.23.10:177][  0]LogShaderCompilers: Guid format shader working directory is -23 characters bigger than the processId version (../../../../../../Users/Bill/Documents/MakeWarNotLove/MakeWarNotLove/Intermediate/Shaders/WorkingDirectory/9652/).
[2017.03.25-04.23.10:177][  0]LogShaderCompilers: Cleaned the shader compiler working directory 'C:/Users/Bill/AppData/Local/Temp/UnrealShaderWorkingDir/210ECC324B90C8E5C95E739D836A0E70/'.
[2017.03.25-04.23.10:177][  0]LogShaderCompilers:Display: Using Local Shader Compiler.
[2017.03.25-04.23.11:223][  0]LogTemp:Display: Loaded TP AllDesktopTargetPlatform
[2017.03.25-04.23.11:281][  0]LogTemp:Display: Loaded TP MacClientTargetPlatform
[2017.03.25-04.23.11:339][  0]LogTemp:Display: Loaded TP MacNoEditorTargetPlatform
[2017.03.25-04.23.11:400][  0]LogTemp:Display: Loaded TP MacServerTargetPlatform
[2017.03.25-04.23.11:464][  0]LogTemp:Display: Loaded TP MacTargetPlatform
[2017.03.25-04.23.11:546][  0]LogTemp:Display: Loaded TP WindowsClientTargetPlatform
[2017.03.25-04.23.11:619][  0]LogTemp:Display: Loaded TP WindowsNoEditorTargetPlatform
[2017.03.25-04.23.11:700][  0]LogTemp:Display: Loaded TP WindowsServerTargetPlatform
[2017.03.25-04.23.11:754][  0]LogTemp:Display: Loaded TP WindowsTargetPlatform
[2017.03.25-04.23.11:818][  0]LogTemp:Display: Loaded TP AndroidTargetPlatform
[2017.03.25-04.23.11:883][  0]LogTemp:Display: Loaded TP Android_ASTCTargetPlatform
[2017.03.25-04.23.11:947][  0]LogTemp:Display: Loaded TP Android_ATCTargetPlatform
[2017.03.25-04.23.12:012][  0]LogTemp:Display: Loaded TP Android_DXTTargetPlatform
[2017.03.25-04.23.12:073][  0]LogTemp:Display: Loaded TP Android_ETC1TargetPlatform
[2017.03.25-04.23.12:134][  0]LogTemp:Display: Loaded TP Android_ETC2TargetPlatform
[2017.03.25-04.23.12:253][  0]LogTemp:Display: Loaded TP Android_MultiTargetPlatform
[2017.03.25-04.23.12:253][  0]LogTemp:Display: Loaded TP Android_PVRTCTargetPlatform
[2017.03.25-04.23.12:293][  0]LogTemp:Display: Loaded TP HTML5TargetPlatform
[2017.03.25-04.23.12:397][  0]LogTemp:Display: Loaded TP IOSTargetPlatform
[2017.03.25-04.23.12:435][  0]LogTemp:Display: Loaded TP TVOSTargetPlatform
[2017.03.25-04.23.12:494][  0]LogTemp:Display: Loaded TP LinuxClientTargetPlatform
[2017.03.25-04.23.12:557][  0]LogTemp:Display: Loaded TP LinuxNoEditorTargetPlatform
[2017.03.25-04.23.12:625][  0]LogTemp:Display: Loaded TP LinuxServerTargetPlatform
[2017.03.25-04.23.12:683][  0]LogTemp:Display: Loaded TP LinuxTargetPlatform
[2017.03.25-04.23.12:683][  0]LogTargetPlatformManager:Display: Building Assets For Windows
[2017.03.25-04.23.13:197][  0]LogDerivedDataCache:Display: Max Cache Size: 512 MB
[2017.03.25-04.23.13:250][  0]LogDerivedDataCache: Loaded boot cache 0.05s 50MB C:/Users/Bill/AppData/Local/UnrealEngine/4.15/DerivedDataCache/Boot.ddc.
[2017.03.25-04.23.13:250][  0]LogDerivedDataCache:Display: Loaded Boot cache: C:/Users/Bill/AppData/Local/UnrealEngine/4.15/DerivedDataCache/Boot.ddc
[2017.03.25-04.23.13:250][  0]LogDerivedDataCache: FDerivedDataBackendGraph:  Pak pak cache file ../../../../../../Users/Bill/Documents/MakeWarNotLove/MakeWarNotLove/DerivedDataCache/DDC.ddp not found, will not use a pak cache.
[2017.03.25-04.23.13:250][  0]LogDerivedDataCache: Unable to find inner node Pak for hierarchical cache Hierarchy.
[2017.03.25-04.23.13:250][  0]LogDerivedDataCache: FDerivedDataBackendGraph:  CompressedPak pak cache file ../../../../../../Users/Bill/Documents/MakeWarNotLove/MakeWarNotLove/DerivedDataCache/Compressed.ddp not found, will not use a pak cache.
[2017.03.25-04.23.13:250][  0]LogDerivedDataCache: Unable to find inner node CompressedPak for hierarchical cache Hierarchy.
[2017.03.25-04.23.13:270][  0]LogDerivedDataCache:Display: Pak cache opened for reading ../../../Engine/DerivedDataCache/Compressed.ddp.
[2017.03.25-04.23.13:281][  0]LogDerivedDataCache: Using Local data cache path C:/Users/Bill/AppData/Local/UnrealEngine/Common/DerivedDataCache: Writable
[2017.03.25-04.23.13:290][  0]LogSlate: Using Freetype 2.6.0
[2017.03.25-04.23.13:290][  0]LogSlate: SlateFontCache - WITH_FREETYPE: 1, WITH_HARFBUZZ: 1
[2017.03.25-04.23.13:290][  0]LogSlate: SlateFontCache - WITH_FREETYPE: 1, WITH_HARFBUZZ: 1
[2017.03.25-04.23.13:584][  0]LogInit: Selected Device Profile: [Windows]
[2017.03.25-04.23.13:586][  0]LogContentStreaming: Texture pool size is 0.00 MB
[2017.03.25-04.23.13:801][  0]LogMeshUtilities: Using QuadricMeshReduction for automatic static mesh reduction
[2017.03.25-04.23.13:846][  0]LogSimplygon: Simplygon DLL not present - disabling.
[2017.03.25-04.23.13:894][  0]LogMeshUtilities: Using SimplygonSwarm for distributed automatic mesh merging
[2017.03.25-04.23.13:894][  0]LogMeshUtilities: No automatic skeletal mesh reduction module available
[2017.03.25-04.23.13:894][  0]LogMeshUtilities: No automatic mesh merging module available
[2017.03.25-04.23.14:433][  0]LogNetVersion: GetLocalNetworkVersion: CL: 3299760, ProjectName: makewarnotlove, ProjectVersion: , EngineNetworkVersion: 2, GameNetworkVersion: 0, NetworkChecksum: 263832537
[2017.03.25-04.23.14:478][  0]LogAssetRegistry: FAssetRegistry took 0.0212 seconds to start up
[2017.03.25-04.23.14:533][  0]LogPackageLocalizationCache: Processed 3 localized package path(s) for 2 prioritized culture(s) in 0.031683 seconds
[2017.03.25-04.23.14:538][  0]LogUObjectArray: 32493 objects as part of root set at end of initial load.
[2017.03.25-04.23.14:538][  0]LogUObjectAllocator: 7077032 out of 0 bytes used by permanent object pool.
[2017.03.25-04.23.14:538][  0]LogUObjectArray: CloseDisregardForGC: 0/0 objects in disregard for GC pool
[2017.03.25-04.23.14:602][  0]LogInit: WinSock: version 1.1 (2.2), MaxSocks=32767, MaxUdp=65467
[2017.03.25-04.23.16:183][  0]LogTcpMessaging: Initializing TcpMessaging bridge
[2017.03.25-04.23.16:223][  0]LogUdpMessaging: Initializing bridge on interface 0.0.0.0:0 to multicast group 230.0.0.1:6666.
[2017.03.25-04.23.16:746][  0]LogMaterial: Uniform references updated for custom material expression Custom.
[2017.03.25-04.23.17:122][  0]SourceControl: Info Source control is disabled
[2017.03.25-04.23.17:162][  0]SourceControl: Info Source control is disabled
[2017.03.25-04.23.17:211][  0]SourceControl: Info Source control is disabled
[2017.03.25-04.23.17:260][  0]SourceControl: Info Source control is disabled
[2017.03.25-04.23.18:546][  0]LogEngine: Initializing Engine...
[2017.03.25-04.23.18:546][  0]LogHMD: Failed to initialize OpenVR with code 110
[2017.03.25-04.23.18:771][  0]LogAIModule: Creating AISystem for world Untitled
[2017.03.25-04.23.18:781][  0]LogInit: XAudio2 using 'Speakers (Realtek High Definition Audio)' : 2 channels at 48 kHz using 32 bits per sample (channel mask 0x3)
[2017.03.25-04.23.18:793][  0]LogInit: FAudioDevice initialized.
[2017.03.25-04.23.18:816][  0]LogDerivedDataCache: Saved boot cache 0.02s 50MB C:/Users/Bill/AppData/Local/UnrealEngine/4.15/DerivedDataCache/Boot.ddc.
[2017.03.25-04.23.18:826][  0]LogInit: Texture streaming: Enabled
[2017.03.25-04.23.18:917][  0]LogEngineSessionManager: EngineSessionManager initialized
[2017.03.25-04.23.19:003][  0]LogInit: Transaction tracking system initialized
[2017.03.25-04.23.19:345][  0]BlueprintLog: New page: Editor Load
[2017.03.25-04.23.20:210][  0]LocalizationService: Info Localization service is disabled
[2017.03.25-04.23.20:867][  0]LogConsoleResponse:Display: 
[2017.03.25-04.23.20:996][  0]LogCook:Display: Max memory allowance for cook 16384mb min free memory 0mb
[2017.03.25-04.23.20:996][  0]LogCook:Display: Mobile HDR setting 1
[2017.03.25-04.23.22:014][  0]LogFileCache: Scanning file cache for directory 'C:/Users/Bill/Documents/MakeWarNotLove/MakeWarNotLove/Content/' took 0.01s
[2017.03.25-04.23.22:057][  0]SourceControl: Info Source control is disabled
[2017.03.25-04.23.22:057][  0]Cmd: MAP LOAD FILE="../../../../../../Users/Bill/Documents/MakeWarNotLove/MakeWarNotLove/Content/ThirdPersonBP/Maps/ThirdPersonExampleMap.umap" TEMPLATE=0 SHOWPROGRESS=1 FEATURELEVEL=3
[2017.03.25-04.23.22:057][  0]LightingResults: New page: Lighting Build
[2017.03.25-04.23.22:098][  0]MapCheck: New page: Map Check
[2017.03.25-04.23.22:098][  0]LightingResults: New page: Lighting Build
[2017.03.25-04.23.22:533][  0]LogAIModule: Creating AISystem for world ThirdPersonExampleMap
[2017.03.25-04.23.22:559][  0]LogEditorServer: Finished looking for orphan Actors (0.000 secs)
[2017.03.25-04.23.22:560][  0]Cmd: MAP CHECKDEP NOCLEARLOG
[2017.03.25-04.23.22:604][  0]MapCheck: Info Map check complete: 0 Error(s), 0 Warning(s), took 44.485ms to complete.
[2017.03.25-04.23.22:604][  0]LogFileHelpers: Loading map 'ThirdPersonExampleMap' took 0.548
[2017.03.25-04.23.22:833][  0]LogCollectionManager: Loaded 0 collections in 0.002062 seconds
[2017.03.25-04.23.22:909][  0]LogFileCache: Scanning file cache for directory 'C:/Users/Bill/Documents/MakeWarNotLove/MakeWarNotLove/Saved/Collections/' took 0.01s
[2017.03.25-04.23.22:909][  0]LogFileCache: Scanning file cache for directory 'C:/Users/Bill/Documents/MakeWarNotLove/MakeWarNotLove/Content/Developers/Bill/Collections/' took 0.01s
[2017.03.25-04.23.22:909][  0]LogFileCache: Scanning file cache for directory 'C:/Users/Bill/Documents/MakeWarNotLove/MakeWarNotLove/Content/Collections/' took 0.01s
[2017.03.25-04.23.22:909][  0]LogCollectionManager: Rebuilt the GUID cache for 0 collections in 0.000002 seconds
[2017.03.25-04.23.22:918][  0]LogContentBrowser: Native class hierarchy populated in 0.0080 seconds. Added 2246 classes and 455 folders.
[2017.03.25-04.23.22:921][  0]LogStats: UGameplayTagsManager::ConstructGameplayTagTree: Construct from data asset -  0.000 s
[2017.03.25-04.23.22:921][  0]LogStats: UGameplayTagsManager::ConstructGameplayTagTree: GameplayTagTreeChangedEvent.Broadcast -  0.000 s
[2017.03.25-04.23.22:983][  0]LogContentBrowser: Native class hierarchy updated for 'WidgetCarousel' in 0.0004 seconds. Added 0 classes and 0 folders.
[2017.03.25-04.23.23:022][  0]LogContentBrowser: Native class hierarchy updated for 'AddContentDialog' in 0.0004 seconds. Added 0 classes and 0 folders.
[2017.03.25-04.23.23:128][  0]LogCrashTracker: Crashtracker disabled due to settings.
[2017.03.25-04.23.23:135][  0]LogUObjectGlobals:Warning: Failed to find object 'Class None.'
[2017.03.25-04.23.23:201][  0]LogContentBrowser: Native class hierarchy updated for 'HierarchicalLODOutliner' in 0.0004 seconds. Added 1 classes and 2 folders.
[2017.03.25-04.23.23:201][  0]LogLoad: (Engine Initialization) Total time: 15.96 seconds
[2017.03.25-04.23.23:201][  0]LogLoad: (Engine Initialization) Total Blueprint compile time: 0.15 seconds
[2017.03.25-04.23.23:201][  0]LogExternalProfiler: Found external profiler: VSPerf
[2017.03.25-04.23.23:201][  0]LogExternalProfiler: Using external profiler: VSPerf
[2017.03.25-04.23.23:541][  0]LogOcInput: OculusInput pre-init called
[2017.03.25-04.23.23:571][  0]LogContentStreaming: Texture pool size now 1000 MB
[2017.03.25-04.23.23:573][  0]LogSlate: Took 0.000395 seconds to synchronously load lazily loaded font '../../../Engine/Content/Slate/Fonts/Roboto-Regular.ttf' (155K)
[2017.03.25-04.23.23:584][  0]LogSlate: Took 0.000358 seconds to synchronously load lazily loaded font '../../../Engine/Content/Slate/Fonts/Roboto-Bold.ttf' (160K)
[2017.03.25-04.23.23:589][  0]LogSlate: Took 0.000325 seconds to synchronously load lazily loaded font '../../../Engine/Content/Editor/Slate/Fonts/FontAwesome.ttf' (139K)
[2017.03.25-04.23.23:721][  0]LogRenderer: Reallocating scene render targets to support 900x484 NumSamples 1 (Frame:2).
[2017.03.25-04.23.23:769][  0]LogSlate: Took 0.000219 seconds to synchronously load lazily loaded font '../../../Engine/Content/Slate/Fonts/Roboto-Light.ttf' (159K)
[2017.03.25-04.23.23:885][  1]LogAssetRegistry: Asset discovery search completed in 9.4286 seconds
[2017.03.25-04.23.23:885][  1]LogCollectionManager: Rebuilt the object cache for 0 collections in 0.000005 seconds (found 0 objects)
[2017.03.25-04.23.23:885][  1]LogCollectionManager: Fixed up redirectors for 0 collections in 0.000017 seconds (updated 0 objects)
[2017.03.25-04.24.06:414][ 79]LogSlate: Took 0.000157 seconds to synchronously load lazily loaded font '../../../Engine/Content/Slate/Fonts/Roboto-Light.ttf' (159K)
[2017.03.25-04.24.06:949][ 79]LogContentBrowser: Native class hierarchy updated for 'BlueprintGraph' in 0.0008 seconds. Added 112 classes and 0 folders.
[2017.03.25-04.24.07:533][ 79]LogSlate: Took 0.000171 seconds to synchronously load lazily loaded font '../../../Engine/Content/Slate/Fonts/Roboto-Regular.ttf' (155K)
[2017.03.25-04.24.07:765][ 79]LogRenderer: Reallocating scene render targets to support 952x568 NumSamples 1 (Frame:1498).
[2017.03.25-04.24.09:005][195]LogSlate: Took 0.017180 seconds to synchronously load lazily loaded font '../../../Engine/Content/Editor/Slate/Fonts/Roboto-BoldCondensed.ttf' (158K)
[2017.03.25-04.24.17:449][930]LogObjectTools:Warning: ForceReplaceReferences replaced references for a transient object 'DEADCLASS_Dummy_C_0' or package '/Engine/Transient'.
[2017.03.25-04.24.17:449][930]LogObjectTools:Warning: ForceReplaceReferences replaced references for a transient object 'SimpleConstructionScript_0' or package '/Engine/Transient'.
[2017.03.25-04.24.17:449][930]LogObjectTools:Warning: ForceReplaceReferences replaced references for a transient object 'DefaultSceneRoot_GEN_VARIABLE' or package '/Engine/Transient'.
[2017.03.25-04.24.17:449][930]LogObjectTools:Warning: ForceReplaceReferences replaced references for a transient object 'DEADCLASS_Dummy_C_1' or package '/Engine/Transient'.
[2017.03.25-04.24.17:449][930]LogObjectTools:Warning: ForceReplaceReferences replaced references for a transient object 'UserConstructionScript' or package '/Engine/Transient'.
[2017.03.25-04.24.17:449][930]LogObjectTools:Warning: ForceReplaceReferences replaced references for a transient object 'REINST_SKEL_Dummy_C_46' or package '/Engine/Transient'.
[2017.03.25-04.24.17:449][930]LogObjectTools:Warning: ForceReplaceReferences replaced references for a transient object 'InheritableComponentHandler' or package '/Engine/Transient'.
[2017.03.25-04.24.17:449][930]LogObjectTools:Warning: ForceReplaceReferences replaced references for a transient object 'SpringArmComponent_0__A9892D03' or package '/Engine/Transient'.
[2017.03.25-04.24.17:449][930]LogObjectTools:Warning: ForceReplaceReferences replaced references for a transient object 'CameraComponent_0__CCE3C0B4' or package '/Engine/Transient'.
[2017.03.25-04.24.17:449][930]LogObjectTools:Warning: ForceReplaceReferences replaced references for a transient object 'REINST_Dummy_C_45' or package '/Engine/Transient'.
[2017.03.25-04.25.18:152][ 21]LogMetaData: Removing '/Game/Nabil/Dummy.SKEL_Dummy_C:InpAxisEvt_MoveForward_K2Node_InputAxisEvent_79' ref from Metadata '/Game/ThirdPersonBP/Blueprints/Dummy.PackageMetaData'
[2017.03.25-04.25.18:152][ 21]LogMetaData: Removing '/Game/Nabil/Dummy.SKEL_Dummy_C:InpAxisEvt_MoveRight_K2Node_InputAxisEvent_90' ref from Metadata '/Game/ThirdPersonBP/Blueprints/Dummy.PackageMetaData'
[2017.03.25-04.25.18:152][ 21]LogMetaData: Removing '/Game/Nabil/Dummy.SKEL_Dummy_C:InpAxisEvt_Turn_K2Node_InputAxisEvent_47' ref from Metadata '/Game/ThirdPersonBP/Blueprints/Dummy.PackageMetaData'
[2017.03.25-04.25.18:152][ 21]LogMetaData: Removing '/Game/Nabil/Dummy.SKEL_Dummy_C:InpAxisEvt_LookUp_K2Node_InputAxisEvent_40' ref from Metadata '/Game/ThirdPersonBP/Blueprints/Dummy.PackageMetaData'
[2017.03.25-04.25.18:152][ 21]LogMetaData: Removing '/Game/Nabil/Dummy.SKEL_Dummy_C:InpAxisEvt_TurnRate_K2Node_InputAxisEvent_38' ref from Metadata '/Game/ThirdPersonBP/Blueprints/Dummy.PackageMetaData'
[2017.03.25-04.25.18:152][ 21]LogMetaData: Removing '/Game/Nabil/Dummy.SKEL_Dummy_C:InpAxisEvt_LookUpRate_K2Node_InputAxisEvent_53' ref from Metadata '/Game/ThirdPersonBP/Blueprints/Dummy.PackageMetaData'
[2017.03.25-04.25.18:152][ 21]LogMetaData: Removing '/Game/Nabil/Dummy.SKEL_Dummy_C:ExecuteUbergraph_Dummy' ref from Metadata '/Game/ThirdPersonBP/Blueprints/Dummy.PackageMetaData'
[2017.03.25-04.25.18:152][ 21]LogMetaData: Removing '/Game/Nabil/Dummy.SKEL_Dummy_C:UserConstructionScript' ref from Metadata '/Game/ThirdPersonBP/Blueprints/Dummy.PackageMetaData'
[2017.03.25-04.25.18:152][ 21]LogMetaData: Removing '/Game/Nabil/Dummy.SKEL_Dummy_C:FollowCamera' ref from Metadata '/Game/ThirdPersonBP/Blueprints/Dummy.PackageMetaData'
[2017.03.25-04.25.18:152][ 21]LogMetaData: Removing '/Game/Nabil/Dummy.SKEL_Dummy_C:CameraBoom' ref from Metadata '/Game/ThirdPersonBP/Blueprints/Dummy.PackageMetaData'
[2017.03.25-04.25.18:152][ 21]LogMetaData: Removing '/Game/Nabil/Dummy.SKEL_Dummy_C:BaseTurnRate' ref from Metadata '/Game/ThirdPersonBP/Blueprints/Dummy.PackageMetaData'
[2017.03.25-04.25.18:152][ 21]LogMetaData: Removing '/Game/Nabil/Dummy.SKEL_Dummy_C:BaseLookUpRate' ref from Metadata '/Game/ThirdPersonBP/Blueprints/Dummy.PackageMetaData'
[2017.03.25-04.25.18:152][ 21]LogMetaData: Removing '/Game/Nabil/Dummy.SKEL_Dummy_C' ref from Metadata '/Game/ThirdPersonBP/Blueprints/Dummy.PackageMetaData'
[2017.03.25-04.25.18:152][ 21]LogMetaData: Removing '/Game/Nabil/Dummy.Dummy_C' ref from Metadata '/Game/ThirdPersonBP/Blueprints/Dummy.PackageMetaData'
[2017.03.25-04.25.18:152][ 21]LogMetaData: Removing '/Game/Nabil/Dummy.Dummy_C:BaseLookUpRate' ref from Metadata '/Game/ThirdPersonBP/Blueprints/Dummy.PackageMetaData'
[2017.03.25-04.25.18:152][ 21]LogMetaData: Removing '/Game/Nabil/Dummy.Dummy_C:BaseTurnRate' ref from Metadata '/Game/ThirdPersonBP/Blueprints/Dummy.PackageMetaData'
[2017.03.25-04.25.18:152][ 21]LogMetaData: Removing '/Game/Nabil/Dummy.Dummy_C:CameraBoom' ref from Metadata '/Game/ThirdPersonBP/Blueprints/Dummy.PackageMetaData'
[2017.03.25-04.25.18:152][ 21]LogMetaData: Removing '/Game/Nabil/Dummy.Dummy_C:FollowCamera' ref from Metadata '/Game/ThirdPersonBP/Blueprints/Dummy.PackageMetaData'
[2017.03.25-04.25.18:152][ 21]LogMetaData: Removing '/Game/Nabil/Dummy.Dummy_C:UserConstructionScript' ref from Metadata '/Game/ThirdPersonBP/Blueprints/Dummy.PackageMetaData'
[2017.03.25-04.25.18:152][ 21]LogMetaData: Removing '/Game/Nabil/Dummy.Dummy_C:ExecuteUbergraph_Dummy' ref from Metadata '/Game/ThirdPersonBP/Blueprints/Dummy.PackageMetaData'
[2017.03.25-04.25.18:152][ 21]LogMetaData: Removing '/Game/Nabil/Dummy.Dummy_C:InpAxisEvt_LookUpRate_K2Node_InputAxisEvent_53' ref from Metadata '/Game/ThirdPersonBP/Blueprints/Dummy.PackageMetaData'
[2017.03.25-04.25.18:152][ 21]LogMetaData: Removing '/Game/Nabil/Dummy.Dummy_C:InpAxisEvt_TurnRate_K2Node_InputAxisEvent_38' ref from Metadata '/Game/ThirdPersonBP/Blueprints/Dummy.PackageMetaData'
[2017.03.25-04.25.18:152][ 21]LogMetaData: Removing '/Game/Nabil/Dummy.Dummy_C:InpAxisEvt_LookUp_K2Node_InputAxisEvent_40' ref from Metadata '/Game/ThirdPersonBP/Blueprints/Dummy.PackageMetaData'
[2017.03.25-04.25.18:152][ 21]LogMetaData: Removing '/Game/Nabil/Dummy.Dummy_C:InpAxisEvt_Turn_K2Node_InputAxisEvent_47' ref from Metadata '/Game/ThirdPersonBP/Blueprints/Dummy.PackageMetaData'
[2017.03.25-04.25.18:152][ 21]LogMetaData: Removing '/Game/Nabil/Dummy.Dummy_C:InpAxisEvt_MoveRight_K2Node_InputAxisEvent_90' ref from Metadata '/Game/ThirdPersonBP/Blueprints/Dummy.PackageMetaData'
[2017.03.25-04.25.18:152][ 21]LogMetaData: Removing '/Game/Nabil/Dummy.Dummy_C:InpAxisEvt_MoveForward_K2Node_InputAxisEvent_79' ref from Metadata '/Game/ThirdPersonBP/Blueprints/Dummy.PackageMetaData'
[2017.03.25-04.25.18:152][ 21]LogMetaData: Removing '/Game/Nabil/Dummy.Dummy_C:InpTchEvt_Pressed' ref from Metadata '/Game/ThirdPersonBP/Blueprints/Dummy.PackageMetaData'
[2017.03.25-04.25.18:152][ 21]LogMetaData: Removing '/Game/Nabil/Dummy.Dummy_C:InpTchEvt_Released' ref from Metadata '/Game/ThirdPersonBP/Blueprints/Dummy.PackageMetaData'
[2017.03.25-04.25.18:185][ 21]Cmd: OBJ SAVEPACKAGE PACKAGE="/Game/Nabil/Dummy" FILE="../../../../../../Users/Bill/Documents/MakeWarNotLove/MakeWarNotLove/Content/Nabil/Dummy.uasset" SILENT=true
[2017.03.25-04.25.18:226][ 21]LogSavePackage: Save=38.66ms
[2017.03.25-04.25.18:226][ 21]LogSavePackage: Moving '../../../../../../Users/Bill/Documents/MakeWarNotLove/MakeWarNotLove/Saved/DummyDA84690143DE82E34F5B90A73FF9DAD4.tmp' to '../../../../../../Users/Bill/Documents/MakeWarNotLove/MakeWarNotLove/Content/Nabil/Dummy.uasset'
[2017.03.25-04.25.18:229][ 21]LogSavePackage:Display: Finished SavePackage ../../../../../../Users/Bill/Documents/MakeWarNotLove/MakeWarNotLove/Content/Nabil/Dummy.uasset
[2017.03.25-04.25.37:361][863]LogSlate: Took 0.018889 seconds to synchronously load lazily loaded font '../../../Engine/Content/Editor/Slate/Fonts/Roboto-Italic.ttf' (157K)
[2017.03.25-04.26.44:112][508]BlueprintLog: New page: Compile Dummy
[2017.03.25-04.26.45:106][598]Cmd: OBJ SAVEPACKAGE PACKAGE="/Game/Nabil/Dummy" FILE="../../../../../../Users/Bill/Documents/MakeWarNotLove/MakeWarNotLove/Content/Nabil/Dummy.uasset" SILENT=true
[2017.03.25-04.26.45:135][598]LogSavePackage: Save=20.05ms
[2017.03.25-04.26.45:135][598]LogSavePackage: Moving '../../../../../../Users/Bill/Documents/MakeWarNotLove/MakeWarNotLove/Saved/Dummy62A74A3646CF259FC632A387ECD134B0.tmp' to '../../../../../../Users/Bill/Documents/MakeWarNotLove/MakeWarNotLove/Content/Nabil/Dummy.uasset'
[2017.03.25-04.26.45:137][598]LogSavePackage:Display: Finished SavePackage ../../../../../../Users/Bill/Documents/MakeWarNotLove/MakeWarNotLove/Content/Nabil/Dummy.uasset
[2017.03.25-04.27.11:203][584]LogSlate: Only BGRA pngs, bmps or icos are supported in by External Image Picker
[2017.03.25-04.27.11:315][585]LogTemp:Display: Executing iPhonePackager certificates Engine -bundlename com.YourCompany.MakeWarNotLove

[2017.03.25-04.27.11:315][585]LogTemp:Display: CWD: C:\Program Files\Epic Games\UE_4.15\Engine\Binaries\DotNET\IOS

[2017.03.25-04.27.11:315][585]LogTemp:Display: Initial Dir: C:\Program Files\Epic Games\UE_4.15

[2017.03.25-04.27.11:315][585]LogTemp:Display: Env CWD: C:\Program Files\Epic Games\UE_4.15\Engine\Binaries\DotNET\IOS

[2017.03.25-04.27.11:315][585]LogTemp:Display: BranchPath = DESKTOP-S5PC0VV/C/Program Files/Epic Games/UE_4.15/Engine/Binaries --- GameBranchPath = DESKTOP-S5PC0VV/C/Program Files/Epic Games/UE_4.15/Engine/Binaries

[2017.03.25-04.27.11:498][604]LogTemp:Display: IPP ERROR: Application exception: System.IO.DirectoryNotFoundException: Could not find a part of the path 'C:\Users\Bill\AppData\Local\Apple Computer\MobileDevice\Provisioning Profiles'.

[2017.03.25-04.27.11:498][604]LogTemp:Display:    at System.IO.__Error.WinIOError(Int32 errorCode, String maybeFullPath)

[2017.03.25-04.27.11:498][604]LogTemp:Display:    at System.IO.FileSystemEnumerableIterator`1.CommonInit()

[2017.03.25-04.27.11:498][604]LogTemp:Display:    at System.IO.Directory.EnumerateFiles(String path, String searchPattern)

[2017.03.25-04.27.11:498][604]LogTemp:Display:    at iPhonePackager.CodeSignatureBuilder.FindProvisions(String CFBundleIdentifier)

[2017.03.25-04.27.11:498][604]LogTemp:Display:    at iPhonePackager.Program.Main(String[] args)

[2017.03.25-04.28.02:111][305]LogTemp: Repeting last play command: Selected Viewport
[2017.03.25-04.28.02:134][305]LogBlueprintUserMessages: Early PlayInEditor Detection: Level '/Game/ThirdPersonBP/Maps/ThirdPersonExampleMap.ThirdPersonExampleMap:PersistentLevel' has LevelScriptBlueprint '/Game/ThirdPersonBP/Maps/ThirdPersonExampleMap.ThirdPersonExampleMap:PersistentLevel.ThirdPersonExampleMap' with GeneratedClass '/Game/ThirdPersonBP/Maps/ThirdPersonExampleMap.ThirdPersonExampleMap_C' with ClassGeneratedBy '/Game/ThirdPersonBP/Maps/ThirdPersonExampleMap.ThirdPersonExampleMap:PersistentLevel.ThirdPersonExampleMap'
[2017.03.25-04.28.02:134][305]LogPlayLevel: PlayLevel: No blueprints needed recompiling
[2017.03.25-04.28.02:134][305]PIE: New page: PIE session: ThirdPersonExampleMap (Mar 26, 2017, 2:28:02 AM)
[2017.03.25-04.28.02:134][305]LogPlayLevel: Creating play world package: /Game/ThirdPersonBP/Maps/UEDPIE_0_ThirdPersonExampleMap
[2017.03.25-04.28.02:154][305]LogPlayLevel: PIE: StaticDuplicateObject took: (0.019594s)
[2017.03.25-04.28.02:155][305]LogAIModule: Creating AISystem for world ThirdPersonExampleMap
[2017.03.25-04.28.02:155][305]LogPlayLevel: PIE: World Init took: (0.001066s)
[2017.03.25-04.28.02:155][305]LogPlayLevel: PIE: Created PIE world by copying editor world from /Game/ThirdPersonBP/Maps/ThirdPersonExampleMap.ThirdPersonExampleMap to /Game/ThirdPersonBP/Maps/UEDPIE_0_ThirdPersonExampleMap.ThirdPersonExampleMap (0.020998s)
[2017.03.25-04.28.02:171][305]LogInit: XAudio2 using 'Speakers (Realtek High Definition Audio)' : 2 channels at 48 kHz using 32 bits per sample (channel mask 0x3)
[2017.03.25-04.28.02:179][305]LogInit: FAudioDevice initialized.
[2017.03.25-04.28.02:257][305]LogLoad: Game class is 'ThirdPersonGameMode_C'
[2017.03.25-04.28.02:260][305]LogWorld: Bringing World /Game/ThirdPersonBP/Maps/UEDPIE_0_ThirdPersonExampleMap.ThirdPersonExampleMap up for play (max tick rate 0) at 2017.03.25-15.28.02
[2017.03.25-04.28.02:261][305]LogWorld: Bringing up level for play took: 0.002323
[2017.03.25-04.28.02:313][305]LogContentBrowser: Native class hierarchy updated for 'MovieSceneCapture' in 0.0005 seconds. Added 11 classes and 0 folders.
[2017.03.25-04.28.02:314][305]PIE: Info Play in editor start time for /Game/ThirdPersonBP/Maps/UEDPIE_0_ThirdPersonExampleMap -0.82
[2017.03.25-04.28.02:314][305]LogBlueprintUserMessages: Late PlayInEditor Detection: Level '/Game/ThirdPersonBP/Maps/ThirdPersonExampleMap.ThirdPersonExampleMap:PersistentLevel' has LevelScriptBlueprint '/Game/ThirdPersonBP/Maps/ThirdPersonExampleMap.ThirdPersonExampleMap:PersistentLevel.ThirdPersonExampleMap' with GeneratedClass '/Game/ThirdPersonBP/Maps/ThirdPersonExampleMap.ThirdPersonExampleMap_C' with ClassGeneratedBy '/Game/ThirdPersonBP/Maps/ThirdPersonExampleMap.ThirdPersonExampleMap:PersistentLevel.ThirdPersonExampleMap'
[2017.03.25-04.28.21:793][615]LogBlueprintUserMessages: Early EndPlayMap Detection: Level '/Game/ThirdPersonBP/Maps/ThirdPersonExampleMap.ThirdPersonExampleMap:PersistentLevel' has LevelScriptBlueprint '/Game/ThirdPersonBP/Maps/ThirdPersonExampleMap.ThirdPersonExampleMap:PersistentLevel.ThirdPersonExampleMap' with GeneratedClass '/Game/ThirdPersonBP/Maps/ThirdPersonExampleMap.ThirdPersonExampleMap_C' with ClassGeneratedBy '/Game/ThirdPersonBP/Maps/ThirdPersonExampleMap.ThirdPersonExampleMap:PersistentLevel.ThirdPersonExampleMap'
[2017.03.25-04.28.21:859][615]LogBlueprintUserMessages: Late EndPlayMap Detection: Level '/Game/ThirdPersonBP/Maps/ThirdPersonExampleMap.ThirdPersonExampleMap:PersistentLevel' has LevelScriptBlueprint '/Game/ThirdPersonBP/Maps/ThirdPersonExampleMap.ThirdPersonExampleMap:PersistentLevel.ThirdPersonExampleMap' with GeneratedClass '/Game/ThirdPersonBP/Maps/ThirdPersonExampleMap.ThirdPersonExampleMap_C' with ClassGeneratedBy '/Game/ThirdPersonBP/Maps/ThirdPersonExampleMap.ThirdPersonExampleMap:PersistentLevel.ThirdPersonExampleMap'
