Log file open, 03/27/17 23:35:46
LogInit:Display: Running engine for game: MakeWarNotLove
LogPlatformFile: Not using cached read wrapper
LogInit:Display: RandInit(-1880284218) SRandInit(-1880284218).
LogTaskGraph: Started task graph with 5 named threads and 8 total threads with 1 sets of task threads.
LogStats: Stats thread started at 3.091875
LogInit: Using libcurl 7.47.1
LogInit:  - built for x86_64-pc-win32
LogInit:  - supports SSL with OpenSSL/1.0.2g
LogInit:  - supports HTTP deflate (compression) using libz 1.2.8
LogInit:  - other features:
LogInit:      CURL_VERSION_SSL
LogInit:      CURL_VERSION_LIBZ
LogInit:      CURL_VERSION_IPV6
LogInit:      CURL_VERSION_ASYNCHDNS
LogInit:      CURL_VERSION_LARGEFILE
LogInit:      CURL_VERSION_IDN
LogInit:  CurlRequestOptions (configurable via config and command line):
LogInit:  - bVerifyPeer = false  - Libcurl will NOT verify peer certificate
LogInit:  - bUseHttpProxy = false  - Libcurl will NOT use HTTP proxy
LogInit:  - bDontReuseConnections = false  - Libcurl will reuse connections
LogInit:  - CertBundlePath = nullptr  - Libcurl will use whatever was configured at build time.
LogInit: Build: ++UE4+Release-4.15-CL-3348071
LogInit: Engine Version: 4.15.1-3348071+++UE4+Release-4.15
LogInit: Compatible Engine Version: 4.15.0-3299760+++UE4+Release-4.15
LogInit: Net CL: 3299760
LogDevObjectVersion: Number of dev versions registered: 14
LogDevObjectVersion:   Dev-Blueprints (B0D832E4-1F89-4F0D-ACCF-7EB736FD4AA2): 8
LogDevObjectVersion:   Dev-Build (E1C64328-A22C-4D53-A36C-8E866417BD8C): 0
LogDevObjectVersion:   Dev-Core (375EC13C-06E4-48FB-B500-84F0262A717E): 2
LogDevObjectVersion:   Dev-Editor (E4B068ED-F494-42E9-A231-DA0B2E46BB41): 14
LogDevObjectVersion:   Dev-Framework (CFFC743F-43B0-4480-9391-14DF171D2073): 22
LogDevObjectVersion:   Dev-Mobile (B02B49B5-BB20-44E9-A304-32B752E40360): 0
LogDevObjectVersion:   Dev-Networking (A4E4105C-59A1-49B5-A7C5-40C4547EDFEE): 0
LogDevObjectVersion:   Dev-Online (39C831C9-5AE6-47DC-9A44-9C173E1C8E7C): 0
LogDevObjectVersion:   Dev-Physics (78F01B33-EBEA-4F98-B9B4-84EACCB95AA2): 0
LogDevObjectVersion:   Dev-Platform (6631380F-2D4D-43E0-8009-CF276956A95A): 0
LogDevObjectVersion:   Dev-Rendering (12F88B9F-8875-4AFC-A67C-D90C383ABD29): 12
LogDevObjectVersion:   Dev-Sequencer (7B5AE74C-D270-4C10-A958-57980B212A5A): 3
LogDevObjectVersion:   Dev-VR (D7296918-1DD6-4BDD-9DE2-64A83CC13884): 0
LogDevObjectVersion:   Dev-LoadTimes (C2A15278-BFE7-4AFE-6C17-90FF531DF755): 1
LogInit: Compiled (64-bit): Mar 15 2017 16:52:47
LogInit: Compiled with Visual C++: 19.00.23026.00
LogInit: Build Configuration: Development
LogInit: Branch Name: ++UE4+Release-4.15
LogInit: Command line:  
LogInit: Base directory: C:/Program Files/Epic Games/UE_4.15/Engine/Binaries/Win64/
LogInit: Installed Engine Build: 1
LogInit: Presizing for max 8388607 objects, including 0 objects not considered by GC, pre-allocating 0 bytes for permanent pool.
LogInit: Object subsystem initialized
[2017.03.27-12.35.53:726][  0]LogInit: Selected Device Profile: [Windows]
[2017.03.27-12.35.53:726][  0]LogInit: Applying CVar settings loaded from the selected device profile: [Windows]
[2017.03.27-12.35.54:239][  0]LogInit: Computer: DESKTOP-S5PC0VV
[2017.03.27-12.35.54:239][  0]LogInit: User: Bill
[2017.03.27-12.35.54:239][  0]LogInit: CPU Page size=65536, Cores=4
[2017.03.27-12.35.54:239][  0]LogInit: High frequency timer resolution =3.117185 MHz
[2017.03.27-12.35.54:283][  0]LogMemory: Memory total: Physical=15.9GB (16GB approx)
[2017.03.27-12.35.54:283][  0]LogMemory: Platform Memory Stats for Windows
[2017.03.27-12.35.54:283][  0]LogMemory: Process Physical Memory: 261.80 MB used, 261.80 MB peak
[2017.03.27-12.35.54:283][  0]LogMemory: Process Virtual Memory: 262.44 MB used, 262.44 MB peak
[2017.03.27-12.35.54:284][  0]LogMemory: Physical Memory: 2888.02 MB used,  13419.57 MB free, 16307.59 MB total
[2017.03.27-12.35.54:284][  0]LogMemory: Virtual Memory: 644.24 MB used,  13419.57 MB free, 134217728.00 MB total
[2017.03.27-12.36.00:972][  0]LogTextLocalizationManager: No specific translations for ('en-US') exist, so ('en') translations will be used.
[2017.03.27-12.37.53:020][  0]LogD3D11RHI: D3D11 adapters:
[2017.03.27-12.37.54:594][  0]LogD3D11RHI:    0. 'AMD Radeon (TM) R9 380 Series' (Feature Level 11_0)
[2017.03.27-12.37.54:594][  0]LogD3D11RHI:       4072/0/8153 MB DedicatedVideo/DedicatedSystem/SharedSystem, Outputs:1, VendorId:0x1002
[2017.03.27-12.37.54:598][  0]LogD3D11RHI:    1. 'Microsoft Basic Render Driver' (Feature Level 11_0)
[2017.03.27-12.37.54:598][  0]LogD3D11RHI:       0/0/8153 MB DedicatedVideo/DedicatedSystem/SharedSystem, Outputs:0, VendorId:0x1414
[2017.03.27-12.37.54:598][  0]LogD3D11RHI: Chosen D3D11 Adapter: 0
[2017.03.27-12.37.54:730][  0]LogD3D11RHI: Creating new Direct3DDevice
[2017.03.27-12.37.54:730][  0]LogD3D11RHI:     GPU DeviceId: 0x6939 (for the marketing name, search the web for "GPU Device Id")
[2017.03.27-12.37.54:730][  0]LogWindows: EnumDisplayDevices:
[2017.03.27-12.37.54:730][  0]LogWindows:    0. 'AMD Radeon (TM) R9 380 Series' (P:1 D:1)
[2017.03.27-12.37.54:731][  0]LogWindows:    1. 'AMD Radeon (TM) R9 380 Series' (P:0 D:0)
[2017.03.27-12.37.54:732][  0]LogWindows:    2. 'AMD Radeon (TM) R9 380 Series' (P:0 D:0)
[2017.03.27-12.37.54:733][  0]LogWindows:    3. 'AMD Radeon (TM) R9 380 Series' (P:0 D:0)
[2017.03.27-12.37.54:733][  0]LogWindows:    4. 'AMD Radeon (TM) R9 380 Series' (P:0 D:0)
[2017.03.27-12.37.54:734][  0]LogWindows:    5. 'AMD Radeon (TM) R9 380 Series' (P:0 D:0)
[2017.03.27-12.37.54:734][  0]LogWindows: DebugString: FoundDriverCount:6 
[2017.03.27-12.37.54:735][  0]LogD3D11RHI:     Adapter Name: AMD Radeon (TM) R9 380 Series
[2017.03.27-12.37.54:735][  0]LogD3D11RHI:   Driver Version: Crimson ReLive 17.3.1 (internal:21.19.523.2, unified:21.19.523.2)
[2017.03.27-12.37.54:735][  0]LogD3D11RHI:      Driver Date: 3-3-2017
[2017.03.27-12.37.54:736][  0]LogRHI: Texture pool is 1361 MB (70% of 1945 MB)
[2017.03.27-12.38.02:806][  0]LogD3D11RHI: Async texture creation enabled
[2017.03.27-12.38.08:617][  0]LogD3D11RHI: GPU Timing Frequency: 27.000000 (Debug: 2 1)
[2017.03.27-12.38.09:737][  0]LogShaderCompilers: Guid format shader working directory is -23 characters bigger than the processId version (../../../../../../Users/Bill/Documents/MakeWarNotLove/MakeWarNotLove/Intermediate/Shaders/WorkingDirectory/8512/).
[2017.03.27-12.38.09:737][  0]LogShaderCompilers: Cleaned the shader compiler working directory 'C:/Users/Bill/AppData/Local/Temp/UnrealShaderWorkingDir/9CE08B3348E5B88C2196C4A68D13C394/'.
[2017.03.27-12.38.09:774][  0]LogShaderCompilers:Display: Using Local Shader Compiler.
[2017.03.27-12.39.44:944][  0]LogTemp:Display: Loaded TP AllDesktopTargetPlatform
[2017.03.27-12.39.45:032][  0]LogTemp:Display: Loaded TP MacClientTargetPlatform
[2017.03.27-12.39.45:081][  0]LogTemp:Display: Loaded TP MacNoEditorTargetPlatform
[2017.03.27-12.39.45:131][  0]LogTemp:Display: Loaded TP MacServerTargetPlatform
[2017.03.27-12.39.46:286][  0]LogTemp:Display: Loaded TP MacTargetPlatform
[2017.03.27-12.39.46:363][  0]LogTemp:Display: Loaded TP WindowsClientTargetPlatform
[2017.03.27-12.39.46:412][  0]LogTemp:Display: Loaded TP WindowsNoEditorTargetPlatform
[2017.03.27-12.39.46:462][  0]LogTemp:Display: Loaded TP WindowsServerTargetPlatform
[2017.03.27-12.39.46:535][  0]LogTemp:Display: Loaded TP WindowsTargetPlatform
[2017.03.27-12.39.46:842][  0]LogTemp:Display: Loaded TP AndroidTargetPlatform
[2017.03.27-12.39.47:120][  0]LogTemp:Display: Loaded TP Android_ASTCTargetPlatform
[2017.03.27-12.39.47:177][  0]LogTemp:Display: Loaded TP Android_ATCTargetPlatform
[2017.03.27-12.39.47:226][  0]LogTemp:Display: Loaded TP Android_DXTTargetPlatform
[2017.03.27-12.39.47:276][  0]LogTemp:Display: Loaded TP Android_ETC1TargetPlatform
[2017.03.27-12.39.47:324][  0]LogTemp:Display: Loaded TP Android_ETC2TargetPlatform
[2017.03.27-12.39.47:894][  0]LogTemp:Display: Loaded TP Android_MultiTargetPlatform
[2017.03.27-12.39.47:894][  0]LogTemp:Display: Loaded TP Android_PVRTCTargetPlatform
[2017.03.27-12.39.47:927][  0]LogTemp:Display: Loaded TP HTML5TargetPlatform
[2017.03.27-12.39.48:482][  0]LogTemp:Display: Loaded TP IOSTargetPlatform
[2017.03.27-12.39.48:533][  0]LogTemp:Display: Loaded TP TVOSTargetPlatform
[2017.03.27-12.39.48:581][  0]LogTemp:Display: Loaded TP LinuxClientTargetPlatform
[2017.03.27-12.39.48:628][  0]LogTemp:Display: Loaded TP LinuxNoEditorTargetPlatform
[2017.03.27-12.39.48:675][  0]LogTemp:Display: Loaded TP LinuxServerTargetPlatform
[2017.03.27-12.39.48:953][  0]LogTemp:Display: Loaded TP LinuxTargetPlatform
[2017.03.27-12.39.48:953][  0]LogTargetPlatformManager:Display: Building Assets For Windows
