Log file open, 03/23/17 16:29:00
LogInit:Display: Running engine for game: MakeWarNotLove
LogPlatformFile: Not using cached read wrapper
LogInit:Display: RandInit(744176057) SRandInit(744176057).
LogTaskGraph: Started task graph with 5 named threads and 8 total threads with 1 sets of task threads.
LogStats: Stats thread started at 0.078974
LogInit: Using libcurl 7.47.1
LogInit:  - built for x86_64-pc-win32
LogInit:  - supports SSL with OpenSSL/1.0.2g
LogInit:  - supports HTTP deflate (compression) using libz 1.2.8
LogInit:  - other features:
LogInit:      CURL_VERSION_SSL
LogInit:      CURL_VERSION_LIBZ
LogInit:      CURL_VERSION_IPV6
LogInit:      CURL_VERSION_ASYNCHDNS
LogInit:      CURL_VERSION_LARGEFILE
LogInit:      CURL_VERSION_IDN
LogInit:  CurlRequestOptions (configurable via config and command line):
LogInit:  - bVerifyPeer = false  - Libcurl will NOT verify peer certificate
LogInit:  - bUseHttpProxy = false  - Libcurl will NOT use HTTP proxy
LogInit:  - bDontReuseConnections = false  - Libcurl will reuse connections
LogInit:  - CertBundlePath = nullptr  - Libcurl will use whatever was configured at build time.
LogInit: Build: ++UE4+Release-4.15-CL-3348071
LogInit: Engine Version: 4.15.1-3348071+++UE4+Release-4.15
LogInit: Compatible Engine Version: 4.15.0-3299760+++UE4+Release-4.15
LogInit: Net CL: 3299760
LogDevObjectVersion: Number of dev versions registered: 14
LogDevObjectVersion:   Dev-Blueprints (B0D832E4-1F89-4F0D-ACCF-7EB736FD4AA2): 8
LogDevObjectVersion:   Dev-Build (E1C64328-A22C-4D53-A36C-8E866417BD8C): 0
LogDevObjectVersion:   Dev-Core (375EC13C-06E4-48FB-B500-84F0262A717E): 2
LogDevObjectVersion:   Dev-Editor (E4B068ED-F494-42E9-A231-DA0B2E46BB41): 14
LogDevObjectVersion:   Dev-Framework (CFFC743F-43B0-4480-9391-14DF171D2073): 22
LogDevObjectVersion:   Dev-Mobile (B02B49B5-BB20-44E9-A304-32B752E40360): 0
LogDevObjectVersion:   Dev-Networking (A4E4105C-59A1-49B5-A7C5-40C4547EDFEE): 0
LogDevObjectVersion:   Dev-Online (39C831C9-5AE6-47DC-9A44-9C173E1C8E7C): 0
LogDevObjectVersion:   Dev-Physics (78F01B33-EBEA-4F98-B9B4-84EACCB95AA2): 0
LogDevObjectVersion:   Dev-Platform (6631380F-2D4D-43E0-8009-CF276956A95A): 0
LogDevObjectVersion:   Dev-Rendering (12F88B9F-8875-4AFC-A67C-D90C383ABD29): 12
LogDevObjectVersion:   Dev-Sequencer (7B5AE74C-D270-4C10-A958-57980B212A5A): 3
LogDevObjectVersion:   Dev-VR (D7296918-1DD6-4BDD-9DE2-64A83CC13884): 0
LogDevObjectVersion:   Dev-LoadTimes (C2A15278-BFE7-4AFE-6C17-90FF531DF755): 1
LogInit: Compiled (64-bit): Mar 15 2017 16:52:47
LogInit: Compiled with Visual C++: 19.00.23026.00
LogInit: Build Configuration: Development
LogInit: Branch Name: ++UE4+Release-4.15
LogInit: Command line:  
LogInit: Base directory: C:/Program Files/Epic Games/UE_4.15/Engine/Binaries/Win64/
LogInit: Installed Engine Build: 1
LogInit: Presizing for max 8388607 objects, including 0 objects not considered by GC, pre-allocating 0 bytes for permanent pool.
LogInit: Object subsystem initialized
[2017.03.23-05.29.01:157][  0]LogInit: Selected Device Profile: [Windows]
[2017.03.23-05.29.01:157][  0]LogInit: Applying CVar settings loaded from the selected device profile: [Windows]
[2017.03.23-05.29.01:168][  0]LogInit: Computer: DESKTOP-S5PC0VV
[2017.03.23-05.29.01:168][  0]LogInit: User: Bill
[2017.03.23-05.29.01:168][  0]LogInit: CPU Page size=65536, Cores=4
[2017.03.23-05.29.01:168][  0]LogInit: High frequency timer resolution =3.117185 MHz
[2017.03.23-05.29.01:168][  0]LogMemory: Memory total: Physical=15.9GB (16GB approx)
[2017.03.23-05.29.01:168][  0]LogMemory: Platform Memory Stats for Windows
[2017.03.23-05.29.01:168][  0]LogMemory: Process Physical Memory: 261.84 MB used, 261.84 MB peak
[2017.03.23-05.29.01:168][  0]LogMemory: Process Virtual Memory: 262.48 MB used, 262.48 MB peak
[2017.03.23-05.29.01:168][  0]LogMemory: Physical Memory: 5053.47 MB used,  11254.12 MB free, 16307.59 MB total
[2017.03.23-05.29.01:168][  0]LogMemory: Virtual Memory: 644.24 MB used,  11254.12 MB free, 134217728.00 MB total
[2017.03.23-05.29.01:242][  0]LogTextLocalizationManager: No specific translations for ('en-US') exist, so ('en') translations will be used.
[2017.03.23-05.29.01:797][  0]LogD3D11RHI: D3D11 adapters:
[2017.03.23-05.29.01:820][  0]LogD3D11RHI:    0. 'AMD Radeon (TM) R9 380 Series' (Feature Level 11_0)
[2017.03.23-05.29.01:820][  0]LogD3D11RHI:       4072/0/8153 MB DedicatedVideo/DedicatedSystem/SharedSystem, Outputs:1, VendorId:0x1002
[2017.03.23-05.29.01:821][  0]LogD3D11RHI:    1. 'Microsoft Basic Render Driver' (Feature Level 11_0)
[2017.03.23-05.29.01:821][  0]LogD3D11RHI:       0/0/8153 MB DedicatedVideo/DedicatedSystem/SharedSystem, Outputs:0, VendorId:0x1414
[2017.03.23-05.29.01:821][  0]LogD3D11RHI: Chosen D3D11 Adapter: 0
[2017.03.23-05.29.01:826][  0]LogD3D11RHI: Creating new Direct3DDevice
[2017.03.23-05.29.01:826][  0]LogD3D11RHI:     GPU DeviceId: 0x6939 (for the marketing name, search the web for "GPU Device Id")
[2017.03.23-05.29.01:826][  0]LogWindows: EnumDisplayDevices:
[2017.03.23-05.29.01:826][  0]LogWindows:    0. 'AMD Radeon (TM) R9 380 Series' (P:1 D:1)
[2017.03.23-05.29.01:826][  0]LogWindows:    1. 'AMD Radeon (TM) R9 380 Series' (P:0 D:0)
[2017.03.23-05.29.01:826][  0]LogWindows:    2. 'AMD Radeon (TM) R9 380 Series' (P:0 D:0)
[2017.03.23-05.29.01:826][  0]LogWindows:    3. 'AMD Radeon (TM) R9 380 Series' (P:0 D:0)
[2017.03.23-05.29.01:827][  0]LogWindows:    4. 'AMD Radeon (TM) R9 380 Series' (P:0 D:0)
[2017.03.23-05.29.01:827][  0]LogWindows:    5. 'AMD Radeon (TM) R9 380 Series' (P:0 D:0)
[2017.03.23-05.29.01:827][  0]LogWindows: DebugString: FoundDriverCount:6 
[2017.03.23-05.29.01:827][  0]LogD3D11RHI:     Adapter Name: AMD Radeon (TM) R9 380 Series
[2017.03.23-05.29.01:827][  0]LogD3D11RHI:   Driver Version: Crimson ReLive 17.3.1 (internal:21.19.523.2, unified:21.19.523.2)
[2017.03.23-05.29.01:827][  0]LogD3D11RHI:      Driver Date: 3-3-2017
[2017.03.23-05.29.01:827][  0]LogRHI: Texture pool is 1361 MB (70% of 1945 MB)
[2017.03.23-05.29.01:887][  0]LogD3D11RHI: Async texture creation enabled
[2017.03.23-05.29.01:898][  0]LogD3D11RHI: GPU Timing Frequency: 27.000000 (Debug: 2 1)
[2017.03.23-05.29.01:899][  0]LogShaderCompilers: Guid format shader working directory is -23 characters bigger than the processId version (../../../../../../Users/Bill/Documents/MakeWarNotLove/MakeWarNotLove/Intermediate/Shaders/WorkingDirectory/3196/).
[2017.03.23-05.29.01:899][  0]LogShaderCompilers: Cleaned the shader compiler working directory 'C:/Users/Bill/AppData/Local/Temp/UnrealShaderWorkingDir/A92BB9AA4821F130356F5083C549D834/'.
[2017.03.23-05.29.01:899][  0]LogShaderCompilers:Display: Using Local Shader Compiler.
[2017.03.23-05.29.02:851][  0]LogTemp:Display: Loaded TP AllDesktopTargetPlatform
[2017.03.23-05.29.02:904][  0]LogTemp:Display: Loaded TP MacClientTargetPlatform
[2017.03.23-05.29.02:962][  0]LogTemp:Display: Loaded TP MacNoEditorTargetPlatform
[2017.03.23-05.29.03:016][  0]LogTemp:Display: Loaded TP MacServerTargetPlatform
[2017.03.23-05.29.03:071][  0]LogTemp:Display: Loaded TP MacTargetPlatform
[2017.03.23-05.29.03:124][  0]LogTemp:Display: Loaded TP WindowsClientTargetPlatform
[2017.03.23-05.29.03:177][  0]LogTemp:Display: Loaded TP WindowsNoEditorTargetPlatform
[2017.03.23-05.29.03:232][  0]LogTemp:Display: Loaded TP WindowsServerTargetPlatform
[2017.03.23-05.29.03:276][  0]LogTemp:Display: Loaded TP WindowsTargetPlatform
[2017.03.23-05.29.03:329][  0]LogTemp:Display: Loaded TP AndroidTargetPlatform
[2017.03.23-05.29.03:381][  0]LogTemp:Display: Loaded TP Android_ASTCTargetPlatform
[2017.03.23-05.29.03:430][  0]LogTemp:Display: Loaded TP Android_ATCTargetPlatform
[2017.03.23-05.29.03:486][  0]LogTemp:Display: Loaded TP Android_DXTTargetPlatform
[2017.03.23-05.29.03:537][  0]LogTemp:Display: Loaded TP Android_ETC1TargetPlatform
[2017.03.23-05.29.03:588][  0]LogTemp:Display: Loaded TP Android_ETC2TargetPlatform
[2017.03.23-05.29.03:688][  0]LogTemp:Display: Loaded TP Android_MultiTargetPlatform
[2017.03.23-05.29.03:688][  0]LogTemp:Display: Loaded TP Android_PVRTCTargetPlatform
[2017.03.23-05.29.03:724][  0]LogTemp:Display: Loaded TP HTML5TargetPlatform
[2017.03.23-05.29.03:815][  0]LogTemp:Display: Loaded TP IOSTargetPlatform
[2017.03.23-05.29.03:849][  0]LogTemp:Display: Loaded TP TVOSTargetPlatform
[2017.03.23-05.29.03:897][  0]LogTemp:Display: Loaded TP LinuxClientTargetPlatform
[2017.03.23-05.29.03:946][  0]LogTemp:Display: Loaded TP LinuxNoEditorTargetPlatform
[2017.03.23-05.29.03:995][  0]LogTemp:Display: Loaded TP LinuxServerTargetPlatform
[2017.03.23-05.29.04:051][  0]LogTemp:Display: Loaded TP LinuxTargetPlatform
[2017.03.23-05.29.04:051][  0]LogTargetPlatformManager:Display: Building Assets For Windows
[2017.03.23-05.29.04:483][  0]LogDerivedDataCache:Display: Max Cache Size: 512 MB
[2017.03.23-05.29.04:530][  0]LogDerivedDataCache: Loaded boot cache 0.05s 50MB C:/Users/Bill/AppData/Local/UnrealEngine/4.15/DerivedDataCache/Boot.ddc.
[2017.03.23-05.29.04:530][  0]LogDerivedDataCache:Display: Loaded Boot cache: C:/Users/Bill/AppData/Local/UnrealEngine/4.15/DerivedDataCache/Boot.ddc
[2017.03.23-05.29.04:530][  0]LogDerivedDataCache: FDerivedDataBackendGraph:  Pak pak cache file ../../../../../../Users/Bill/Documents/MakeWarNotLove/MakeWarNotLove/DerivedDataCache/DDC.ddp not found, will not use a pak cache.
[2017.03.23-05.29.04:530][  0]LogDerivedDataCache: Unable to find inner node Pak for hierarchical cache Hierarchy.
[2017.03.23-05.29.04:531][  0]LogDerivedDataCache: FDerivedDataBackendGraph:  CompressedPak pak cache file ../../../../../../Users/Bill/Documents/MakeWarNotLove/MakeWarNotLove/DerivedDataCache/Compressed.ddp not found, will not use a pak cache.
[2017.03.23-05.29.04:531][  0]LogDerivedDataCache: Unable to find inner node CompressedPak for hierarchical cache Hierarchy.
[2017.03.23-05.29.04:547][  0]LogDerivedDataCache:Display: Pak cache opened for reading ../../../Engine/DerivedDataCache/Compressed.ddp.
[2017.03.23-05.29.04:559][  0]LogDerivedDataCache: Using Local data cache path C:/Users/Bill/AppData/Local/UnrealEngine/Common/DerivedDataCache: Writable
[2017.03.23-05.29.04:567][  0]LogSlate: Using Freetype 2.6.0
[2017.03.23-05.29.04:568][  0]LogSlate: SlateFontCache - WITH_FREETYPE: 1, WITH_HARFBUZZ: 1
[2017.03.23-05.29.04:568][  0]LogSlate: SlateFontCache - WITH_FREETYPE: 1, WITH_HARFBUZZ: 1
[2017.03.23-05.29.04:804][  0]LogInit: Selected Device Profile: [Windows]
[2017.03.23-05.29.04:807][  0]LogContentStreaming: Texture pool size is 0.00 MB
[2017.03.23-05.29.05:004][  0]LogMeshUtilities: Using QuadricMeshReduction for automatic static mesh reduction
[2017.03.23-05.29.05:048][  0]LogSimplygon: Simplygon DLL not present - disabling.
[2017.03.23-05.29.05:097][  0]LogMeshUtilities: Using SimplygonSwarm for distributed automatic mesh merging
[2017.03.23-05.29.05:097][  0]LogMeshUtilities: No automatic skeletal mesh reduction module available
[2017.03.23-05.29.05:097][  0]LogMeshUtilities: No automatic mesh merging module available
[2017.03.23-05.29.05:804][  0]LogNetVersion: GetLocalNetworkVersion: CL: 3299760, ProjectName: makewarnotlove, ProjectVersion: , EngineNetworkVersion: 2, GameNetworkVersion: 0, NetworkChecksum: 263832537
[2017.03.23-05.29.05:858][  0]LogAssetRegistry: FAssetRegistry took 0.0226 seconds to start up
[2017.03.23-05.29.05:910][  0]LogPackageLocalizationCache: Processed 3 localized package path(s) for 2 prioritized culture(s) in 0.030445 seconds
[2017.03.23-05.29.05:915][  0]LogUObjectArray: 32493 objects as part of root set at end of initial load.
[2017.03.23-05.29.05:915][  0]LogUObjectAllocator: 7077032 out of 0 bytes used by permanent object pool.
[2017.03.23-05.29.05:915][  0]LogUObjectArray: CloseDisregardForGC: 0/0 objects in disregard for GC pool
[2017.03.23-05.29.05:973][  0]LogInit: WinSock: version 1.1 (2.2), MaxSocks=32767, MaxUdp=65467
[2017.03.23-05.29.30:683][  0]LogTcpMessaging: Initializing TcpMessaging bridge
[2017.03.23-05.29.30:724][  0]LogUdpMessaging: Initializing bridge on interface 0.0.0.0:0 to multicast group 230.0.0.1:6666.
[2017.03.23-05.29.31:434][  0]LogMaterial: Uniform references updated for custom material expression Custom.
[2017.03.23-05.29.32:073][  0]SourceControl: Info Source control is disabled
[2017.03.23-05.29.32:139][  0]SourceControl: Info Source control is disabled
[2017.03.23-05.29.32:186][  0]SourceControl: Info Source control is disabled
[2017.03.23-05.29.32:230][  0]SourceControl: Info Source control is disabled
[2017.03.23-05.29.33:529][  0]LogEngine: Initializing Engine...
[2017.03.23-05.29.33:530][  0]LogHMD: Failed to initialize OpenVR with code 110
[2017.03.23-05.29.34:389][  0]LogAIModule: Creating AISystem for world Untitled
[2017.03.23-05.29.34:399][  0]LogInit: XAudio2 using 'Speakers (Realtek High Definition Audio)' : 2 channels at 48 kHz using 32 bits per sample (channel mask 0x3)
[2017.03.23-05.29.34:410][  0]LogInit: FAudioDevice initialized.
[2017.03.23-05.29.34:433][  0]LogDerivedDataCache: Saved boot cache 0.02s 50MB C:/Users/Bill/AppData/Local/UnrealEngine/4.15/DerivedDataCache/Boot.ddc.
[2017.03.23-05.29.34:440][  0]LogInit: Texture streaming: Enabled
[2017.03.23-05.29.34:528][  0]LogEngineSessionManager: EngineSessionManager initialized
[2017.03.23-05.29.34:610][  0]LogInit: Transaction tracking system initialized
[2017.03.23-05.29.34:940][  0]BlueprintLog: New page: Editor Load
[2017.03.23-05.29.35:792][  0]LocalizationService: Info Localization service is disabled
[2017.03.23-05.29.36:579][  0]LogConsoleResponse:Display: 
[2017.03.23-05.29.37:396][  0]LogCook:Display: Max memory allowance for cook 16384mb min free memory 0mb
[2017.03.23-05.29.37:397][  0]LogCook:Display: Mobile HDR setting 1
[2017.03.23-05.29.38:054][  0]LogFileCache: Scanning file cache for directory 'C:/Users/Bill/Documents/MakeWarNotLove/MakeWarNotLove/Content/' took 0.02s
[2017.03.23-05.29.38:728][  0]SourceControl: Info Source control is disabled
[2017.03.23-05.29.38:728][  0]Cmd: MAP LOAD FILE="../../../../../../Users/Bill/Documents/MakeWarNotLove/MakeWarNotLove/Content/ThirdPersonBP/Maps/ThirdPersonExampleMap.umap" TEMPLATE=0 SHOWPROGRESS=1 FEATURELEVEL=3
[2017.03.23-05.29.38:729][  0]LightingResults: New page: Lighting Build
[2017.03.23-05.29.38:768][  0]MapCheck: New page: Map Check
[2017.03.23-05.29.38:768][  0]LightingResults: New page: Lighting Build
[2017.03.23-05.29.39:532][  0]LogAIModule: Creating AISystem for world ThirdPersonExampleMap
[2017.03.23-05.29.39:579][  0]LogEditorServer: Finished looking for orphan Actors (0.000 secs)
[2017.03.23-05.29.39:579][  0]Cmd: MAP CHECKDEP NOCLEARLOG
[2017.03.23-05.29.39:625][  0]MapCheck: Info Map check complete: 0 Error(s), 0 Warning(s), took 45.962ms to complete.
[2017.03.23-05.29.39:625][  0]LogFileHelpers: Loading map 'ThirdPersonExampleMap' took 0.897
[2017.03.23-05.29.39:689][  0]LogWindowsTextInputMethodSystem:Display: IME system now deactivated.
[2017.03.23-05.29.39:943][  0]LogCollectionManager: Loaded 0 collections in 0.001702 seconds
[2017.03.23-05.29.40:052][  0]LogFileCache: Scanning file cache for directory 'C:/Users/Bill/Documents/MakeWarNotLove/MakeWarNotLove/Saved/Collections/' took 0.01s
[2017.03.23-05.29.40:052][  0]LogFileCache: Scanning file cache for directory 'C:/Users/Bill/Documents/MakeWarNotLove/MakeWarNotLove/Content/Developers/Bill/Collections/' took 0.01s
[2017.03.23-05.29.40:052][  0]LogFileCache: Scanning file cache for directory 'C:/Users/Bill/Documents/MakeWarNotLove/MakeWarNotLove/Content/Collections/' took 0.01s
[2017.03.23-05.29.40:052][  0]LogCollectionManager: Rebuilt the GUID cache for 0 collections in 0.000002 seconds
[2017.03.23-05.29.40:063][  0]LogContentBrowser: Native class hierarchy populated in 0.0104 seconds. Added 2246 classes and 455 folders.
[2017.03.23-05.29.40:066][  0]LogStats: UGameplayTagsManager::ConstructGameplayTagTree: Construct from data asset -  0.000 s
[2017.03.23-05.29.40:066][  0]LogStats: UGameplayTagsManager::ConstructGameplayTagTree: GameplayTagTreeChangedEvent.Broadcast -  0.000 s
[2017.03.23-05.29.40:129][  0]LogContentBrowser: Native class hierarchy updated for 'WidgetCarousel' in 0.0004 seconds. Added 0 classes and 0 folders.
[2017.03.23-05.29.41:154][  0]LogContentBrowser: Native class hierarchy updated for 'AddContentDialog' in 0.0016 seconds. Added 0 classes and 0 folders.
[2017.03.23-05.29.41:340][  0]LogCrashTracker: Crashtracker disabled due to settings.
[2017.03.23-05.29.41:346][  0]LogUObjectGlobals:Warning: Failed to find object 'Class None.'
[2017.03.23-05.29.41:408][  0]LogContentBrowser: Native class hierarchy updated for 'HierarchicalLODOutliner' in 0.0005 seconds. Added 1 classes and 2 folders.
[2017.03.23-05.29.41:408][  0]LogLoad: (Engine Initialization) Total time: 42.08 seconds
[2017.03.23-05.29.41:408][  0]LogLoad: (Engine Initialization) Total Blueprint compile time: 0.32 seconds
[2017.03.23-05.29.41:408][  0]LogExternalProfiler: Found external profiler: VSPerf
[2017.03.23-05.29.41:408][  0]LogExternalProfiler: Using external profiler: VSPerf
[2017.03.23-05.29.41:418][  0]LogOcInput: OculusInput pre-init called
[2017.03.23-05.29.41:437][  0]LogContentStreaming: Texture pool size now 1000 MB
[2017.03.23-05.29.41:438][  0]LogSlate: Took 0.000190 seconds to synchronously load lazily loaded font '../../../Engine/Content/Slate/Fonts/Roboto-Regular.ttf' (155K)
[2017.03.23-05.29.41:477][  0]LogSlate: Took 0.034149 seconds to synchronously load lazily loaded font '../../../Engine/Content/Slate/Fonts/Roboto-Bold.ttf' (160K)
[2017.03.23-05.29.41:495][  0]LogSlate: Took 0.015193 seconds to synchronously load lazily loaded font '../../../Engine/Content/Editor/Slate/Fonts/FontAwesome.ttf' (139K)
[2017.03.23-05.29.41:836][  0]LogRenderer: Reallocating scene render targets to support 900x484 NumSamples 1 (Frame:2).
[2017.03.23-05.29.41:879][  0]LogSlate: Took 0.000167 seconds to synchronously load lazily loaded font '../../../Engine/Content/Slate/Fonts/Roboto-Light.ttf' (159K)
[2017.03.23-05.29.41:958][  1]LogAssetRegistry: Asset discovery search completed in 36.1232 seconds
[2017.03.23-05.29.41:958][  1]LogCollectionManager: Rebuilt the object cache for 0 collections in 0.000003 seconds (found 0 objects)
[2017.03.23-05.29.41:958][  1]LogCollectionManager: Fixed up redirectors for 0 collections in 0.000014 seconds (updated 0 objects)
[2017.03.23-05.29.43:468][164]LogTemp: Repeting last play command: Selected Viewport
[2017.03.23-05.29.43:480][164]LogBlueprintUserMessages: Early PlayInEditor Detection: Level '/Game/ThirdPersonBP/Maps/ThirdPersonExampleMap.ThirdPersonExampleMap:PersistentLevel' has LevelScriptBlueprint '/Game/ThirdPersonBP/Maps/ThirdPersonExampleMap.ThirdPersonExampleMap:PersistentLevel.ThirdPersonExampleMap' with GeneratedClass '/Game/ThirdPersonBP/Maps/ThirdPersonExampleMap.ThirdPersonExampleMap_C' with ClassGeneratedBy '/Game/ThirdPersonBP/Maps/ThirdPersonExampleMap.ThirdPersonExampleMap:PersistentLevel.ThirdPersonExampleMap'
[2017.03.23-05.29.43:480][164]LogPlayLevel: PlayLevel: No blueprints needed recompiling
[2017.03.23-05.29.43:480][164]PIE: New page: PIE session: ThirdPersonExampleMap (Mar 24, 2017, 3:29:43 AM)
[2017.03.23-05.29.43:480][164]LogPlayLevel: Creating play world package: /Game/ThirdPersonBP/Maps/UEDPIE_0_ThirdPersonExampleMap
[2017.03.23-05.29.43:508][164]LogPlayLevel: PIE: StaticDuplicateObject took: (0.027614s)
[2017.03.23-05.29.43:508][164]LogAIModule: Creating AISystem for world ThirdPersonExampleMap
[2017.03.23-05.29.43:509][164]LogPlayLevel: PIE: World Init took: (0.001008s)
[2017.03.23-05.29.43:509][164]LogPlayLevel: PIE: Created PIE world by copying editor world from /Game/ThirdPersonBP/Maps/ThirdPersonExampleMap.ThirdPersonExampleMap to /Game/ThirdPersonBP/Maps/UEDPIE_0_ThirdPersonExampleMap.ThirdPersonExampleMap (0.028926s)
[2017.03.23-05.29.43:542][164]LogInit: XAudio2 using 'Speakers (Realtek High Definition Audio)' : 2 channels at 48 kHz using 32 bits per sample (channel mask 0x3)
[2017.03.23-05.29.43:550][164]LogInit: FAudioDevice initialized.
[2017.03.23-05.29.43:631][164]LogLoad: Game class is 'ThirdPersonGameMode_C'
[2017.03.23-05.29.43:639][164]LogWorld: Bringing World /Game/ThirdPersonBP/Maps/UEDPIE_0_ThirdPersonExampleMap.ThirdPersonExampleMap up for play (max tick rate 0) at 2017.03.23-16.29.43
[2017.03.23-05.29.43:640][164]LogWorld: Bringing up level for play took: 0.005302
[2017.03.23-05.29.43:731][164]LogContentBrowser: Native class hierarchy updated for 'MovieSceneCapture' in 0.0009 seconds. Added 11 classes and 0 folders.
[2017.03.23-05.29.43:733][164]PIE: Info Play in editor start time for /Game/ThirdPersonBP/Maps/UEDPIE_0_ThirdPersonExampleMap -0.577
[2017.03.23-05.29.43:733][164]LogBlueprintUserMessages: Late PlayInEditor Detection: Level '/Game/ThirdPersonBP/Maps/ThirdPersonExampleMap.ThirdPersonExampleMap:PersistentLevel' has LevelScriptBlueprint '/Game/ThirdPersonBP/Maps/ThirdPersonExampleMap.ThirdPersonExampleMap:PersistentLevel.ThirdPersonExampleMap' with GeneratedClass '/Game/ThirdPersonBP/Maps/ThirdPersonExampleMap.ThirdPersonExampleMap_C' with ClassGeneratedBy '/Game/ThirdPersonBP/Maps/ThirdPersonExampleMap.ThirdPersonExampleMap:PersistentLevel.ThirdPersonExampleMap'
[2017.03.23-05.30.14:786][881]LogBlueprintUserMessages: Early EndPlayMap Detection: Level '/Game/ThirdPersonBP/Maps/ThirdPersonExampleMap.ThirdPersonExampleMap:PersistentLevel' has LevelScriptBlueprint '/Game/ThirdPersonBP/Maps/ThirdPersonExampleMap.ThirdPersonExampleMap:PersistentLevel.ThirdPersonExampleMap' with GeneratedClass '/Game/ThirdPersonBP/Maps/ThirdPersonExampleMap.ThirdPersonExampleMap_C' with ClassGeneratedBy '/Game/ThirdPersonBP/Maps/ThirdPersonExampleMap.ThirdPersonExampleMap:PersistentLevel.ThirdPersonExampleMap'
[2017.03.23-05.30.14:822][881]LogBlueprintUserMessages: Late EndPlayMap Detection: Level '/Game/ThirdPersonBP/Maps/ThirdPersonExampleMap.ThirdPersonExampleMap:PersistentLevel' has LevelScriptBlueprint '/Game/ThirdPersonBP/Maps/ThirdPersonExampleMap.ThirdPersonExampleMap:PersistentLevel.ThirdPersonExampleMap' with GeneratedClass '/Game/ThirdPersonBP/Maps/ThirdPersonExampleMap.ThirdPersonExampleMap_C' with ClassGeneratedBy '/Game/ThirdPersonBP/Maps/ThirdPersonExampleMap.ThirdPersonExampleMap:PersistentLevel.ThirdPersonExampleMap'
[2017.03.23-05.30.15:663][969]LogSlate: Took 0.000182 seconds to synchronously load lazily loaded font '../../../Engine/Content/Slate/Fonts/Roboto-Light.ttf' (159K)
[2017.03.23-05.30.26:765][268]LogTemp: Repeting last play command: Selected Viewport
[2017.03.23-05.30.26:777][268]LogBlueprintUserMessages: Early PlayInEditor Detection: Level '/Game/ThirdPersonBP/Maps/ThirdPersonExampleMap.ThirdPersonExampleMap:PersistentLevel' has LevelScriptBlueprint '/Game/ThirdPersonBP/Maps/ThirdPersonExampleMap.ThirdPersonExampleMap:PersistentLevel.ThirdPersonExampleMap' with GeneratedClass '/Game/ThirdPersonBP/Maps/ThirdPersonExampleMap.ThirdPersonExampleMap_C' with ClassGeneratedBy '/Game/ThirdPersonBP/Maps/ThirdPersonExampleMap.ThirdPersonExampleMap:PersistentLevel.ThirdPersonExampleMap'
[2017.03.23-05.30.26:777][268]LogPlayLevel: PlayLevel: No blueprints needed recompiling
[2017.03.23-05.30.26:777][268]PIE: New page: PIE session: ThirdPersonExampleMap (Mar 24, 2017, 3:30:26 AM)
[2017.03.23-05.30.26:777][268]LogPlayLevel: Creating play world package: /Game/ThirdPersonBP/Maps/UEDPIE_0_ThirdPersonExampleMap
[2017.03.23-05.30.26:799][268]LogPlayLevel: PIE: StaticDuplicateObject took: (0.021769s)
[2017.03.23-05.30.26:799][268]LogAIModule: Creating AISystem for world ThirdPersonExampleMap
[2017.03.23-05.30.26:800][268]LogPlayLevel: PIE: World Init took: (0.000824s)
[2017.03.23-05.30.26:800][268]LogPlayLevel: PIE: Created PIE world by copying editor world from /Game/ThirdPersonBP/Maps/ThirdPersonExampleMap.ThirdPersonExampleMap to /Game/ThirdPersonBP/Maps/UEDPIE_0_ThirdPersonExampleMap.ThirdPersonExampleMap (0.022796s)
[2017.03.23-05.30.26:812][268]LogInit: XAudio2 using 'Speakers (Realtek High Definition Audio)' : 2 channels at 48 kHz using 32 bits per sample (channel mask 0x3)
[2017.03.23-05.30.26:821][268]LogInit: FAudioDevice initialized.
[2017.03.23-05.30.26:851][268]LogLoad: Game class is 'ThirdPersonGameMode_C'
[2017.03.23-05.30.26:853][268]LogWorld: Bringing World /Game/ThirdPersonBP/Maps/UEDPIE_0_ThirdPersonExampleMap.ThirdPersonExampleMap up for play (max tick rate 0) at 2017.03.23-16.30.26
[2017.03.23-05.30.26:853][268]LogWorld: Bringing up level for play took: 0.001641
[2017.03.23-05.30.26:854][268]PIE: Info Play in editor start time for /Game/ThirdPersonBP/Maps/UEDPIE_0_ThirdPersonExampleMap 0.544
[2017.03.23-05.30.26:854][268]LogBlueprintUserMessages: Late PlayInEditor Detection: Level '/Game/ThirdPersonBP/Maps/ThirdPersonExampleMap.ThirdPersonExampleMap:PersistentLevel' has LevelScriptBlueprint '/Game/ThirdPersonBP/Maps/ThirdPersonExampleMap.ThirdPersonExampleMap:PersistentLevel.ThirdPersonExampleMap' with GeneratedClass '/Game/ThirdPersonBP/Maps/ThirdPersonExampleMap.ThirdPersonExampleMap_C' with ClassGeneratedBy '/Game/ThirdPersonBP/Maps/ThirdPersonExampleMap.ThirdPersonExampleMap:PersistentLevel.ThirdPersonExampleMap'
[2017.03.23-05.30.27:998][398]LogBlueprintUserMessages: Early EndPlayMap Detection: Level '/Game/ThirdPersonBP/Maps/ThirdPersonExampleMap.ThirdPersonExampleMap:PersistentLevel' has LevelScriptBlueprint '/Game/ThirdPersonBP/Maps/ThirdPersonExampleMap.ThirdPersonExampleMap:PersistentLevel.ThirdPersonExampleMap' with GeneratedClass '/Game/ThirdPersonBP/Maps/ThirdPersonExampleMap.ThirdPersonExampleMap_C' with ClassGeneratedBy '/Game/ThirdPersonBP/Maps/ThirdPersonExampleMap.ThirdPersonExampleMap:PersistentLevel.ThirdPersonExampleMap'
[2017.03.23-05.30.28:030][398]LogBlueprintUserMessages: Late EndPlayMap Detection: Level '/Game/ThirdPersonBP/Maps/ThirdPersonExampleMap.ThirdPersonExampleMap:PersistentLevel' has LevelScriptBlueprint '/Game/ThirdPersonBP/Maps/ThirdPersonExampleMap.ThirdPersonExampleMap:PersistentLevel.ThirdPersonExampleMap' with GeneratedClass '/Game/ThirdPersonBP/Maps/ThirdPersonExampleMap.ThirdPersonExampleMap_C' with ClassGeneratedBy '/Game/ThirdPersonBP/Maps/ThirdPersonExampleMap.ThirdPersonExampleMap:PersistentLevel.ThirdPersonExampleMap'
[2017.03.23-05.30.30:354][664]LogTemp: Repeting last play command: Selected Viewport
[2017.03.23-05.30.30:367][664]LogBlueprintUserMessages: Early PlayInEditor Detection: Level '/Game/ThirdPersonBP/Maps/ThirdPersonExampleMap.ThirdPersonExampleMap:PersistentLevel' has LevelScriptBlueprint '/Game/ThirdPersonBP/Maps/ThirdPersonExampleMap.ThirdPersonExampleMap:PersistentLevel.ThirdPersonExampleMap' with GeneratedClass '/Game/ThirdPersonBP/Maps/ThirdPersonExampleMap.ThirdPersonExampleMap_C' with ClassGeneratedBy '/Game/ThirdPersonBP/Maps/ThirdPersonExampleMap.ThirdPersonExampleMap:PersistentLevel.ThirdPersonExampleMap'
[2017.03.23-05.30.30:367][664]LogPlayLevel: PlayLevel: No blueprints needed recompiling
[2017.03.23-05.30.30:367][664]PIE: New page: PIE session: ThirdPersonExampleMap (Mar 24, 2017, 3:30:30 AM)
[2017.03.23-05.30.30:367][664]LogPlayLevel: Creating play world package: /Game/ThirdPersonBP/Maps/UEDPIE_0_ThirdPersonExampleMap
[2017.03.23-05.30.30:382][664]LogPlayLevel: PIE: StaticDuplicateObject took: (0.014972s)
[2017.03.23-05.30.30:382][664]LogAIModule: Creating AISystem for world ThirdPersonExampleMap
[2017.03.23-05.30.30:383][664]LogPlayLevel: PIE: World Init took: (0.000801s)
[2017.03.23-05.30.30:383][664]LogPlayLevel: PIE: Created PIE world by copying editor world from /Game/ThirdPersonBP/Maps/ThirdPersonExampleMap.ThirdPersonExampleMap to /Game/ThirdPersonBP/Maps/UEDPIE_0_ThirdPersonExampleMap.ThirdPersonExampleMap (0.016085s)
[2017.03.23-05.30.30:404][664]LogInit: XAudio2 using 'Speakers (Realtek High Definition Audio)' : 2 channels at 48 kHz using 32 bits per sample (channel mask 0x3)
[2017.03.23-05.30.30:413][664]LogInit: FAudioDevice initialized.
[2017.03.23-05.30.30:445][664]LogLoad: Game class is 'ThirdPersonGameMode_C'
[2017.03.23-05.30.30:448][664]LogWorld: Bringing World /Game/ThirdPersonBP/Maps/UEDPIE_0_ThirdPersonExampleMap.ThirdPersonExampleMap up for play (max tick rate 0) at 2017.03.23-16.30.30
[2017.03.23-05.30.30:448][664]LogWorld: Bringing up level for play took: 0.001839
[2017.03.23-05.30.30:449][664]PIE: Info Play in editor start time for /Game/ThirdPersonBP/Maps/UEDPIE_0_ThirdPersonExampleMap 0.139
[2017.03.23-05.30.30:449][664]LogBlueprintUserMessages: Late PlayInEditor Detection: Level '/Game/ThirdPersonBP/Maps/ThirdPersonExampleMap.ThirdPersonExampleMap:PersistentLevel' has LevelScriptBlueprint '/Game/ThirdPersonBP/Maps/ThirdPersonExampleMap.ThirdPersonExampleMap:PersistentLevel.ThirdPersonExampleMap' with GeneratedClass '/Game/ThirdPersonBP/Maps/ThirdPersonExampleMap.ThirdPersonExampleMap_C' with ClassGeneratedBy '/Game/ThirdPersonBP/Maps/ThirdPersonExampleMap.ThirdPersonExampleMap:PersistentLevel.ThirdPersonExampleMap'
[2017.03.23-05.30.52:648][319]LogBlueprintUserMessages: Early EndPlayMap Detection: Level '/Game/ThirdPersonBP/Maps/ThirdPersonExampleMap.ThirdPersonExampleMap:PersistentLevel' has LevelScriptBlueprint '/Game/ThirdPersonBP/Maps/ThirdPersonExampleMap.ThirdPersonExampleMap:PersistentLevel.ThirdPersonExampleMap' with GeneratedClass '/Game/ThirdPersonBP/Maps/ThirdPersonExampleMap.ThirdPersonExampleMap_C' with ClassGeneratedBy '/Game/ThirdPersonBP/Maps/ThirdPersonExampleMap.ThirdPersonExampleMap:PersistentLevel.ThirdPersonExampleMap'
[2017.03.23-05.30.52:681][319]LogBlueprintUserMessages: Late EndPlayMap Detection: Level '/Game/ThirdPersonBP/Maps/ThirdPersonExampleMap.ThirdPersonExampleMap:PersistentLevel' has LevelScriptBlueprint '/Game/ThirdPersonBP/Maps/ThirdPersonExampleMap.ThirdPersonExampleMap:PersistentLevel.ThirdPersonExampleMap' with GeneratedClass '/Game/ThirdPersonBP/Maps/ThirdPersonExampleMap.ThirdPersonExampleMap_C' with ClassGeneratedBy '/Game/ThirdPersonBP/Maps/ThirdPersonExampleMap.ThirdPersonExampleMap:PersistentLevel.ThirdPersonExampleMap'
[2017.03.23-05.30.54:835][492]LogContentBrowser: Native class hierarchy updated for 'BlueprintGraph' in 0.0008 seconds. Added 112 classes and 0 folders.
[2017.03.23-05.30.55:526][492]LogSlate: Took 0.000223 seconds to synchronously load lazily loaded font '../../../Engine/Content/Slate/Fonts/Roboto-Light.ttf' (159K)
[2017.03.23-05.30.55:558][492]LogSlate: Took 0.031258 seconds to synchronously load lazily loaded font '../../../Engine/Content/Editor/Slate/Fonts/Roboto-BoldCondensed.ttf' (158K)
[2017.03.23-05.31.16:684][646]BlueprintLog: New page: Compile MLNW_WidgetHUD
[2017.03.23-05.31.17:055][659]Cmd: OBJ SAVEPACKAGE PACKAGE="/Game/Nabil/MLNW_WidgetHUD" FILE="../../../../../../Users/Bill/Documents/MakeWarNotLove/MakeWarNotLove/Content/Nabil/MLNW_WidgetHUD.uasset" SILENT=true
[2017.03.23-05.31.17:078][659]LogSavePackage: Save=15.34ms
[2017.03.23-05.31.17:078][659]LogSavePackage: Moving '../../../../../../Users/Bill/Documents/MakeWarNotLove/MakeWarNotLove/Saved/MLNW_WidgetHUD72ABEDA247B40EAD4C94B281F30400DD.tmp' to '../../../../../../Users/Bill/Documents/MakeWarNotLove/MakeWarNotLove/Content/Nabil/MLNW_WidgetHUD.uasset'
[2017.03.23-05.31.17:081][659]LogSavePackage:Display: Finished SavePackage ../../../../../../Users/Bill/Documents/MakeWarNotLove/MakeWarNotLove/Content/Nabil/MLNW_WidgetHUD.uasset
[2017.03.23-05.31.18:884][829]LogTemp: Repeting last play command: Selected Viewport
[2017.03.23-05.31.18:903][829]LogBlueprintUserMessages: Early PlayInEditor Detection: Level '/Game/ThirdPersonBP/Maps/ThirdPersonExampleMap.ThirdPersonExampleMap:PersistentLevel' has LevelScriptBlueprint '/Game/ThirdPersonBP/Maps/ThirdPersonExampleMap.ThirdPersonExampleMap:PersistentLevel.ThirdPersonExampleMap' with GeneratedClass '/Game/ThirdPersonBP/Maps/ThirdPersonExampleMap.ThirdPersonExampleMap_C' with ClassGeneratedBy '/Game/ThirdPersonBP/Maps/ThirdPersonExampleMap.ThirdPersonExampleMap:PersistentLevel.ThirdPersonExampleMap'
[2017.03.23-05.31.18:903][829]LogPlayLevel: PlayLevel: No blueprints needed recompiling
[2017.03.23-05.31.18:903][829]PIE: New page: PIE session: ThirdPersonExampleMap (Mar 24, 2017, 3:31:18 AM)
[2017.03.23-05.31.18:903][829]LogPlayLevel: Creating play world package: /Game/ThirdPersonBP/Maps/UEDPIE_0_ThirdPersonExampleMap
[2017.03.23-05.31.18:922][829]LogPlayLevel: PIE: StaticDuplicateObject took: (0.018809s)
[2017.03.23-05.31.18:922][829]LogAIModule: Creating AISystem for world ThirdPersonExampleMap
[2017.03.23-05.31.18:923][829]LogPlayLevel: PIE: World Init took: (0.000926s)
[2017.03.23-05.31.18:923][829]LogPlayLevel: PIE: Created PIE world by copying editor world from /Game/ThirdPersonBP/Maps/ThirdPersonExampleMap.ThirdPersonExampleMap to /Game/ThirdPersonBP/Maps/UEDPIE_0_ThirdPersonExampleMap.ThirdPersonExampleMap (0.019985s)
[2017.03.23-05.31.18:943][829]LogInit: XAudio2 using 'Speakers (Realtek High Definition Audio)' : 2 channels at 48 kHz using 32 bits per sample (channel mask 0x3)
[2017.03.23-05.31.18:951][829]LogInit: FAudioDevice initialized.
[2017.03.23-05.31.18:985][829]LogLoad: Game class is 'ThirdPersonGameMode_C'
[2017.03.23-05.31.18:988][829]LogWorld: Bringing World /Game/ThirdPersonBP/Maps/UEDPIE_0_ThirdPersonExampleMap.ThirdPersonExampleMap up for play (max tick rate 0) at 2017.03.23-16.31.18
[2017.03.23-05.31.18:988][829]LogWorld: Bringing up level for play took: 0.001691
[2017.03.23-05.31.18:990][829]PIE: Info Play in editor start time for /Game/ThirdPersonBP/Maps/UEDPIE_0_ThirdPersonExampleMap 0.68
[2017.03.23-05.31.18:990][829]LogBlueprintUserMessages: Late PlayInEditor Detection: Level '/Game/ThirdPersonBP/Maps/ThirdPersonExampleMap.ThirdPersonExampleMap:PersistentLevel' has LevelScriptBlueprint '/Game/ThirdPersonBP/Maps/ThirdPersonExampleMap.ThirdPersonExampleMap:PersistentLevel.ThirdPersonExampleMap' with GeneratedClass '/Game/ThirdPersonBP/Maps/ThirdPersonExampleMap.ThirdPersonExampleMap_C' with ClassGeneratedBy '/Game/ThirdPersonBP/Maps/ThirdPersonExampleMap.ThirdPersonExampleMap:PersistentLevel.ThirdPersonExampleMap'
[2017.03.23-05.31.29:586][ 93]LogBlueprintUserMessages: Early EndPlayMap Detection: Level '/Game/ThirdPersonBP/Maps/ThirdPersonExampleMap.ThirdPersonExampleMap:PersistentLevel' has LevelScriptBlueprint '/Game/ThirdPersonBP/Maps/ThirdPersonExampleMap.ThirdPersonExampleMap:PersistentLevel.ThirdPersonExampleMap' with GeneratedClass '/Game/ThirdPersonBP/Maps/ThirdPersonExampleMap.ThirdPersonExampleMap_C' with ClassGeneratedBy '/Game/ThirdPersonBP/Maps/ThirdPersonExampleMap.ThirdPersonExampleMap:PersistentLevel.ThirdPersonExampleMap'
[2017.03.23-05.31.29:617][ 93]LogBlueprintUserMessages: Late EndPlayMap Detection: Level '/Game/ThirdPersonBP/Maps/ThirdPersonExampleMap.ThirdPersonExampleMap:PersistentLevel' has LevelScriptBlueprint '/Game/ThirdPersonBP/Maps/ThirdPersonExampleMap.ThirdPersonExampleMap:PersistentLevel.ThirdPersonExampleMap' with GeneratedClass '/Game/ThirdPersonBP/Maps/ThirdPersonExampleMap.ThirdPersonExampleMap_C' with ClassGeneratedBy '/Game/ThirdPersonBP/Maps/ThirdPersonExampleMap.ThirdPersonExampleMap:PersistentLevel.ThirdPersonExampleMap'
[2017.03.23-05.31.32:606][229]LogSavePackage: Save=10.27ms
[2017.03.23-05.31.32:606][229]LogSavePackage: Moving '../../../../../../Users/Bill/Documents/MakeWarNotLove/MakeWarNotLove/Saved/ThirdPersonGameMode20559D4B444130417111019DCF7B10DA.tmp' to '../../../../../../Users/Bill/Documents/MakeWarNotLove/MakeWarNotLove/Content/ThirdPersonBP/Blueprints/ThirdPersonGameMode.uasset'
[2017.03.23-05.31.32:609][229]LogSavePackage:Display: Finished SavePackage ../../../../../../Users/Bill/Documents/MakeWarNotLove/MakeWarNotLove/Content/ThirdPersonBP/Blueprints/ThirdPersonGameMode.uasset
[2017.03.23-05.31.32:674][229]LogWindowsTextInputMethodSystem:Display: IME system now deactivated.
[2017.03.23-05.31.32:848][230]Cmd: QUIT_EDITOR
[2017.03.23-05.31.33:867][230]LogExit: Preparing to exit.
[2017.03.23-05.31.34:826][230]LogDirectoryWatcher: A directory notification for 'C:/Users/Bill/Documents/MakeWarNotLove/MakeWarNotLove/Content/' was aborted.
[2017.03.23-05.31.34:860][230]LogExit: Editor shut down
[2017.03.23-05.31.34:861][230]LogExit: Transaction tracking system shut down
[2017.03.23-05.31.34:930][230]LogObj: Freed 0b from 0 cluster array pools.
[2017.03.23-05.31.34:930][230]LogExit: Object subsystem successfully closed.
[2017.03.23-05.31.34:952][230]LogD3D11RHI: Shutdown
[2017.03.23-05.31.34:952][230]LogD3D11RHI: CleanupD3DDevice
[2017.03.23-05.31.35:057][230]LogD3D11RHI: ~FD3D11DynamicRHI
[2017.03.23-05.31.35:069][230]LogModuleManager: Shutting down and abandoning module SequencerWidgets (506)
[2017.03.23-05.31.35:069][230]LogModuleManager: Shutting down and abandoning module BlueprintGraph (504)
[2017.03.23-05.31.35:069][230]LogModuleManager: Shutting down and abandoning module BlueprintProfiler (502)
[2017.03.23-05.31.35:069][230]LogModuleManager: Shutting down and abandoning module MovieSceneCapture (500)
[2017.03.23-05.31.35:069][230]LogModuleManager: Shutting down and abandoning module HierarchicalLODOutliner (498)
[2017.03.23-05.31.35:069][230]LogModuleManager: Shutting down and abandoning module CrashTracker (496)
[2017.03.23-05.31.35:069][230]LogModuleManager: Shutting down and abandoning module AddContentDialog (494)
[2017.03.23-05.31.35:069][230]LogDirectoryWatcher: A directory notification for 'C:/Program Files/Epic Games/UE_4.15/FeaturePacks/' was aborted.
[2017.03.23-05.31.35:072][230]LogModuleManager: Shutting down and abandoning module WidgetCarousel (493)
[2017.03.23-05.31.35:072][230]LogModuleManager: Shutting down and abandoning module EditorWidgets (490)
[2017.03.23-05.31.35:072][230]LogModuleManager: Shutting down and abandoning module CollectionManager (488)
[2017.03.23-05.31.35:072][230]LogDirectoryWatcher: A directory notification for 'C:/Users/Bill/Documents/MakeWarNotLove/MakeWarNotLove/Content/Collections/' was aborted.
[2017.03.23-05.31.35:072][230]LogDirectoryWatcher: A directory notification for 'C:/Users/Bill/Documents/MakeWarNotLove/MakeWarNotLove/Content/Developers/Bill/Collections/' was aborted.
[2017.03.23-05.31.35:072][230]LogDirectoryWatcher: A directory notification for 'C:/Users/Bill/Documents/MakeWarNotLove/MakeWarNotLove/Saved/Collections/' was aborted.
[2017.03.23-05.31.35:073][230]LogModuleManager: Shutting down and abandoning module SceneOutliner (486)
[2017.03.23-05.31.35:073][230]LogModuleManager: Shutting down and abandoning module StatsViewer (484)
[2017.03.23-05.31.35:073][230]LogModuleManager: Shutting down and abandoning module FoliageEdit (482)
[2017.03.23-05.31.35:073][230]LogModuleManager: Shutting down and abandoning module LandscapeEditor (480)
[2017.03.23-05.31.35:073][230]LogModuleManager: Shutting down and abandoning module SceneDepthPickerMode (478)
[2017.03.23-05.31.35:073][230]LogModuleManager: Shutting down and abandoning module ActorPickerMode (476)
[2017.03.23-05.31.35:073][230]LogModuleManager: Shutting down and abandoning module GeometryMode (474)
[2017.03.23-05.31.35:073][230]LogModuleManager: Shutting down and abandoning module TextureAlignMode (472)
[2017.03.23-05.31.35:073][230]LogModuleManager: Shutting down and abandoning module BspMode (470)
[2017.03.23-05.31.35:073][230]LogModuleManager: Shutting down and abandoning module HardwareSurvey (468)
[2017.03.23-05.31.35:073][230]LogModuleManager: Shutting down and abandoning module SequenceRecorderSections (466)
[2017.03.23-05.31.35:073][230]LogModuleManager: Shutting down and abandoning module AutomationWorker (464)
[2017.03.23-05.31.35:073][230]LogModuleManager: Shutting down and abandoning module MatineeToLevelSequence (462)
[2017.03.23-05.31.35:073][230]LogModuleManager: Shutting down and abandoning module LevelSequenceEditor (460)
[2017.03.23-05.31.35:073][230]LogModuleManager: Shutting down and abandoning module PlacementMode (459)
[2017.03.23-05.31.35:073][230]LogModuleManager: Shutting down and abandoning module WmfMediaFactory (456)
[2017.03.23-05.31.35:073][230]LogModuleManager: Shutting down and abandoning module WmfMediaEditor (454)
[2017.03.23-05.31.35:073][230]LogModuleManager: Shutting down and abandoning module MfMediaFactory (452)
[2017.03.23-05.31.35:073][230]LogModuleManager: Shutting down and abandoning module MfMediaEditor (450)
[2017.03.23-05.31.35:073][230]LogModuleManager: Shutting down and abandoning module AvfMediaFactory (448)
[2017.03.23-05.31.35:073][230]LogModuleManager: Shutting down and abandoning module AvfMediaEditor (446)
[2017.03.23-05.31.35:073][230]LogModuleManager: Shutting down and abandoning module AndroidMediaFactory (444)
[2017.03.23-05.31.35:073][230]LogModuleManager: Shutting down and abandoning module Media (443)
[2017.03.23-05.31.35:073][230]LogModuleManager: Shutting down and abandoning module AndroidMediaEditor (440)
[2017.03.23-05.31.35:073][230]LogModuleManager: Shutting down and abandoning module CharacterAI (438)
[2017.03.23-05.31.35:073][230]LogModuleManager: Shutting down and abandoning module AudioCapture (436)
[2017.03.23-05.31.35:073][230]LogModuleManager: Shutting down and abandoning module SequenceRecorder (435)
[2017.03.23-05.31.35:073][230]LogModuleManager: Shutting down and abandoning module SmartSnapping (432)
[2017.03.23-05.31.35:073][230]LogModuleManager: Shutting down and abandoning module SessionServices (430)
[2017.03.23-05.31.35:073][230]LogModuleManager: Shutting down and abandoning module ViewportSnapping (428)
[2017.03.23-05.31.35:073][230]LogModuleManager: Shutting down and abandoning module ViewportInteraction (426)
[2017.03.23-05.31.35:073][230]LogModuleManager: Shutting down and abandoning module LogVisualizer (424)
[2017.03.23-05.31.35:073][230]LogModuleManager: Shutting down and abandoning module IntroTutorials (422)
[2017.03.23-05.31.35:073][230]LogModuleManager: Shutting down and abandoning module GameProjectGeneration (421)
[2017.03.23-05.31.35:073][230]LogModuleManager: Shutting down and abandoning module EditorLiveStreaming (418)
[2017.03.23-05.31.35:073][230]LogModuleManager: Shutting down and abandoning module IOSPlatformEditor (416)
[2017.03.23-05.31.35:073][230]LogModuleManager: Shutting down and abandoning module HTML5PlatformEditor (414)
[2017.03.23-05.31.35:073][230]LogModuleManager: Shutting down and abandoning module AndroidPlatformEditor (412)
[2017.03.23-05.31.35:073][230]LogModuleManager: Shutting down and abandoning module AndroidDeviceDetection (411)
[2017.03.23-05.31.35:216][230]LogModuleManager: Shutting down and abandoning module IOSRuntimeSettings (408)
[2017.03.23-05.31.35:216][230]LogModuleManager: Shutting down and abandoning module AndroidRuntimeSettings (406)
[2017.03.23-05.31.35:216][230]LogModuleManager: Shutting down and abandoning module InputBindingEditor (404)
[2017.03.23-05.31.35:216][230]LogModuleManager: Shutting down and abandoning module NiagaraEditor (402)
[2017.03.23-05.31.35:216][230]LogModuleManager: Shutting down and abandoning module MergeActors (400)
[2017.03.23-05.31.35:216][230]LogModuleManager: Shutting down and abandoning module SizeMap (398)
[2017.03.23-05.31.35:216][230]LogModuleManager: Shutting down and abandoning module TreeMap (396)
[2017.03.23-05.31.35:216][230]LogModuleManager: Shutting down and abandoning module ReferenceViewer (394)
[2017.03.23-05.31.35:216][230]LogModuleManager: Shutting down and abandoning module LocalizationDashboard (392)
[2017.03.23-05.31.35:216][230]LogModuleManager: Shutting down and abandoning module LocalizationService (391)
[2017.03.23-05.31.35:216][230]LogModuleManager: Shutting down and abandoning module HardwareTargeting (388)
[2017.03.23-05.31.35:216][230]LogModuleManager: Shutting down and abandoning module DeviceProfileEditor (386)
[2017.03.23-05.31.35:216][230]LogModuleManager: Shutting down and abandoning module UndoHistory (384)
[2017.03.23-05.31.35:216][230]LogModuleManager: Shutting down and abandoning module UserFeedback (382)
[2017.03.23-05.31.35:216][230]LogModuleManager: Shutting down and abandoning module XmlParser (380)
[2017.03.23-05.31.35:216][230]LogModuleManager: Shutting down and abandoning module Blutility (378)
[2017.03.23-05.31.35:216][230]LogModuleManager: Shutting down and abandoning module ProjectSettingsViewer (376)
[2017.03.23-05.31.35:216][230]LogModuleManager: Shutting down and abandoning module ProjectTargetPlatformEditor (375)
[2017.03.23-05.31.35:217][230]LogModuleManager: Shutting down and abandoning module EditorSettingsViewer (372)
[2017.03.23-05.31.35:217][230]LogModuleManager: Shutting down and abandoning module SettingsEditor (370)
[2017.03.23-05.31.35:217][230]LogModuleManager: Shutting down and abandoning module ProjectLauncher (368)
[2017.03.23-05.31.35:217][230]LogModuleManager: Shutting down and abandoning module SessionFrontend (366)
[2017.03.23-05.31.35:217][230]LogModuleManager: Shutting down and abandoning module ProfilerClient (364)
[2017.03.23-05.31.35:217][230]LogModuleManager: Shutting down and abandoning module DeviceManager (362)
[2017.03.23-05.31.35:217][230]LogModuleManager: Shutting down and abandoning module TargetDeviceServices (361)
[2017.03.23-05.31.35:261][230]LogModuleManager: Shutting down and abandoning module AutomationController (358)
[2017.03.23-05.31.35:261][230]LogModuleManager: Shutting down and abandoning module AutomationWindow (356)
[2017.03.23-05.31.35:261][230]LogModuleManager: Shutting down and abandoning module Layers (354)
[2017.03.23-05.31.35:261][230]LogModuleManager: Shutting down and abandoning module ComponentVisualizers (352)
[2017.03.23-05.31.35:261][230]LogModuleManager: Shutting down and abandoning module DetailCustomizations (350)
[2017.03.23-05.31.35:261][230]LogModuleManager: Shutting down and abandoning module PackagesDialog (348)
[2017.03.23-05.31.35:261][230]LogModuleManager: Shutting down and abandoning module Persona (346)
[2017.03.23-05.31.35:262][230]LogModuleManager: Shutting down and abandoning module AnimGraph (345)
[2017.03.23-05.31.35:262][230]LogModuleManager: Shutting down and abandoning module Kismet (342)
[2017.03.23-05.31.35:278][230]LogModuleManager: Shutting down and abandoning module GraphEditor (340)
[2017.03.23-05.31.35:278][230]LogModuleManager: Shutting down and abandoning module ClassViewer (338)
[2017.03.23-05.31.35:281][230]LogModuleManager: Shutting down and abandoning module Toolbox (336)
[2017.03.23-05.31.35:281][230]LogModuleManager: Shutting down and abandoning module ModuleUI (334)
[2017.03.23-05.31.35:281][230]LogModuleManager: Shutting down and abandoning module MovieSceneTools (332)
[2017.03.23-05.31.35:281][230]LogModuleManager: Shutting down and abandoning module OutputLog (330)
[2017.03.23-05.31.35:281][230]LogModuleManager: Shutting down and abandoning module GammaUI (328)
[2017.03.23-05.31.35:281][230]LogModuleManager: Shutting down and abandoning module Documentation (326)
[2017.03.23-05.31.35:281][230]LogModuleManager: Shutting down and abandoning module Niagara (324)
[2017.03.23-05.31.35:281][230]LogModuleManager: Shutting down and abandoning module StreamingPauseRendering (322)
[2017.03.23-05.31.35:281][230]LogModuleManager: Shutting down and abandoning module AnalyticsET (320)
[2017.03.23-05.31.35:281][230]LogModuleManager: Shutting down and abandoning module PortalServices (318)
[2017.03.23-05.31.35:281][230]LogModuleManager: Shutting down and abandoning module PortalRpc (316)
[2017.03.23-05.31.35:281][230]LogModuleManager: Shutting down and abandoning module MessagingRpc (314)
[2017.03.23-05.31.35:281][230]LogModuleManager: Shutting down and abandoning module AIModule (312)
[2017.03.23-05.31.35:282][230]LogModuleManager: Shutting down and abandoning module GameplayDebugger (311)
[2017.03.23-05.31.35:282][230]LogModuleManager: Shutting down and abandoning module AITestSuite (309)
[2017.03.23-05.31.35:282][230]LogModuleManager: Shutting down and abandoning module ProfilerService (306)
[2017.03.23-05.31.35:364][230]LogModuleManager: Shutting down and abandoning module TaskGraph (304)
[2017.03.23-05.31.35:364][230]LogModuleManager: Shutting down and abandoning module SteamVRController (302)
[2017.03.23-05.31.35:364][230]LogModuleManager: Shutting down and abandoning module SteamVR (300)
[2017.03.23-05.31.35:364][230]LogModuleManager: Shutting down and abandoning module ProceduralMeshComponentEditor (298)
[2017.03.23-05.31.35:364][230]LogModuleManager: Shutting down and abandoning module ProceduralMeshComponent (296)
[2017.03.23-05.31.35:364][230]LogModuleManager: Shutting down and abandoning module OculusLibrary (294)
[2017.03.23-05.31.35:364][230]LogModuleManager: Shutting down and abandoning module OculusInput (292)
[2017.03.23-05.31.35:364][230]LogModuleManager: Shutting down and abandoning module MobilePatchingUtils (290)
[2017.03.23-05.31.35:364][230]LogModuleManager: Shutting down and abandoning module CustomMeshComponent (288)
[2017.03.23-05.31.35:364][230]LogModuleManager: Shutting down and abandoning module CableComponent (286)
[2017.03.23-05.31.35:364][230]LogModuleManager: Shutting down and abandoning module ArchVisCharacter (284)
[2017.03.23-05.31.35:364][230]LogModuleManager: Shutting down and abandoning module MediaPlayerEditor (280)
[2017.03.23-05.31.35:364][230]LogModuleManager: Shutting down and abandoning module HTML5Networking (278)
[2017.03.23-05.31.35:364][230]LogModuleManager: Shutting down and abandoning module AlembicImporter (276)
[2017.03.23-05.31.35:364][230]LogModuleManager: Shutting down and abandoning module AlembicLibrary (275)
[2017.03.23-05.31.35:364][230]LogModuleManager: Shutting down and abandoning module GeometryCache (274)
[2017.03.23-05.31.35:364][230]LogModuleManager: Shutting down and abandoning module GeometryCacheEd (273)
[2017.03.23-05.31.35:364][230]LogModuleManager: Shutting down and abandoning module SuperSearchEditor (268)
[2017.03.23-05.31.35:364][230]LogModuleManager: Shutting down and abandoning module SuperSearch (267)
[2017.03.23-05.31.35:364][230]LogModuleManager: Shutting down and abandoning module SpeedTreeImporter (264)
[2017.03.23-05.31.35:364][230]LogModuleManager: Shutting down and abandoning module PluginBrowser (262)
[2017.03.23-05.31.35:365][230]LogModuleManager: Shutting down and abandoning module MobileLauncherProfileWizard (260)
[2017.03.23-05.31.35:365][230]LogModuleManager: Shutting down and abandoning module EpicSurvey (258)
[2017.03.23-05.31.35:365][230]LogModuleManager: Shutting down and abandoning module VisualStudioSourceCodeAccess (256)
[2017.03.23-05.31.35:365][230]LogModuleManager: Shutting down and abandoning module DesktopPlatform (255)
[2017.03.23-05.31.35:365][230]LogModuleManager: Shutting down and abandoning module UObjectPlugin (252)
[2017.03.23-05.31.35:365][230]LogModuleManager: Shutting down and abandoning module SubversionSourceControl (250)
[2017.03.23-05.31.35:365][230]LogModuleManager: Shutting down and abandoning module PerforceSourceControl (248)
[2017.03.23-05.31.35:365][230]LogModuleManager: Shutting down and abandoning module GitSourceControl (246)
[2017.03.23-05.31.35:365][230]LogModuleManager: Shutting down and abandoning module SourceControl (245)
[2017.03.23-05.31.35:365][230]LogModuleManager: Shutting down and abandoning module LightPropagationVolumeEditor (242)
[2017.03.23-05.31.35:365][230]LogModuleManager: Shutting down and abandoning module PaperTiledImporter (240)
[2017.03.23-05.31.35:365][230]LogModuleManager: Shutting down and abandoning module PaperSpriteSheetImporter (238)
[2017.03.23-05.31.35:365][230]LogModuleManager: Shutting down and abandoning module Paper2DEditor (236)
[2017.03.23-05.31.35:365][230]LogModuleManager: Shutting down and abandoning module MeshPaint (235)
[2017.03.23-05.31.35:365][230]LogModuleManager: Shutting down and abandoning module LevelEditor (233)
[2017.03.23-05.31.35:367][230]LogModuleManager: Shutting down and abandoning module PixelInspectorModule (232)
[2017.03.23-05.31.35:367][230]LogModuleManager: Shutting down and abandoning module MainFrame (230)
[2017.03.23-05.31.35:368][230]LogModuleManager: Shutting down and abandoning module HotReload (229)
[2017.03.23-05.31.35:369][230]LogModuleManager: Shutting down and abandoning module ContentBrowser (225)
[2017.03.23-05.31.35:372][230]LogModuleManager: Shutting down and abandoning module PhysXVehiclesEditor (222)
[2017.03.23-05.31.35:372][230]LogModuleManager: Shutting down and abandoning module PhysXVehicles (220)
[2017.03.23-05.31.35:372][230]LogModuleManager: Shutting down and abandoning module LocationServicesBPLibrary (218)
[2017.03.23-05.31.35:372][230]LogModuleManager: Shutting down and abandoning module UdpMessaging (216)
[2017.03.23-05.31.35:473][230]LogModuleManager: Shutting down and abandoning module TcpMessaging (214)
[2017.03.23-05.31.35:728][230]LogModuleManager: Shutting down and abandoning module GameplayTagsEditor (212)
[2017.03.23-05.31.35:728][230]LogModuleManager: Shutting down and abandoning module FacialAnimationEditor (210)
[2017.03.23-05.31.35:728][230]LogModuleManager: Shutting down and abandoning module FacialAnimation (208)
[2017.03.23-05.31.35:728][230]LogModuleManager: Shutting down and abandoning module LightPropagationVolumeRuntime (206)
[2017.03.23-05.31.35:728][230]LogModuleManager: Shutting down and abandoning module Paper2D (204)
[2017.03.23-05.31.35:728][230]LogModuleManager: Shutting down and abandoning module WindowsMoviePlayer (202)
[2017.03.23-05.31.35:728][230]LogModuleManager: Shutting down and abandoning module WmfMedia (200)
[2017.03.23-05.31.35:728][230]LogModuleManager: Shutting down and abandoning module MfMedia (198)
[2017.03.23-05.31.35:728][230]LogModuleManager: Shutting down and abandoning module MediaAssets (196)
[2017.03.23-05.31.35:728][230]LogModuleManager: Shutting down and abandoning module GameLiveStreaming (194)
[2017.03.23-05.31.35:729][230]LogModuleManager: Shutting down and abandoning module VREditor (192)
[2017.03.23-05.31.35:729][230]LogModuleManager: Shutting down and abandoning module GameplayTasksEditor (190)
[2017.03.23-05.31.35:729][230]LogModuleManager: Shutting down and abandoning module BehaviorTreeEditor (188)
[2017.03.23-05.31.35:729][230]LogModuleManager: Shutting down and abandoning module FunctionalTesting (186)
[2017.03.23-05.31.35:729][230]LogModuleManager: Shutting down and abandoning module CollisionAnalyzer (184)
[2017.03.23-05.31.35:729][230]LogModuleManager: Shutting down and abandoning module UMG (182)
[2017.03.23-05.31.35:729][230]LogModuleManager: Shutting down and abandoning module UMGEditor (181)
[2017.03.23-05.31.35:729][230]LogModuleManager: Shutting down and abandoning module Sequencer (180)
[2017.03.23-05.31.35:729][230]LogModuleManager: Shutting down and abandoning module AssetTools (178)
[2017.03.23-05.31.35:729][230]LogModuleManager: Shutting down and abandoning module MessageLog (177)
[2017.03.23-05.31.35:729][230]LogModuleManager: Shutting down and abandoning module WorkspaceMenuStructure (176)
[2017.03.23-05.31.35:729][230]LogModuleManager: Shutting down and abandoning module SlateReflector (170)
[2017.03.23-05.31.35:730][230]LogModuleManager: Shutting down and abandoning module Slate (168)
[2017.03.23-05.31.35:730][230]LogModuleManager: Shutting down and abandoning module EditorStyle (166)
[2017.03.23-05.31.35:737][230]LogModuleManager: Shutting down and abandoning module SourceCodeAccess (164)
[2017.03.23-05.31.35:737][230]LogModuleManager: Shutting down and abandoning module HeadMountedDisplay (162)
[2017.03.23-05.31.35:738][230]LogModuleManager: Shutting down and abandoning module XAudio2 (160)
[2017.03.23-05.31.35:738][230]LogModuleManager: Shutting down and abandoning module Networking (158)
[2017.03.23-05.31.35:738][230]LogModuleManager: Shutting down and abandoning module Core (154)
[2017.03.23-05.31.35:738][230]LogModuleManager: Shutting down and abandoning module AssetRegistry (152)
[2017.03.23-05.31.35:918][230]LogDirectoryWatcher: A directory notification for '../../../Engine/Content/' was aborted.
[2017.03.23-05.31.35:918][230]LogDirectoryWatcher: A directory notification for '../../../../../../Users/Bill/Documents/MakeWarNotLove/MakeWarNotLove/Content/' was aborted.
[2017.03.23-05.31.35:918][230]LogDirectoryWatcher: A directory notification for '../../../Engine/Plugins/2D/Paper2D/Content/' was aborted.
[2017.03.23-05.31.35:918][230]LogModuleManager: Shutting down and abandoning module DirectoryWatcher (151)
[2017.03.23-05.31.35:919][230]LogModuleManager: Shutting down and abandoning module KismetCompiler (148)
[2017.03.23-05.31.35:919][230]LogModuleManager: Shutting down and abandoning module PhysXFormats (146)
[2017.03.23-05.31.35:919][230]LogModuleManager: Shutting down and abandoning module MeshUtilities (144)
[2017.03.23-05.31.35:920][230]LogModuleManager: Shutting down and abandoning module SimplygonSwarm (143)
[2017.03.23-05.31.35:920][230]LogModuleManager: Shutting down and abandoning module SimplygonMeshReduction (141)
[2017.03.23-05.31.35:920][230]LogModuleManager: Shutting down and abandoning module QuadricMeshReduction (139)
[2017.03.23-05.31.35:920][230]LogModuleManager: Shutting down and abandoning module PropertyEditor (137)
[2017.03.23-05.31.35:920][230]LogModuleManager: Shutting down and abandoning module DerivedDataCache (134)
[2017.03.23-05.31.35:935][230]LogDerivedDataCache: Shutdown
[2017.03.23-05.31.35:935][230]LogModuleManager: Shutting down and abandoning module TargetPlatform (132)
[2017.03.23-05.31.35:935][230]LogModuleManager: Shutting down and abandoning module VulkanShaderFormat (131)
[2017.03.23-05.31.35:935][230]LogModuleManager: Shutting down and abandoning module ShaderFormatOpenGL (129)
[2017.03.23-05.31.35:935][230]LogModuleManager: Shutting down and abandoning module ShaderFormatD3D (127)
[2017.03.23-05.31.35:935][230]LogModuleManager: Shutting down and abandoning module MetalShaderFormat (125)
[2017.03.23-05.31.35:935][230]LogModuleManager: Shutting down and abandoning module TextureFormatUncompressed (123)
[2017.03.23-05.31.35:935][230]LogModuleManager: Shutting down and abandoning module TextureFormatPVR (121)
[2017.03.23-05.31.35:935][230]LogModuleManager: Shutting down and abandoning module TextureFormatDXT (119)
[2017.03.23-05.31.35:935][230]LogModuleManager: Shutting down and abandoning module TextureFormatIntelISPCTexComp (117)
[2017.03.23-05.31.35:935][230]LogModuleManager: Shutting down and abandoning module TextureFormatASTC (115)
[2017.03.23-05.31.35:935][230]LogModuleManager: Shutting down and abandoning module ImageWrapper (114)
[2017.03.23-05.31.35:935][230]LogModuleManager: Shutting down and abandoning module TextureFormatAndroid (111)
[2017.03.23-05.31.35:935][230]LogModuleManager: Shutting down and abandoning module AudioFormatOpus (109)
[2017.03.23-05.31.35:935][230]LogModuleManager: Shutting down and abandoning module AudioFormatOgg (107)
[2017.03.23-05.31.35:935][230]LogModuleManager: Shutting down and abandoning module AudioFormatADPCM (105)
[2017.03.23-05.31.35:935][230]LogModuleManager: Shutting down and abandoning module LinuxTargetPlatform (103)
[2017.03.23-05.31.35:935][230]LogModuleManager: Shutting down and abandoning module LinuxServerTargetPlatform (101)
[2017.03.23-05.31.35:935][230]LogModuleManager: Shutting down and abandoning module LinuxNoEditorTargetPlatform (99)
[2017.03.23-05.31.35:935][230]LogModuleManager: Shutting down and abandoning module LinuxClientTargetPlatform (97)
[2017.03.23-05.31.35:935][230]LogModuleManager: Shutting down and abandoning module TVOSTargetPlatform (95)
[2017.03.23-05.31.35:935][230]LogModuleManager: Shutting down and abandoning module Messaging (93)
[2017.03.23-05.31.35:935][230]LogModuleManager: Shutting down and abandoning module IOSTargetPlatform (91)
[2017.03.23-05.31.35:935][230]LogModuleManager: Shutting down and abandoning module HTML5TargetPlatform (89)
[2017.03.23-05.31.35:935][230]LogModuleManager: Shutting down and abandoning module Android_PVRTCTargetPlatform (87)
[2017.03.23-05.31.35:935][230]LogModuleManager: Shutting down and abandoning module Android_MultiTargetPlatform (85)
[2017.03.23-05.31.35:935][230]LogModuleManager: Shutting down and abandoning module Android_ETC2TargetPlatform (83)
[2017.03.23-05.31.35:935][230]LogModuleManager: Shutting down and abandoning module Android_ETC1TargetPlatform (81)
[2017.03.23-05.31.35:935][230]LogModuleManager: Shutting down and abandoning module Android_DXTTargetPlatform (79)
[2017.03.23-05.31.35:935][230]LogModuleManager: Shutting down and abandoning module Android_ATCTargetPlatform (77)
[2017.03.23-05.31.35:935][230]LogModuleManager: Shutting down and abandoning module Android_ASTCTargetPlatform (75)
[2017.03.23-05.31.35:935][230]LogModuleManager: Shutting down and abandoning module AndroidTargetPlatform (73)
[2017.03.23-05.31.35:935][230]LogModuleManager: Shutting down and abandoning module WindowsTargetPlatform (71)
[2017.03.23-05.31.35:935][230]LogModuleManager: Shutting down and abandoning module WindowsServerTargetPlatform (69)
[2017.03.23-05.31.35:935][230]LogModuleManager: Shutting down and abandoning module WindowsNoEditorTargetPlatform (67)
[2017.03.23-05.31.35:935][230]LogModuleManager: Shutting down and abandoning module WindowsClientTargetPlatform (65)
[2017.03.23-05.31.35:935][230]LogModuleManager: Shutting down and abandoning module MacTargetPlatform (63)
[2017.03.23-05.31.35:935][230]LogModuleManager: Shutting down and abandoning module MacServerTargetPlatform (61)
[2017.03.23-05.31.35:935][230]LogModuleManager: Shutting down and abandoning module MacNoEditorTargetPlatform (59)
[2017.03.23-05.31.35:935][230]LogModuleManager: Shutting down and abandoning module MacClientTargetPlatform (57)
[2017.03.23-05.31.35:935][230]LogModuleManager: Shutting down and abandoning module AllDesktopTargetPlatform (55)
[2017.03.23-05.31.35:935][230]LogModuleManager: Shutting down and abandoning module InputCore (52)
[2017.03.23-05.31.35:935][230]LogModuleManager: Shutting down and abandoning module Settings (50)
[2017.03.23-05.31.35:935][230]LogModuleManager: Shutting down and abandoning module OculusRift (48)
[2017.03.23-05.31.35:935][230]LogModuleManager: Shutting down and abandoning module GearVR (46)
[2017.03.23-05.31.35:936][230]LogModuleManager: Shutting down and abandoning module ExampleDeviceProfileSelector (44)
[2017.03.23-05.31.35:936][230]LogModuleManager: Shutting down and abandoning module OnlineBlueprintSupport (42)
[2017.03.23-05.31.35:936][230]LogModuleManager: Shutting down and abandoning module OnlineSubsystem (38)
[2017.03.23-05.31.35:936][230]LogOnline:Display: Unloading online subsystem: NULL
[2017.03.23-05.31.35:936][230]LogModuleManager: Shutting down and abandoning module XMPP (37)
[2017.03.23-05.31.35:936][230]LogModuleManager: Shutting down and abandoning module HTTP (35)
[2017.03.23-05.31.35:936][230]LogHttp:Display: Http module shutting down, but needs to wait on 1 outstanding Http requests:
[2017.03.23-05.31.35:936][230]LogHttp:Display: 	verb=[POST] url=[https://datarouter.ol.epicgames.com/datarouter/api/v1/public/data?SessionID=%7B5B6F615C-4028-92DE-FC8F-A094F8A4AACB%7D&AppID=UEEditor.Rocket.Release&AppVersion=4.15.1-3348071%2B%2B%2BUE4%2BRelease-4.15&UserID=faa1d9824ef862064067258dd56d8f28%7C481305e73ad443c5853684f63ca46743%7C0579ea38-b969-455d-8a3c-84f40a55b2fb&AppEnvironment=datacollector-binary&UploadType=eteventstream] status=Processing
[2017.03.23-05.31.35:969][230]LogModuleManager: Shutting down and abandoning module SSL (34)
[2017.03.23-05.31.35:970][230]LogModuleManager: Shutting down and abandoning module AudioEditor (30)
[2017.03.23-05.31.35:970][230]LogModuleManager: Shutting down and abandoning module TextureCompressor (28)
[2017.03.23-05.31.35:971][230]LogModuleManager: Shutting down and abandoning module ShaderCore (26)
[2017.03.23-05.31.35:971][230]LogModuleManager: Shutting down and abandoning module Landscape (24)
[2017.03.23-05.31.35:971][230]LogModuleManager: Shutting down and abandoning module SlateRHIRenderer (22)
[2017.03.23-05.31.35:972][230]LogModuleManager: Shutting down and abandoning module OpenGLDrv (20)
[2017.03.23-05.31.35:972][230]LogModuleManager: Shutting down and abandoning module D3D11RHI (18)
[2017.03.23-05.31.35:972][230]LogModuleManager: Shutting down and abandoning module AnimGraphRuntime (16)
[2017.03.23-05.31.35:972][230]LogModuleManager: Shutting down and abandoning module Renderer (14)
[2017.03.23-05.31.35:972][230]LogModuleManager: Shutting down and abandoning module Engine (12)
[2017.03.23-05.31.35:972][230]LogModuleManager: Shutting down and abandoning module CoreUObject (10)
[2017.03.23-05.31.35:972][230]LogModuleManager: Shutting down and abandoning module NetworkFile (8)
[2017.03.23-05.31.35:972][230]LogModuleManager: Shutting down and abandoning module StreamingFile (6)
[2017.03.23-05.31.35:972][230]LogModuleManager: Shutting down and abandoning module SandboxFile (4)
[2017.03.23-05.31.35:972][230]LogModuleManager: Shutting down and abandoning module PakFile (2)
[2017.03.23-05.31.35:975][230]LogExit: Exiting.
[2017.03.23-05.31.35:976][230]Log file closed, 03/23/17 16:31:35
